Tue 05 Nov 2024 09:02:59 INFO ██Server: 	cau-dslab
Tue 05 Nov 2024 09:02:59 INFO ██Dir: 	/home/chwchong/ImRec_cho

Tue 05 Nov 2024 09:02:59 INFO 
gpu_id=1
use_gpu=True
seed=[2020]
data_path=data/
preprocessed_data=preprocessed_data/
preprocessed_data_splitting=x_label
load_preprocessed=True
checkpoint_dir=saved
save_recommended_topk=True
recommend_topk=recommend_topk/
embedding_size=64
epochs=1000
train_batch_size=2048
learner=adam
learning_rate=0.001
training_neg_sample_num=1
use_neg_sampling=True
use_full_sampling=False
eval_step=1
stopping_step=50
min_user_inter_num=5
min_item_inter_num=5
max_user_inter_num=None
max_item_inter_num=None
USER_ID_FIELD=user
ITEM_ID_FIELD=item
TIME_FIELD=timestamp
load_cols=['user', 'item', 'timestamp']
field_separator=,
NEG_PREFIX=neg__
split_ratio=[0.8, 0.1, 0.1]
metrics=['Recall', 'NDCG', 'Precision']
topk=[10, 20, 40]
valid_metric=Recall@20
eval_batch_size=4096
hyper_parameters=['regs']
embedding_dim=64
groups=2
layer_size=[64, 64, 64]
regs=[0.0001]
adj_type=pre
model=IMP_GCN
dataset=amazon-cd
model_type=ModelType.GENERAL
valid_metric_bigger=True
device=cuda


Tue 05 Nov 2024 09:02:59 INFO 
Data loaded from preprocessed dir: /home/chwchong/ImRec_cho/preprocessed_data

Tue 05 Nov 2024 09:02:59 INFO amazon-cd
The number of users: 43169
Average actions of users: 22.0152655840997
The number of items: 35648
Average actions of items: 26.660037028725313
The number of inters: 950377
The sparsity of the dataset: 99.93824263469452%
Tue 05 Nov 2024 09:02:59 INFO 
====Training====
amazon-cd
The number of users: 43169
Average actions of users: 14.00252496004077
The number of items: 35648
Average actions of items: 16.956771768402156
The number of inters: 604475
The sparsity of the dataset: 99.96072002648103%
Tue 05 Nov 2024 09:02:59 INFO 
====Validation====
amazon-cd
The number of users: 43169
Average actions of users: 4.006370312029466
The number of items: 33408
Average actions of items: 5.176933668582375
The number of inters: 172951
The sparsity of the dataset: 99.98800775170011%
Tue 05 Nov 2024 09:02:59 INFO 
====Testing====
amazon-cd
The number of users: 43169
Average actions of users: 4.006370312029466
The number of items: 33408
Average actions of items: 5.176933668582375
The number of inters: 172951
The sparsity of the dataset: 99.98800775170011%
Tue 05 Nov 2024 09:03:06 INFO 

=================================


Tue 05 Nov 2024 09:03:06 INFO =========1/1: Parameters:['seed', 'regs']=(2020, 0.0001)=======
Tue 05 Nov 2024 09:03:09 INFO IMP_GCN(
  (embedding_dict): ParameterDict(
      (item_emb): Parameter containing: [torch.cuda.FloatTensor of size 35648x64 (GPU 0)]
      (user_emb): Parameter containing: [torch.cuda.FloatTensor of size 43169x64 (GPU 0)]
  )
  (scoring_weight): Embedding(35648, 1)
)
Trainable parameters: 5088386
Tue 05 Nov 2024 09:05:21 INFO epoch 0 training [time: 131.20s, train loss: 96.3309]
Tue 05 Nov 2024 09:05:30 INFO epoch 0 evaluating [time: 4.52s, valid_score: 0.081500]
Tue 05 Nov 2024 09:05:30 INFO valid result: 
recall@10: 0.0520    recall@20: 0.0815    recall@40: 0.1227    ndcg@10: 0.0395    ndcg@20: 0.0491    ndcg@40: 0.0605    precision@10: 0.0182    precision@20: 0.0144    precision@40: 0.0109    
Tue 05 Nov 2024 09:05:30 INFO test result: 
recall@10: 0.0520    recall@20: 0.0815    recall@40: 0.1227    ndcg@10: 0.0395    ndcg@20: 0.0491    ndcg@40: 0.0605    precision@10: 0.0182    precision@20: 0.0144    precision@40: 0.0109    
Tue 05 Nov 2024 09:05:30 INFO ██Saving current best: saved/IMP_GCN-Nov-05-2024-09-03-10.pth
Tue 05 Nov 2024 09:07:42 INFO epoch 1 training [time: 131.79s, train loss: 54.9017]
Tue 05 Nov 2024 09:07:51 INFO epoch 1 evaluating [time: 4.40s, valid_score: 0.090400]
Tue 05 Nov 2024 09:07:51 INFO valid result: 
recall@10: 0.0586    recall@20: 0.0904    recall@40: 0.1364    ndcg@10: 0.0448    ndcg@20: 0.0550    ndcg@40: 0.0677    precision@10: 0.0206    precision@20: 0.0159    precision@40: 0.0121    
Tue 05 Nov 2024 09:07:51 INFO test result: 
recall@10: 0.0586    recall@20: 0.0904    recall@40: 0.1364    ndcg@10: 0.0448    ndcg@20: 0.0550    ndcg@40: 0.0677    precision@10: 0.0206    precision@20: 0.0159    precision@40: 0.0121    
Tue 05 Nov 2024 09:07:51 INFO ██Saving current best: saved/IMP_GCN-Nov-05-2024-09-03-10.pth
Tue 05 Nov 2024 09:10:03 INFO epoch 2 training [time: 132.63s, train loss: 42.5179]
Tue 05 Nov 2024 09:10:12 INFO epoch 2 evaluating [time: 4.43s, valid_score: 0.096700]
Tue 05 Nov 2024 09:10:12 INFO valid result: 
recall@10: 0.0623    recall@20: 0.0967    recall@40: 0.1438    ndcg@10: 0.0482    ndcg@20: 0.0592    ndcg@40: 0.0723    precision@10: 0.0217    precision@20: 0.0169    precision@40: 0.0128    
Tue 05 Nov 2024 09:10:12 INFO test result: 
recall@10: 0.0623    recall@20: 0.0967    recall@40: 0.1438    ndcg@10: 0.0482    ndcg@20: 0.0592    ndcg@40: 0.0723    precision@10: 0.0217    precision@20: 0.0169    precision@40: 0.0128    
Tue 05 Nov 2024 09:10:12 INFO ██Saving current best: saved/IMP_GCN-Nov-05-2024-09-03-10.pth
Tue 05 Nov 2024 09:12:26 INFO epoch 3 training [time: 133.53s, train loss: 35.3576]
Tue 05 Nov 2024 09:12:35 INFO epoch 3 evaluating [time: 4.41s, valid_score: 0.101300]
Tue 05 Nov 2024 09:12:35 INFO valid result: 
recall@10: 0.0664    recall@20: 0.1013    recall@40: 0.1504    ndcg@10: 0.0512    ndcg@20: 0.0624    ndcg@40: 0.0761    precision@10: 0.0230    precision@20: 0.0178    precision@40: 0.0135    
Tue 05 Nov 2024 09:12:35 INFO test result: 
recall@10: 0.0664    recall@20: 0.1013    recall@40: 0.1504    ndcg@10: 0.0512    ndcg@20: 0.0624    ndcg@40: 0.0761    precision@10: 0.0230    precision@20: 0.0178    precision@40: 0.0135    
Tue 05 Nov 2024 09:12:35 INFO ██Saving current best: saved/IMP_GCN-Nov-05-2024-09-03-10.pth
Tue 05 Nov 2024 09:14:48 INFO epoch 4 training [time: 133.17s, train loss: 30.0857]
Tue 05 Nov 2024 09:14:57 INFO epoch 4 evaluating [time: 4.50s, valid_score: 0.105500]
Tue 05 Nov 2024 09:14:57 INFO valid result: 
recall@10: 0.0692    recall@20: 0.1055    recall@40: 0.1559    ndcg@10: 0.0535    ndcg@20: 0.0652    ndcg@40: 0.0793    precision@10: 0.0240    precision@20: 0.0186    precision@40: 0.0140    
Tue 05 Nov 2024 09:14:57 INFO test result: 
recall@10: 0.0692    recall@20: 0.1055    recall@40: 0.1559    ndcg@10: 0.0535    ndcg@20: 0.0652    ndcg@40: 0.0793    precision@10: 0.0240    precision@20: 0.0186    precision@40: 0.0140    
Tue 05 Nov 2024 09:14:57 INFO ██Saving current best: saved/IMP_GCN-Nov-05-2024-09-03-10.pth
Tue 05 Nov 2024 09:17:10 INFO epoch 5 training [time: 133.69s, train loss: 26.2819]
Tue 05 Nov 2024 09:17:19 INFO epoch 5 evaluating [time: 4.55s, valid_score: 0.109200]
Tue 05 Nov 2024 09:17:19 INFO valid result: 
recall@10: 0.0717    recall@20: 0.1092    recall@40: 0.1604    ndcg@10: 0.0554    ndcg@20: 0.0675    ndcg@40: 0.0818    precision@10: 0.0249    precision@20: 0.0192    precision@40: 0.0144    
Tue 05 Nov 2024 09:17:19 INFO test result: 
recall@10: 0.0717    recall@20: 0.1092    recall@40: 0.1604    ndcg@10: 0.0554    ndcg@20: 0.0675    ndcg@40: 0.0818    precision@10: 0.0249    precision@20: 0.0192    precision@40: 0.0144    
Tue 05 Nov 2024 09:17:19 INFO ██Saving current best: saved/IMP_GCN-Nov-05-2024-09-03-10.pth
Tue 05 Nov 2024 09:19:33 INFO epoch 6 training [time: 133.34s, train loss: 23.2784]
Tue 05 Nov 2024 09:19:42 INFO epoch 6 evaluating [time: 4.50s, valid_score: 0.112100]
Tue 05 Nov 2024 09:19:42 INFO valid result: 
recall@10: 0.0739    recall@20: 0.1121    recall@40: 0.1648    ndcg@10: 0.0571    ndcg@20: 0.0694    ndcg@40: 0.0841    precision@10: 0.0258    precision@20: 0.0198    precision@40: 0.0148    
Tue 05 Nov 2024 09:19:42 INFO test result: 
recall@10: 0.0739    recall@20: 0.1121    recall@40: 0.1648    ndcg@10: 0.0571    ndcg@20: 0.0694    ndcg@40: 0.0841    precision@10: 0.0258    precision@20: 0.0198    precision@40: 0.0148    
Tue 05 Nov 2024 09:19:42 INFO ██Saving current best: saved/IMP_GCN-Nov-05-2024-09-03-10.pth
Tue 05 Nov 2024 09:21:54 INFO epoch 7 training [time: 132.13s, train loss: 20.9561]
Tue 05 Nov 2024 09:22:03 INFO epoch 7 evaluating [time: 4.53s, valid_score: 0.114700]
Tue 05 Nov 2024 09:22:03 INFO valid result: 
recall@10: 0.0762    recall@20: 0.1147    recall@40: 0.1679    ndcg@10: 0.0589    ndcg@20: 0.0714    ndcg@40: 0.0862    precision@10: 0.0264    precision@20: 0.0203    precision@40: 0.0152    
Tue 05 Nov 2024 09:22:03 INFO test result: 
recall@10: 0.0762    recall@20: 0.1147    recall@40: 0.1679    ndcg@10: 0.0589    ndcg@20: 0.0714    ndcg@40: 0.0862    precision@10: 0.0264    precision@20: 0.0203    precision@40: 0.0152    
Tue 05 Nov 2024 09:22:03 INFO ██Saving current best: saved/IMP_GCN-Nov-05-2024-09-03-10.pth
Tue 05 Nov 2024 09:24:15 INFO epoch 8 training [time: 132.18s, train loss: 18.9458]
Tue 05 Nov 2024 09:24:24 INFO epoch 8 evaluating [time: 4.49s, valid_score: 0.117200]
Tue 05 Nov 2024 09:24:24 INFO valid result: 
recall@10: 0.0773    recall@20: 0.1172    recall@40: 0.1705    ndcg@10: 0.0597    ndcg@20: 0.0726    ndcg@40: 0.0874    precision@10: 0.0268    precision@20: 0.0207    precision@40: 0.0154    
Tue 05 Nov 2024 09:24:24 INFO test result: 
recall@10: 0.0773    recall@20: 0.1172    recall@40: 0.1705    ndcg@10: 0.0597    ndcg@20: 0.0726    ndcg@40: 0.0874    precision@10: 0.0268    precision@20: 0.0207    precision@40: 0.0154    
Tue 05 Nov 2024 09:24:24 INFO ██Saving current best: saved/IMP_GCN-Nov-05-2024-09-03-10.pth
Tue 05 Nov 2024 09:26:34 INFO epoch 9 training [time: 130.66s, train loss: 17.2758]
Tue 05 Nov 2024 09:26:43 INFO epoch 9 evaluating [time: 4.50s, valid_score: 0.118800]
Tue 05 Nov 2024 09:26:43 INFO valid result: 
recall@10: 0.0784    recall@20: 0.1188    recall@40: 0.1732    ndcg@10: 0.0606    ndcg@20: 0.0736    ndcg@40: 0.0888    precision@10: 0.0273    precision@20: 0.0210    precision@40: 0.0156    
Tue 05 Nov 2024 09:26:43 INFO test result: 
recall@10: 0.0784    recall@20: 0.1188    recall@40: 0.1732    ndcg@10: 0.0606    ndcg@20: 0.0736    ndcg@40: 0.0888    precision@10: 0.0273    precision@20: 0.0210    precision@40: 0.0156    
Tue 05 Nov 2024 09:26:43 INFO ██Saving current best: saved/IMP_GCN-Nov-05-2024-09-03-10.pth
Tue 05 Nov 2024 09:28:56 INFO epoch 10 training [time: 132.14s, train loss: 15.8992]
Tue 05 Nov 2024 09:29:04 INFO epoch 10 evaluating [time: 4.51s, valid_score: 0.120800]
Tue 05 Nov 2024 09:29:04 INFO valid result: 
recall@10: 0.0793    recall@20: 0.1208    recall@40: 0.1757    ndcg@10: 0.0615    ndcg@20: 0.0749    ndcg@40: 0.0901    precision@10: 0.0276    precision@20: 0.0214    precision@40: 0.0159    
Tue 05 Nov 2024 09:29:04 INFO test result: 
recall@10: 0.0793    recall@20: 0.1208    recall@40: 0.1757    ndcg@10: 0.0615    ndcg@20: 0.0749    ndcg@40: 0.0901    precision@10: 0.0276    precision@20: 0.0214    precision@40: 0.0159    
Tue 05 Nov 2024 09:29:04 INFO ██Saving current best: saved/IMP_GCN-Nov-05-2024-09-03-10.pth
Tue 05 Nov 2024 09:31:16 INFO epoch 11 training [time: 131.84s, train loss: 14.7118]
Tue 05 Nov 2024 09:31:25 INFO epoch 11 evaluating [time: 4.41s, valid_score: 0.121100]
Tue 05 Nov 2024 09:31:25 INFO valid result: 
recall@10: 0.0803    recall@20: 0.1211    recall@40: 0.1766    ndcg@10: 0.0625    ndcg@20: 0.0757    ndcg@40: 0.0911    precision@10: 0.0280    precision@20: 0.0215    precision@40: 0.0160    
Tue 05 Nov 2024 09:31:25 INFO test result: 
recall@10: 0.0803    recall@20: 0.1211    recall@40: 0.1766    ndcg@10: 0.0625    ndcg@20: 0.0757    ndcg@40: 0.0911    precision@10: 0.0280    precision@20: 0.0215    precision@40: 0.0160    
Tue 05 Nov 2024 09:31:25 INFO ██Saving current best: saved/IMP_GCN-Nov-05-2024-09-03-10.pth
Tue 05 Nov 2024 09:33:37 INFO epoch 12 training [time: 132.09s, train loss: 13.6103]
Tue 05 Nov 2024 09:33:46 INFO epoch 12 evaluating [time: 4.43s, valid_score: 0.122500]
Tue 05 Nov 2024 09:33:46 INFO valid result: 
recall@10: 0.0813    recall@20: 0.1225    recall@40: 0.1791    ndcg@10: 0.0631    ndcg@20: 0.0764    ndcg@40: 0.0921    precision@10: 0.0284    precision@20: 0.0218    precision@40: 0.0162    
Tue 05 Nov 2024 09:33:46 INFO test result: 
recall@10: 0.0813    recall@20: 0.1225    recall@40: 0.1791    ndcg@10: 0.0631    ndcg@20: 0.0764    ndcg@40: 0.0921    precision@10: 0.0284    precision@20: 0.0218    precision@40: 0.0162    
Tue 05 Nov 2024 09:33:46 INFO ██Saving current best: saved/IMP_GCN-Nov-05-2024-09-03-10.pth
Tue 05 Nov 2024 09:35:58 INFO epoch 13 training [time: 132.00s, train loss: 12.4571]
Tue 05 Nov 2024 09:36:07 INFO epoch 13 evaluating [time: 4.40s, valid_score: 0.123200]
Tue 05 Nov 2024 09:36:07 INFO valid result: 
recall@10: 0.0825    recall@20: 0.1232    recall@40: 0.1798    ndcg@10: 0.0640    ndcg@20: 0.0771    ndcg@40: 0.0929    precision@10: 0.0288    precision@20: 0.0219    precision@40: 0.0163    
Tue 05 Nov 2024 09:36:07 INFO test result: 
recall@10: 0.0825    recall@20: 0.1232    recall@40: 0.1798    ndcg@10: 0.0640    ndcg@20: 0.0771    ndcg@40: 0.0929    precision@10: 0.0288    precision@20: 0.0219    precision@40: 0.0163    
Tue 05 Nov 2024 09:36:07 INFO ██Saving current best: saved/IMP_GCN-Nov-05-2024-09-03-10.pth
Tue 05 Nov 2024 09:38:20 INFO epoch 14 training [time: 132.97s, train loss: 11.8015]
Tue 05 Nov 2024 09:38:29 INFO epoch 14 evaluating [time: 4.43s, valid_score: 0.124600]
Tue 05 Nov 2024 09:38:29 INFO valid result: 
recall@10: 0.0833    recall@20: 0.1246    recall@40: 0.1805    ndcg@10: 0.0648    ndcg@20: 0.0782    ndcg@40: 0.0937    precision@10: 0.0291    precision@20: 0.0222    precision@40: 0.0164    
Tue 05 Nov 2024 09:38:29 INFO test result: 
recall@10: 0.0833    recall@20: 0.1246    recall@40: 0.1805    ndcg@10: 0.0648    ndcg@20: 0.0782    ndcg@40: 0.0937    precision@10: 0.0291    precision@20: 0.0222    precision@40: 0.0164    
Tue 05 Nov 2024 09:38:29 INFO ██Saving current best: saved/IMP_GCN-Nov-05-2024-09-03-10.pth
Tue 05 Nov 2024 09:40:41 INFO epoch 15 training [time: 131.53s, train loss: 10.8912]
Tue 05 Nov 2024 09:40:50 INFO epoch 15 evaluating [time: 4.42s, valid_score: 0.125700]
Tue 05 Nov 2024 09:40:50 INFO valid result: 
recall@10: 0.0842    recall@20: 0.1257    recall@40: 0.1823    ndcg@10: 0.0655    ndcg@20: 0.0789    ndcg@40: 0.0946    precision@10: 0.0295    precision@20: 0.0224    precision@40: 0.0166    
Tue 05 Nov 2024 09:40:50 INFO test result: 
recall@10: 0.0842    recall@20: 0.1257    recall@40: 0.1823    ndcg@10: 0.0655    ndcg@20: 0.0789    ndcg@40: 0.0946    precision@10: 0.0295    precision@20: 0.0224    precision@40: 0.0166    
Tue 05 Nov 2024 09:40:50 INFO ██Saving current best: saved/IMP_GCN-Nov-05-2024-09-03-10.pth
Tue 05 Nov 2024 09:43:01 INFO epoch 16 training [time: 131.20s, train loss: 10.2725]
Tue 05 Nov 2024 09:43:10 INFO epoch 16 evaluating [time: 4.39s, valid_score: 0.126100]
Tue 05 Nov 2024 09:43:10 INFO valid result: 
recall@10: 0.0843    recall@20: 0.1261    recall@40: 0.1833    ndcg@10: 0.0659    ndcg@20: 0.0794    ndcg@40: 0.0953    precision@10: 0.0296    precision@20: 0.0226    precision@40: 0.0167    
Tue 05 Nov 2024 09:43:10 INFO test result: 
recall@10: 0.0843    recall@20: 0.1261    recall@40: 0.1833    ndcg@10: 0.0659    ndcg@20: 0.0794    ndcg@40: 0.0953    precision@10: 0.0296    precision@20: 0.0226    precision@40: 0.0167    
Tue 05 Nov 2024 09:43:10 INFO ██Saving current best: saved/IMP_GCN-Nov-05-2024-09-03-10.pth
Tue 05 Nov 2024 09:45:21 INFO epoch 17 training [time: 131.36s, train loss: 9.5467]
Tue 05 Nov 2024 09:45:30 INFO epoch 17 evaluating [time: 4.44s, valid_score: 0.126700]
Tue 05 Nov 2024 09:45:30 INFO valid result: 
recall@10: 0.0849    recall@20: 0.1267    recall@40: 0.1841    ndcg@10: 0.0662    ndcg@20: 0.0797    ndcg@40: 0.0957    precision@10: 0.0298    precision@20: 0.0227    precision@40: 0.0168    
Tue 05 Nov 2024 09:45:30 INFO test result: 
recall@10: 0.0849    recall@20: 0.1267    recall@40: 0.1841    ndcg@10: 0.0662    ndcg@20: 0.0797    ndcg@40: 0.0957    precision@10: 0.0298    precision@20: 0.0227    precision@40: 0.0168    
Tue 05 Nov 2024 09:45:30 INFO ██Saving current best: saved/IMP_GCN-Nov-05-2024-09-03-10.pth
Tue 05 Nov 2024 09:47:43 INFO epoch 18 training [time: 133.12s, train loss: 9.1473]
Tue 05 Nov 2024 09:47:56 INFO epoch 18 evaluating [time: 6.43s, valid_score: 0.127900]
Tue 05 Nov 2024 09:47:56 INFO valid result: 
recall@10: 0.0855    recall@20: 0.1279    recall@40: 0.1853    ndcg@10: 0.0667    ndcg@20: 0.0803    ndcg@40: 0.0962    precision@10: 0.0300    precision@20: 0.0229    precision@40: 0.0169    
Tue 05 Nov 2024 09:47:56 INFO test result: 
recall@10: 0.0855    recall@20: 0.1279    recall@40: 0.1853    ndcg@10: 0.0667    ndcg@20: 0.0803    ndcg@40: 0.0962    precision@10: 0.0300    precision@20: 0.0229    precision@40: 0.0169    
Tue 05 Nov 2024 09:47:56 INFO ██Saving current best: saved/IMP_GCN-Nov-05-2024-09-03-10.pth
Tue 05 Nov 2024 09:50:11 INFO epoch 19 training [time: 134.50s, train loss: 8.5333]
Tue 05 Nov 2024 09:50:20 INFO epoch 19 evaluating [time: 4.54s, valid_score: 0.128100]
Tue 05 Nov 2024 09:50:20 INFO valid result: 
recall@10: 0.0857    recall@20: 0.1281    recall@40: 0.1863    ndcg@10: 0.0672    ndcg@20: 0.0809    ndcg@40: 0.0970    precision@10: 0.0301    precision@20: 0.0230    precision@40: 0.0169    
Tue 05 Nov 2024 09:50:20 INFO test result: 
recall@10: 0.0857    recall@20: 0.1281    recall@40: 0.1863    ndcg@10: 0.0672    ndcg@20: 0.0809    ndcg@40: 0.0970    precision@10: 0.0301    precision@20: 0.0230    precision@40: 0.0169    
Tue 05 Nov 2024 09:50:20 INFO ██Saving current best: saved/IMP_GCN-Nov-05-2024-09-03-10.pth
Tue 05 Nov 2024 09:52:33 INFO epoch 20 training [time: 133.53s, train loss: 8.0453]
Tue 05 Nov 2024 09:52:42 INFO epoch 20 evaluating [time: 4.52s, valid_score: 0.128300]
Tue 05 Nov 2024 09:52:42 INFO valid result: 
recall@10: 0.0861    recall@20: 0.1283    recall@40: 0.1865    ndcg@10: 0.0675    ndcg@20: 0.0811    ndcg@40: 0.0973    precision@10: 0.0303    precision@20: 0.0230    precision@40: 0.0170    
Tue 05 Nov 2024 09:52:42 INFO test result: 
recall@10: 0.0861    recall@20: 0.1283    recall@40: 0.1865    ndcg@10: 0.0675    ndcg@20: 0.0811    ndcg@40: 0.0973    precision@10: 0.0303    precision@20: 0.0230    precision@40: 0.0170    
Tue 05 Nov 2024 09:52:42 INFO ██Saving current best: saved/IMP_GCN-Nov-05-2024-09-03-10.pth
Tue 05 Nov 2024 09:54:54 INFO epoch 21 training [time: 132.05s, train loss: 7.6768]
Tue 05 Nov 2024 09:55:03 INFO epoch 21 evaluating [time: 4.49s, valid_score: 0.129000]
Tue 05 Nov 2024 09:55:03 INFO valid result: 
recall@10: 0.0869    recall@20: 0.1290    recall@40: 0.1874    ndcg@10: 0.0680    ndcg@20: 0.0815    ndcg@40: 0.0978    precision@10: 0.0305    precision@20: 0.0231    precision@40: 0.0171    
Tue 05 Nov 2024 09:55:03 INFO test result: 
recall@10: 0.0869    recall@20: 0.1290    recall@40: 0.1874    ndcg@10: 0.0680    ndcg@20: 0.0815    ndcg@40: 0.0978    precision@10: 0.0305    precision@20: 0.0231    precision@40: 0.0171    
Tue 05 Nov 2024 09:55:03 INFO ██Saving current best: saved/IMP_GCN-Nov-05-2024-09-03-10.pth
Tue 05 Nov 2024 09:57:15 INFO epoch 22 training [time: 132.20s, train loss: 7.2134]
Tue 05 Nov 2024 09:57:24 INFO epoch 22 evaluating [time: 4.54s, valid_score: 0.130200]
Tue 05 Nov 2024 09:57:24 INFO valid result: 
recall@10: 0.0874    recall@20: 0.1302    recall@40: 0.1884    ndcg@10: 0.0684    ndcg@20: 0.0822    ndcg@40: 0.0984    precision@10: 0.0307    precision@20: 0.0233    precision@40: 0.0172    
Tue 05 Nov 2024 09:57:24 INFO test result: 
recall@10: 0.0874    recall@20: 0.1302    recall@40: 0.1884    ndcg@10: 0.0684    ndcg@20: 0.0822    ndcg@40: 0.0984    precision@10: 0.0307    precision@20: 0.0233    precision@40: 0.0172    
Tue 05 Nov 2024 09:57:24 INFO ██Saving current best: saved/IMP_GCN-Nov-05-2024-09-03-10.pth
Tue 05 Nov 2024 09:59:36 INFO epoch 23 training [time: 131.84s, train loss: 6.8550]
Tue 05 Nov 2024 09:59:45 INFO epoch 23 evaluating [time: 4.57s, valid_score: 0.130500]
Tue 05 Nov 2024 09:59:45 INFO valid result: 
recall@10: 0.0883    recall@20: 0.1305    recall@40: 0.1886    ndcg@10: 0.0691    ndcg@20: 0.0826    ndcg@40: 0.0988    precision@10: 0.0310    precision@20: 0.0234    precision@40: 0.0172    
Tue 05 Nov 2024 09:59:45 INFO test result: 
recall@10: 0.0883    recall@20: 0.1305    recall@40: 0.1886    ndcg@10: 0.0691    ndcg@20: 0.0826    ndcg@40: 0.0988    precision@10: 0.0310    precision@20: 0.0234    precision@40: 0.0172    
Tue 05 Nov 2024 09:59:45 INFO ██Saving current best: saved/IMP_GCN-Nov-05-2024-09-03-10.pth
Tue 05 Nov 2024 10:01:56 INFO epoch 24 training [time: 131.31s, train loss: 6.5504]
Tue 05 Nov 2024 10:02:05 INFO epoch 24 evaluating [time: 4.50s, valid_score: 0.131000]
Tue 05 Nov 2024 10:02:05 INFO valid result: 
recall@10: 0.0883    recall@20: 0.1310    recall@40: 0.1893    ndcg@10: 0.0692    ndcg@20: 0.0829    ndcg@40: 0.0992    precision@10: 0.0311    precision@20: 0.0235    precision@40: 0.0173    
Tue 05 Nov 2024 10:02:05 INFO test result: 
recall@10: 0.0883    recall@20: 0.1310    recall@40: 0.1893    ndcg@10: 0.0692    ndcg@20: 0.0829    ndcg@40: 0.0992    precision@10: 0.0311    precision@20: 0.0235    precision@40: 0.0173    
Tue 05 Nov 2024 10:02:05 INFO ██Saving current best: saved/IMP_GCN-Nov-05-2024-09-03-10.pth
Tue 05 Nov 2024 10:04:16 INFO epoch 25 training [time: 131.21s, train loss: 6.2795]
Tue 05 Nov 2024 10:04:25 INFO epoch 25 evaluating [time: 4.50s, valid_score: 0.131900]
Tue 05 Nov 2024 10:04:25 INFO valid result: 
recall@10: 0.0889    recall@20: 0.1319    recall@40: 0.1899    ndcg@10: 0.0697    ndcg@20: 0.0834    ndcg@40: 0.0996    precision@10: 0.0313    precision@20: 0.0236    precision@40: 0.0174    
Tue 05 Nov 2024 10:04:25 INFO test result: 
recall@10: 0.0889    recall@20: 0.1319    recall@40: 0.1899    ndcg@10: 0.0697    ndcg@20: 0.0834    ndcg@40: 0.0996    precision@10: 0.0313    precision@20: 0.0236    precision@40: 0.0174    
Tue 05 Nov 2024 10:04:25 INFO ██Saving current best: saved/IMP_GCN-Nov-05-2024-09-03-10.pth
Tue 05 Nov 2024 10:06:37 INFO epoch 26 training [time: 131.49s, train loss: 6.0295]
Tue 05 Nov 2024 10:06:46 INFO epoch 26 evaluating [time: 4.45s, valid_score: 0.131900]
Tue 05 Nov 2024 10:06:46 INFO valid result: 
recall@10: 0.0894    recall@20: 0.1319    recall@40: 0.1904    ndcg@10: 0.0701    ndcg@20: 0.0837    ndcg@40: 0.1000    precision@10: 0.0314    precision@20: 0.0237    precision@40: 0.0174    
Tue 05 Nov 2024 10:06:46 INFO test result: 
recall@10: 0.0894    recall@20: 0.1319    recall@40: 0.1904    ndcg@10: 0.0701    ndcg@20: 0.0837    ndcg@40: 0.1000    precision@10: 0.0314    precision@20: 0.0237    precision@40: 0.0174    
Tue 05 Nov 2024 10:08:57 INFO epoch 27 training [time: 131.26s, train loss: 5.8266]
Tue 05 Nov 2024 10:09:06 INFO epoch 27 evaluating [time: 4.44s, valid_score: 0.132400]
Tue 05 Nov 2024 10:09:06 INFO valid result: 
recall@10: 0.0895    recall@20: 0.1324    recall@40: 0.1907    ndcg@10: 0.0702    ndcg@20: 0.0839    ndcg@40: 0.1002    precision@10: 0.0315    precision@20: 0.0237    precision@40: 0.0175    
Tue 05 Nov 2024 10:09:06 INFO test result: 
recall@10: 0.0895    recall@20: 0.1324    recall@40: 0.1907    ndcg@10: 0.0702    ndcg@20: 0.0839    ndcg@40: 0.1002    precision@10: 0.0315    precision@20: 0.0237    precision@40: 0.0175    
Tue 05 Nov 2024 10:09:06 INFO ██Saving current best: saved/IMP_GCN-Nov-05-2024-09-03-10.pth
Tue 05 Nov 2024 10:11:17 INFO epoch 28 training [time: 131.26s, train loss: 5.4368]
Tue 05 Nov 2024 10:11:26 INFO epoch 28 evaluating [time: 4.37s, valid_score: 0.132700]
Tue 05 Nov 2024 10:11:26 INFO valid result: 
recall@10: 0.0900    recall@20: 0.1327    recall@40: 0.1909    ndcg@10: 0.0705    ndcg@20: 0.0842    ndcg@40: 0.1004    precision@10: 0.0316    precision@20: 0.0238    precision@40: 0.0175    
Tue 05 Nov 2024 10:11:26 INFO test result: 
recall@10: 0.0900    recall@20: 0.1327    recall@40: 0.1909    ndcg@10: 0.0705    ndcg@20: 0.0842    ndcg@40: 0.1004    precision@10: 0.0316    precision@20: 0.0238    precision@40: 0.0175    
Tue 05 Nov 2024 10:11:26 INFO ██Saving current best: saved/IMP_GCN-Nov-05-2024-09-03-10.pth
Tue 05 Nov 2024 10:13:38 INFO epoch 29 training [time: 131.61s, train loss: 5.2722]
Tue 05 Nov 2024 10:13:47 INFO epoch 29 evaluating [time: 4.43s, valid_score: 0.133700]
Tue 05 Nov 2024 10:13:47 INFO valid result: 
recall@10: 0.0902    recall@20: 0.1337    recall@40: 0.1908    ndcg@10: 0.0707    ndcg@20: 0.0846    ndcg@40: 0.1005    precision@10: 0.0317    precision@20: 0.0240    precision@40: 0.0175    
Tue 05 Nov 2024 10:13:47 INFO test result: 
recall@10: 0.0902    recall@20: 0.1337    recall@40: 0.1908    ndcg@10: 0.0707    ndcg@20: 0.0846    ndcg@40: 0.1005    precision@10: 0.0317    precision@20: 0.0240    precision@40: 0.0175    
Tue 05 Nov 2024 10:13:47 INFO ██Saving current best: saved/IMP_GCN-Nov-05-2024-09-03-10.pth
Tue 05 Nov 2024 10:15:58 INFO epoch 30 training [time: 131.62s, train loss: 5.0327]
Tue 05 Nov 2024 10:16:07 INFO epoch 30 evaluating [time: 4.41s, valid_score: 0.133600]
Tue 05 Nov 2024 10:16:07 INFO valid result: 
recall@10: 0.0905    recall@20: 0.1336    recall@40: 0.1914    ndcg@10: 0.0709    ndcg@20: 0.0847    ndcg@40: 0.1008    precision@10: 0.0317    precision@20: 0.0239    precision@40: 0.0176    
Tue 05 Nov 2024 10:16:07 INFO test result: 
recall@10: 0.0905    recall@20: 0.1336    recall@40: 0.1914    ndcg@10: 0.0709    ndcg@20: 0.0847    ndcg@40: 0.1008    precision@10: 0.0317    precision@20: 0.0239    precision@40: 0.0176    
Tue 05 Nov 2024 10:18:19 INFO epoch 31 training [time: 131.80s, train loss: 4.8483]
Tue 05 Nov 2024 10:18:28 INFO epoch 31 evaluating [time: 4.38s, valid_score: 0.133800]
Tue 05 Nov 2024 10:18:28 INFO valid result: 
recall@10: 0.0907    recall@20: 0.1338    recall@40: 0.1908    ndcg@10: 0.0711    ndcg@20: 0.0849    ndcg@40: 0.1009    precision@10: 0.0318    precision@20: 0.0240    precision@40: 0.0175    
Tue 05 Nov 2024 10:18:28 INFO test result: 
recall@10: 0.0907    recall@20: 0.1338    recall@40: 0.1908    ndcg@10: 0.0711    ndcg@20: 0.0849    ndcg@40: 0.1009    precision@10: 0.0318    precision@20: 0.0240    precision@40: 0.0175    
Tue 05 Nov 2024 10:18:28 INFO ██Saving current best: saved/IMP_GCN-Nov-05-2024-09-03-10.pth
Tue 05 Nov 2024 10:20:39 INFO epoch 32 training [time: 131.48s, train loss: 4.6223]
Tue 05 Nov 2024 10:20:48 INFO epoch 32 evaluating [time: 4.41s, valid_score: 0.134000]
Tue 05 Nov 2024 10:20:48 INFO valid result: 
recall@10: 0.0915    recall@20: 0.1340    recall@40: 0.1912    ndcg@10: 0.0715    ndcg@20: 0.0851    ndcg@40: 0.1011    precision@10: 0.0321    precision@20: 0.0241    precision@40: 0.0176    
Tue 05 Nov 2024 10:20:48 INFO test result: 
recall@10: 0.0915    recall@20: 0.1340    recall@40: 0.1912    ndcg@10: 0.0715    ndcg@20: 0.0851    ndcg@40: 0.1011    precision@10: 0.0321    precision@20: 0.0241    precision@40: 0.0176    
Tue 05 Nov 2024 10:20:48 INFO ██Saving current best: saved/IMP_GCN-Nov-05-2024-09-03-10.pth
Tue 05 Nov 2024 10:22:59 INFO epoch 33 training [time: 131.43s, train loss: 4.4889]
Tue 05 Nov 2024 10:23:08 INFO epoch 33 evaluating [time: 4.40s, valid_score: 0.134500]
Tue 05 Nov 2024 10:23:08 INFO valid result: 
recall@10: 0.0916    recall@20: 0.1345    recall@40: 0.1915    ndcg@10: 0.0718    ndcg@20: 0.0856    ndcg@40: 0.1014    precision@10: 0.0321    precision@20: 0.0242    precision@40: 0.0176    
Tue 05 Nov 2024 10:23:08 INFO test result: 
recall@10: 0.0916    recall@20: 0.1345    recall@40: 0.1915    ndcg@10: 0.0718    ndcg@20: 0.0856    ndcg@40: 0.1014    precision@10: 0.0321    precision@20: 0.0242    precision@40: 0.0176    
Tue 05 Nov 2024 10:23:08 INFO ██Saving current best: saved/IMP_GCN-Nov-05-2024-09-03-10.pth
Tue 05 Nov 2024 10:25:20 INFO epoch 34 training [time: 132.08s, train loss: 4.3228]
Tue 05 Nov 2024 10:25:29 INFO epoch 34 evaluating [time: 4.57s, valid_score: 0.134500]
Tue 05 Nov 2024 10:25:29 INFO valid result: 
recall@10: 0.0918    recall@20: 0.1345    recall@40: 0.1920    ndcg@10: 0.0718    ndcg@20: 0.0856    ndcg@40: 0.1016    precision@10: 0.0322    precision@20: 0.0242    precision@40: 0.0176    
Tue 05 Nov 2024 10:25:29 INFO test result: 
recall@10: 0.0918    recall@20: 0.1345    recall@40: 0.1920    ndcg@10: 0.0718    ndcg@20: 0.0856    ndcg@40: 0.1016    precision@10: 0.0322    precision@20: 0.0242    precision@40: 0.0176    
Tue 05 Nov 2024 10:27:42 INFO epoch 35 training [time: 132.49s, train loss: 4.1700]
Tue 05 Nov 2024 10:27:51 INFO epoch 35 evaluating [time: 4.62s, valid_score: 0.134700]
Tue 05 Nov 2024 10:27:51 INFO valid result: 
recall@10: 0.0917    recall@20: 0.1347    recall@40: 0.1918    ndcg@10: 0.0720    ndcg@20: 0.0858    ndcg@40: 0.1017    precision@10: 0.0322    precision@20: 0.0242    precision@40: 0.0176    
Tue 05 Nov 2024 10:27:51 INFO test result: 
recall@10: 0.0917    recall@20: 0.1347    recall@40: 0.1918    ndcg@10: 0.0720    ndcg@20: 0.0858    ndcg@40: 0.1017    precision@10: 0.0322    precision@20: 0.0242    precision@40: 0.0176    
Tue 05 Nov 2024 10:27:51 INFO ██Saving current best: saved/IMP_GCN-Nov-05-2024-09-03-10.pth
Tue 05 Nov 2024 10:30:03 INFO epoch 36 training [time: 131.96s, train loss: 4.0690]
Tue 05 Nov 2024 10:30:12 INFO epoch 36 evaluating [time: 4.65s, valid_score: 0.135700]
Tue 05 Nov 2024 10:30:12 INFO valid result: 
recall@10: 0.0917    recall@20: 0.1357    recall@40: 0.1931    ndcg@10: 0.0721    ndcg@20: 0.0862    ndcg@40: 0.1022    precision@10: 0.0322    precision@20: 0.0243    precision@40: 0.0177    
Tue 05 Nov 2024 10:30:12 INFO test result: 
recall@10: 0.0917    recall@20: 0.1357    recall@40: 0.1931    ndcg@10: 0.0721    ndcg@20: 0.0862    ndcg@40: 0.1022    precision@10: 0.0322    precision@20: 0.0243    precision@40: 0.0177    
Tue 05 Nov 2024 10:30:12 INFO ██Saving current best: saved/IMP_GCN-Nov-05-2024-09-03-10.pth
Tue 05 Nov 2024 10:32:26 INFO epoch 37 training [time: 133.59s, train loss: 3.9058]
Tue 05 Nov 2024 10:32:35 INFO epoch 37 evaluating [time: 4.66s, valid_score: 0.136400]
Tue 05 Nov 2024 10:32:35 INFO valid result: 
recall@10: 0.0921    recall@20: 0.1364    recall@40: 0.1931    ndcg@10: 0.0725    ndcg@20: 0.0867    ndcg@40: 0.1025    precision@10: 0.0324    precision@20: 0.0244    precision@40: 0.0177    
Tue 05 Nov 2024 10:32:35 INFO test result: 
recall@10: 0.0921    recall@20: 0.1364    recall@40: 0.1931    ndcg@10: 0.0725    ndcg@20: 0.0867    ndcg@40: 0.1025    precision@10: 0.0324    precision@20: 0.0244    precision@40: 0.0177    
Tue 05 Nov 2024 10:32:35 INFO ██Saving current best: saved/IMP_GCN-Nov-05-2024-09-03-10.pth
Tue 05 Nov 2024 10:34:47 INFO epoch 38 training [time: 132.32s, train loss: 3.8127]
Tue 05 Nov 2024 10:34:56 INFO epoch 38 evaluating [time: 4.87s, valid_score: 0.136500]
Tue 05 Nov 2024 10:34:56 INFO valid result: 
recall@10: 0.0922    recall@20: 0.1365    recall@40: 0.1934    ndcg@10: 0.0726    ndcg@20: 0.0868    ndcg@40: 0.1027    precision@10: 0.0325    precision@20: 0.0245    precision@40: 0.0178    
Tue 05 Nov 2024 10:34:56 INFO test result: 
recall@10: 0.0922    recall@20: 0.1365    recall@40: 0.1934    ndcg@10: 0.0726    ndcg@20: 0.0868    ndcg@40: 0.1027    precision@10: 0.0325    precision@20: 0.0245    precision@40: 0.0178    
Tue 05 Nov 2024 10:34:57 INFO ██Saving current best: saved/IMP_GCN-Nov-05-2024-09-03-10.pth
Tue 05 Nov 2024 10:37:10 INFO epoch 39 training [time: 133.09s, train loss: 3.6560]
Tue 05 Nov 2024 10:37:19 INFO epoch 39 evaluating [time: 4.65s, valid_score: 0.136400]
Tue 05 Nov 2024 10:37:19 INFO valid result: 
recall@10: 0.0922    recall@20: 0.1364    recall@40: 0.1934    ndcg@10: 0.0727    ndcg@20: 0.0868    ndcg@40: 0.1027    precision@10: 0.0325    precision@20: 0.0245    precision@40: 0.0178    
Tue 05 Nov 2024 10:37:19 INFO test result: 
recall@10: 0.0922    recall@20: 0.1364    recall@40: 0.1934    ndcg@10: 0.0727    ndcg@20: 0.0868    ndcg@40: 0.1027    precision@10: 0.0325    precision@20: 0.0245    precision@40: 0.0178    
Tue 05 Nov 2024 10:39:32 INFO epoch 40 training [time: 133.56s, train loss: 3.5790]
Tue 05 Nov 2024 10:39:45 INFO epoch 40 evaluating [time: 6.52s, valid_score: 0.135800]
Tue 05 Nov 2024 10:39:45 INFO valid result: 
recall@10: 0.0925    recall@20: 0.1358    recall@40: 0.1933    ndcg@10: 0.0728    ndcg@20: 0.0867    ndcg@40: 0.1027    precision@10: 0.0326    precision@20: 0.0244    precision@40: 0.0178    
Tue 05 Nov 2024 10:39:45 INFO test result: 
recall@10: 0.0925    recall@20: 0.1358    recall@40: 0.1933    ndcg@10: 0.0728    ndcg@20: 0.0867    ndcg@40: 0.1027    precision@10: 0.0326    precision@20: 0.0244    precision@40: 0.0178    
Tue 05 Nov 2024 10:42:03 INFO epoch 41 training [time: 137.97s, train loss: 3.5031]
Tue 05 Nov 2024 10:42:17 INFO epoch 41 evaluating [time: 6.45s, valid_score: 0.136400]
Tue 05 Nov 2024 10:42:17 INFO valid result: 
recall@10: 0.0927    recall@20: 0.1364    recall@40: 0.1933    ndcg@10: 0.0729    ndcg@20: 0.0870    ndcg@40: 0.1028    precision@10: 0.0325    precision@20: 0.0245    precision@40: 0.0178    
Tue 05 Nov 2024 10:42:17 INFO test result: 
recall@10: 0.0927    recall@20: 0.1364    recall@40: 0.1933    ndcg@10: 0.0729    ndcg@20: 0.0870    ndcg@40: 0.1028    precision@10: 0.0325    precision@20: 0.0245    precision@40: 0.0178    
Tue 05 Nov 2024 10:44:30 INFO epoch 42 training [time: 132.78s, train loss: 3.3712]
Tue 05 Nov 2024 10:44:39 INFO epoch 42 evaluating [time: 4.40s, valid_score: 0.136900]
Tue 05 Nov 2024 10:44:39 INFO valid result: 
recall@10: 0.0928    recall@20: 0.1369    recall@40: 0.1932    ndcg@10: 0.0732    ndcg@20: 0.0873    ndcg@40: 0.1031    precision@10: 0.0326    precision@20: 0.0246    precision@40: 0.0178    
Tue 05 Nov 2024 10:44:39 INFO test result: 
recall@10: 0.0928    recall@20: 0.1369    recall@40: 0.1932    ndcg@10: 0.0732    ndcg@20: 0.0873    ndcg@40: 0.1031    precision@10: 0.0326    precision@20: 0.0246    precision@40: 0.0178    
Tue 05 Nov 2024 10:44:39 INFO ██Saving current best: saved/IMP_GCN-Nov-05-2024-09-03-10.pth
Tue 05 Nov 2024 10:46:52 INFO epoch 43 training [time: 132.96s, train loss: 3.2045]
Tue 05 Nov 2024 10:47:01 INFO epoch 43 evaluating [time: 4.47s, valid_score: 0.136900]
Tue 05 Nov 2024 10:47:01 INFO valid result: 
recall@10: 0.0932    recall@20: 0.1369    recall@40: 0.1936    ndcg@10: 0.0732    ndcg@20: 0.0873    ndcg@40: 0.1031    precision@10: 0.0327    precision@20: 0.0246    precision@40: 0.0178    
Tue 05 Nov 2024 10:47:01 INFO test result: 
recall@10: 0.0932    recall@20: 0.1369    recall@40: 0.1936    ndcg@10: 0.0732    ndcg@20: 0.0873    ndcg@40: 0.1031    precision@10: 0.0327    precision@20: 0.0246    precision@40: 0.0178    
Tue 05 Nov 2024 10:49:14 INFO epoch 44 training [time: 133.71s, train loss: 3.1717]
Tue 05 Nov 2024 10:49:23 INFO epoch 44 evaluating [time: 4.41s, valid_score: 0.136900]
Tue 05 Nov 2024 10:49:23 INFO valid result: 
recall@10: 0.0935    recall@20: 0.1369    recall@40: 0.1933    ndcg@10: 0.0735    ndcg@20: 0.0874    ndcg@40: 0.1031    precision@10: 0.0329    precision@20: 0.0246    precision@40: 0.0178    
Tue 05 Nov 2024 10:49:23 INFO test result: 
recall@10: 0.0935    recall@20: 0.1369    recall@40: 0.1933    ndcg@10: 0.0735    ndcg@20: 0.0874    ndcg@40: 0.1031    precision@10: 0.0329    precision@20: 0.0246    precision@40: 0.0178    
Tue 05 Nov 2024 10:51:36 INFO epoch 45 training [time: 133.09s, train loss: 3.1019]
Tue 05 Nov 2024 10:51:45 INFO epoch 45 evaluating [time: 4.39s, valid_score: 0.137500]
Tue 05 Nov 2024 10:51:45 INFO valid result: 
recall@10: 0.0935    recall@20: 0.1375    recall@40: 0.1938    ndcg@10: 0.0737    ndcg@20: 0.0878    ndcg@40: 0.1035    precision@10: 0.0329    precision@20: 0.0247    precision@40: 0.0178    
Tue 05 Nov 2024 10:51:45 INFO test result: 
recall@10: 0.0935    recall@20: 0.1375    recall@40: 0.1938    ndcg@10: 0.0737    ndcg@20: 0.0878    ndcg@40: 0.1035    precision@10: 0.0329    precision@20: 0.0247    precision@40: 0.0178    
Tue 05 Nov 2024 10:51:45 INFO ██Saving current best: saved/IMP_GCN-Nov-05-2024-09-03-10.pth
Tue 05 Nov 2024 10:53:57 INFO epoch 46 training [time: 131.54s, train loss: 3.0110]
Tue 05 Nov 2024 10:54:06 INFO epoch 46 evaluating [time: 4.41s, valid_score: 0.137500]
Tue 05 Nov 2024 10:54:06 INFO valid result: 
recall@10: 0.0938    recall@20: 0.1375    recall@40: 0.1942    ndcg@10: 0.0738    ndcg@20: 0.0878    ndcg@40: 0.1036    precision@10: 0.0329    precision@20: 0.0247    precision@40: 0.0179    
Tue 05 Nov 2024 10:54:06 INFO test result: 
recall@10: 0.0938    recall@20: 0.1375    recall@40: 0.1942    ndcg@10: 0.0738    ndcg@20: 0.0878    ndcg@40: 0.1036    precision@10: 0.0329    precision@20: 0.0247    precision@40: 0.0179    
Tue 05 Nov 2024 10:56:17 INFO epoch 47 training [time: 131.05s, train loss: 2.9622]
Tue 05 Nov 2024 10:56:25 INFO epoch 47 evaluating [time: 4.42s, valid_score: 0.137500]
Tue 05 Nov 2024 10:56:25 INFO valid result: 
recall@10: 0.0934    recall@20: 0.1375    recall@40: 0.1940    ndcg@10: 0.0737    ndcg@20: 0.0878    ndcg@40: 0.1036    precision@10: 0.0329    precision@20: 0.0247    precision@40: 0.0179    
Tue 05 Nov 2024 10:56:25 INFO test result: 
recall@10: 0.0934    recall@20: 0.1375    recall@40: 0.1940    ndcg@10: 0.0737    ndcg@20: 0.0878    ndcg@40: 0.1036    precision@10: 0.0329    precision@20: 0.0247    precision@40: 0.0179    
Tue 05 Nov 2024 10:58:39 INFO epoch 48 training [time: 133.37s, train loss: 2.8414]
Tue 05 Nov 2024 10:58:47 INFO epoch 48 evaluating [time: 4.48s, valid_score: 0.137500]
Tue 05 Nov 2024 10:58:47 INFO valid result: 
recall@10: 0.0932    recall@20: 0.1375    recall@40: 0.1943    ndcg@10: 0.0737    ndcg@20: 0.0878    ndcg@40: 0.1037    precision@10: 0.0329    precision@20: 0.0247    precision@40: 0.0179    
Tue 05 Nov 2024 10:58:47 INFO test result: 
recall@10: 0.0932    recall@20: 0.1375    recall@40: 0.1943    ndcg@10: 0.0737    ndcg@20: 0.0878    ndcg@40: 0.1037    precision@10: 0.0329    precision@20: 0.0247    precision@40: 0.0179    
Tue 05 Nov 2024 11:00:59 INFO epoch 49 training [time: 131.45s, train loss: 2.8007]
Tue 05 Nov 2024 11:01:08 INFO epoch 49 evaluating [time: 4.51s, valid_score: 0.137500]
Tue 05 Nov 2024 11:01:08 INFO valid result: 
recall@10: 0.0935    recall@20: 0.1375    recall@40: 0.1942    ndcg@10: 0.0739    ndcg@20: 0.0880    ndcg@40: 0.1038    precision@10: 0.0329    precision@20: 0.0247    precision@40: 0.0179    
Tue 05 Nov 2024 11:01:08 INFO test result: 
recall@10: 0.0935    recall@20: 0.1375    recall@40: 0.1942    ndcg@10: 0.0739    ndcg@20: 0.0880    ndcg@40: 0.1038    precision@10: 0.0329    precision@20: 0.0247    precision@40: 0.0179    
Tue 05 Nov 2024 11:03:20 INFO epoch 50 training [time: 132.21s, train loss: 2.7326]
Tue 05 Nov 2024 11:03:29 INFO epoch 50 evaluating [time: 4.48s, valid_score: 0.137200]
Tue 05 Nov 2024 11:03:29 INFO valid result: 
recall@10: 0.0940    recall@20: 0.1372    recall@40: 0.1945    ndcg@10: 0.0741    ndcg@20: 0.0879    ndcg@40: 0.1039    precision@10: 0.0331    precision@20: 0.0247    precision@40: 0.0179    
Tue 05 Nov 2024 11:03:29 INFO test result: 
recall@10: 0.0940    recall@20: 0.1372    recall@40: 0.1945    ndcg@10: 0.0741    ndcg@20: 0.0879    ndcg@40: 0.1039    precision@10: 0.0331    precision@20: 0.0247    precision@40: 0.0179    
Tue 05 Nov 2024 11:05:40 INFO epoch 51 training [time: 131.32s, train loss: 2.6266]
Tue 05 Nov 2024 11:05:49 INFO epoch 51 evaluating [time: 4.52s, valid_score: 0.137700]
Tue 05 Nov 2024 11:05:49 INFO valid result: 
recall@10: 0.0944    recall@20: 0.1377    recall@40: 0.1947    ndcg@10: 0.0741    ndcg@20: 0.0879    ndcg@40: 0.1038    precision@10: 0.0332    precision@20: 0.0248    precision@40: 0.0179    
Tue 05 Nov 2024 11:05:49 INFO test result: 
recall@10: 0.0944    recall@20: 0.1377    recall@40: 0.1947    ndcg@10: 0.0741    ndcg@20: 0.0879    ndcg@40: 0.1038    precision@10: 0.0332    precision@20: 0.0248    precision@40: 0.0179    
Tue 05 Nov 2024 11:05:49 INFO ██Saving current best: saved/IMP_GCN-Nov-05-2024-09-03-10.pth
Tue 05 Nov 2024 11:08:01 INFO epoch 52 training [time: 131.54s, train loss: 2.6662]
Tue 05 Nov 2024 11:08:09 INFO epoch 52 evaluating [time: 4.51s, valid_score: 0.137400]
Tue 05 Nov 2024 11:08:09 INFO valid result: 
recall@10: 0.0942    recall@20: 0.1374    recall@40: 0.1947    ndcg@10: 0.0743    ndcg@20: 0.0880    ndcg@40: 0.1040    precision@10: 0.0332    precision@20: 0.0247    precision@40: 0.0179    
Tue 05 Nov 2024 11:08:09 INFO test result: 
recall@10: 0.0942    recall@20: 0.1374    recall@40: 0.1947    ndcg@10: 0.0743    ndcg@20: 0.0880    ndcg@40: 0.1040    precision@10: 0.0332    precision@20: 0.0247    precision@40: 0.0179    
Tue 05 Nov 2024 11:10:21 INFO epoch 53 training [time: 131.26s, train loss: 2.5893]
Tue 05 Nov 2024 11:10:29 INFO epoch 53 evaluating [time: 4.45s, valid_score: 0.138000]
Tue 05 Nov 2024 11:10:29 INFO valid result: 
recall@10: 0.0937    recall@20: 0.1380    recall@40: 0.1948    ndcg@10: 0.0740    ndcg@20: 0.0881    ndcg@40: 0.1039    precision@10: 0.0330    precision@20: 0.0248    precision@40: 0.0179    
Tue 05 Nov 2024 11:10:29 INFO test result: 
recall@10: 0.0937    recall@20: 0.1380    recall@40: 0.1948    ndcg@10: 0.0740    ndcg@20: 0.0881    ndcg@40: 0.1039    precision@10: 0.0330    precision@20: 0.0248    precision@40: 0.0179    
Tue 05 Nov 2024 11:10:29 INFO ██Saving current best: saved/IMP_GCN-Nov-05-2024-09-03-10.pth
Tue 05 Nov 2024 11:12:41 INFO epoch 54 training [time: 131.37s, train loss: 2.4677]
Tue 05 Nov 2024 11:12:50 INFO epoch 54 evaluating [time: 4.48s, valid_score: 0.137800]
Tue 05 Nov 2024 11:12:50 INFO valid result: 
recall@10: 0.0942    recall@20: 0.1378    recall@40: 0.1951    ndcg@10: 0.0743    ndcg@20: 0.0883    ndcg@40: 0.1043    precision@10: 0.0331    precision@20: 0.0248    precision@40: 0.0179    
Tue 05 Nov 2024 11:12:50 INFO test result: 
recall@10: 0.0942    recall@20: 0.1378    recall@40: 0.1951    ndcg@10: 0.0743    ndcg@20: 0.0883    ndcg@40: 0.1043    precision@10: 0.0331    precision@20: 0.0248    precision@40: 0.0179    
Tue 05 Nov 2024 11:15:03 INFO epoch 55 training [time: 133.09s, train loss: 2.4716]
Tue 05 Nov 2024 11:15:16 INFO epoch 55 evaluating [time: 6.53s, valid_score: 0.137900]
Tue 05 Nov 2024 11:15:16 INFO valid result: 
recall@10: 0.0947    recall@20: 0.1379    recall@40: 0.1950    ndcg@10: 0.0746    ndcg@20: 0.0885    ndcg@40: 0.1044    precision@10: 0.0332    precision@20: 0.0248    precision@40: 0.0179    
Tue 05 Nov 2024 11:15:16 INFO test result: 
recall@10: 0.0947    recall@20: 0.1379    recall@40: 0.1950    ndcg@10: 0.0746    ndcg@20: 0.0885    ndcg@40: 0.1044    precision@10: 0.0332    precision@20: 0.0248    precision@40: 0.0179    
Tue 05 Nov 2024 11:17:33 INFO epoch 56 training [time: 137.25s, train loss: 2.3962]
Tue 05 Nov 2024 11:17:46 INFO epoch 56 evaluating [time: 6.47s, valid_score: 0.138300]
Tue 05 Nov 2024 11:17:46 INFO valid result: 
recall@10: 0.0945    recall@20: 0.1383    recall@40: 0.1953    ndcg@10: 0.0746    ndcg@20: 0.0886    ndcg@40: 0.1044    precision@10: 0.0332    precision@20: 0.0248    precision@40: 0.0180    
Tue 05 Nov 2024 11:17:46 INFO test result: 
recall@10: 0.0945    recall@20: 0.1383    recall@40: 0.1953    ndcg@10: 0.0746    ndcg@20: 0.0886    ndcg@40: 0.1044    precision@10: 0.0332    precision@20: 0.0248    precision@40: 0.0180    
Tue 05 Nov 2024 11:17:46 INFO ██Saving current best: saved/IMP_GCN-Nov-05-2024-09-03-10.pth
Tue 05 Nov 2024 11:19:59 INFO epoch 57 training [time: 133.35s, train loss: 2.3485]
Tue 05 Nov 2024 11:20:08 INFO epoch 57 evaluating [time: 4.41s, valid_score: 0.138300]
Tue 05 Nov 2024 11:20:08 INFO valid result: 
recall@10: 0.0948    recall@20: 0.1383    recall@40: 0.1952    ndcg@10: 0.0748    ndcg@20: 0.0887    ndcg@40: 0.1046    precision@10: 0.0332    precision@20: 0.0248    precision@40: 0.0180    
Tue 05 Nov 2024 11:20:08 INFO test result: 
recall@10: 0.0948    recall@20: 0.1383    recall@40: 0.1952    ndcg@10: 0.0748    ndcg@20: 0.0887    ndcg@40: 0.1046    precision@10: 0.0332    precision@20: 0.0248    precision@40: 0.0180    
Tue 05 Nov 2024 11:22:20 INFO epoch 58 training [time: 132.19s, train loss: 2.3050]
Tue 05 Nov 2024 11:22:29 INFO epoch 58 evaluating [time: 4.36s, valid_score: 0.138400]
Tue 05 Nov 2024 11:22:29 INFO valid result: 
recall@10: 0.0946    recall@20: 0.1384    recall@40: 0.1954    ndcg@10: 0.0747    ndcg@20: 0.0887    ndcg@40: 0.1046    precision@10: 0.0332    precision@20: 0.0248    precision@40: 0.0180    
Tue 05 Nov 2024 11:22:29 INFO test result: 
recall@10: 0.0946    recall@20: 0.1384    recall@40: 0.1954    ndcg@10: 0.0747    ndcg@20: 0.0887    ndcg@40: 0.1046    precision@10: 0.0332    precision@20: 0.0248    precision@40: 0.0180    
Tue 05 Nov 2024 11:22:29 INFO ██Saving current best: saved/IMP_GCN-Nov-05-2024-09-03-10.pth
Tue 05 Nov 2024 11:24:41 INFO epoch 59 training [time: 131.49s, train loss: 2.2806]
Tue 05 Nov 2024 11:24:49 INFO epoch 59 evaluating [time: 4.46s, valid_score: 0.137900]
Tue 05 Nov 2024 11:24:49 INFO valid result: 
recall@10: 0.0943    recall@20: 0.1379    recall@40: 0.1950    ndcg@10: 0.0748    ndcg@20: 0.0887    ndcg@40: 0.1046    precision@10: 0.0332    precision@20: 0.0248    precision@40: 0.0179    
Tue 05 Nov 2024 11:24:49 INFO test result: 
recall@10: 0.0943    recall@20: 0.1379    recall@40: 0.1950    ndcg@10: 0.0748    ndcg@20: 0.0887    ndcg@40: 0.1046    precision@10: 0.0332    precision@20: 0.0248    precision@40: 0.0179    
Tue 05 Nov 2024 11:27:01 INFO epoch 60 training [time: 131.59s, train loss: 2.2345]
Tue 05 Nov 2024 11:27:10 INFO epoch 60 evaluating [time: 4.42s, valid_score: 0.138200]
Tue 05 Nov 2024 11:27:10 INFO valid result: 
recall@10: 0.0943    recall@20: 0.1382    recall@40: 0.1953    ndcg@10: 0.0749    ndcg@20: 0.0889    ndcg@40: 0.1048    precision@10: 0.0332    precision@20: 0.0249    precision@40: 0.0179    
Tue 05 Nov 2024 11:27:10 INFO test result: 
recall@10: 0.0943    recall@20: 0.1382    recall@40: 0.1953    ndcg@10: 0.0749    ndcg@20: 0.0889    ndcg@40: 0.1048    precision@10: 0.0332    precision@20: 0.0249    precision@40: 0.0179    
Tue 05 Nov 2024 11:29:21 INFO epoch 61 training [time: 131.42s, train loss: 2.1705]
Tue 05 Nov 2024 11:29:30 INFO epoch 61 evaluating [time: 4.40s, valid_score: 0.138200]
Tue 05 Nov 2024 11:29:30 INFO valid result: 
recall@10: 0.0949    recall@20: 0.1382    recall@40: 0.1956    ndcg@10: 0.0752    ndcg@20: 0.0891    ndcg@40: 0.1051    precision@10: 0.0333    precision@20: 0.0249    precision@40: 0.0180    
Tue 05 Nov 2024 11:29:30 INFO test result: 
recall@10: 0.0949    recall@20: 0.1382    recall@40: 0.1956    ndcg@10: 0.0752    ndcg@20: 0.0891    ndcg@40: 0.1051    precision@10: 0.0333    precision@20: 0.0249    precision@40: 0.0180    
Tue 05 Nov 2024 11:31:41 INFO epoch 62 training [time: 131.40s, train loss: 2.1418]
Tue 05 Nov 2024 11:31:50 INFO epoch 62 evaluating [time: 4.42s, valid_score: 0.138400]
Tue 05 Nov 2024 11:31:50 INFO valid result: 
recall@10: 0.0946    recall@20: 0.1384    recall@40: 0.1955    ndcg@10: 0.0750    ndcg@20: 0.0890    ndcg@40: 0.1049    precision@10: 0.0332    precision@20: 0.0249    precision@40: 0.0180    
Tue 05 Nov 2024 11:31:50 INFO test result: 
recall@10: 0.0946    recall@20: 0.1384    recall@40: 0.1955    ndcg@10: 0.0750    ndcg@20: 0.0890    ndcg@40: 0.1049    precision@10: 0.0332    precision@20: 0.0249    precision@40: 0.0180    
Tue 05 Nov 2024 11:34:02 INFO epoch 63 training [time: 131.58s, train loss: 2.1022]
Tue 05 Nov 2024 11:34:11 INFO epoch 63 evaluating [time: 4.50s, valid_score: 0.138600]
Tue 05 Nov 2024 11:34:11 INFO valid result: 
recall@10: 0.0946    recall@20: 0.1386    recall@40: 0.1958    ndcg@10: 0.0752    ndcg@20: 0.0892    ndcg@40: 0.1051    precision@10: 0.0333    precision@20: 0.0249    precision@40: 0.0180    
Tue 05 Nov 2024 11:34:11 INFO test result: 
recall@10: 0.0946    recall@20: 0.1386    recall@40: 0.1958    ndcg@10: 0.0752    ndcg@20: 0.0892    ndcg@40: 0.1051    precision@10: 0.0333    precision@20: 0.0249    precision@40: 0.0180    
Tue 05 Nov 2024 11:34:11 INFO ██Saving current best: saved/IMP_GCN-Nov-05-2024-09-03-10.pth
Tue 05 Nov 2024 11:36:22 INFO epoch 64 training [time: 131.62s, train loss: 2.0874]
Tue 05 Nov 2024 11:36:31 INFO epoch 64 evaluating [time: 4.53s, valid_score: 0.138400]
Tue 05 Nov 2024 11:36:31 INFO valid result: 
recall@10: 0.0945    recall@20: 0.1384    recall@40: 0.1958    ndcg@10: 0.0750    ndcg@20: 0.0891    ndcg@40: 0.1051    precision@10: 0.0332    precision@20: 0.0249    precision@40: 0.0180    
Tue 05 Nov 2024 11:36:31 INFO test result: 
recall@10: 0.0945    recall@20: 0.1384    recall@40: 0.1958    ndcg@10: 0.0750    ndcg@20: 0.0891    ndcg@40: 0.1051    precision@10: 0.0332    precision@20: 0.0249    precision@40: 0.0180    
Tue 05 Nov 2024 11:38:43 INFO epoch 65 training [time: 131.57s, train loss: 2.0407]
Tue 05 Nov 2024 11:38:52 INFO epoch 65 evaluating [time: 4.53s, valid_score: 0.139000]
Tue 05 Nov 2024 11:38:52 INFO valid result: 
recall@10: 0.0948    recall@20: 0.1390    recall@40: 0.1960    ndcg@10: 0.0751    ndcg@20: 0.0892    ndcg@40: 0.1051    precision@10: 0.0333    precision@20: 0.0250    precision@40: 0.0180    
Tue 05 Nov 2024 11:38:52 INFO test result: 
recall@10: 0.0948    recall@20: 0.1390    recall@40: 0.1960    ndcg@10: 0.0751    ndcg@20: 0.0892    ndcg@40: 0.1051    precision@10: 0.0333    precision@20: 0.0250    precision@40: 0.0180    
Tue 05 Nov 2024 11:38:52 INFO ██Saving current best: saved/IMP_GCN-Nov-05-2024-09-03-10.pth
Tue 05 Nov 2024 11:41:04 INFO epoch 66 training [time: 131.97s, train loss: 2.0104]
Tue 05 Nov 2024 11:41:13 INFO epoch 66 evaluating [time: 4.57s, valid_score: 0.139000]
Tue 05 Nov 2024 11:41:13 INFO valid result: 
recall@10: 0.0950    recall@20: 0.1390    recall@40: 0.1960    ndcg@10: 0.0752    ndcg@20: 0.0893    ndcg@40: 0.1052    precision@10: 0.0334    precision@20: 0.0250    precision@40: 0.0180    
Tue 05 Nov 2024 11:41:13 INFO test result: 
recall@10: 0.0950    recall@20: 0.1390    recall@40: 0.1960    ndcg@10: 0.0752    ndcg@20: 0.0893    ndcg@40: 0.1052    precision@10: 0.0334    precision@20: 0.0250    precision@40: 0.0180    
Tue 05 Nov 2024 11:43:24 INFO epoch 67 training [time: 131.44s, train loss: 1.9734]
Tue 05 Nov 2024 11:43:33 INFO epoch 67 evaluating [time: 4.50s, valid_score: 0.139200]
Tue 05 Nov 2024 11:43:33 INFO valid result: 
recall@10: 0.0951    recall@20: 0.1392    recall@40: 0.1960    ndcg@10: 0.0752    ndcg@20: 0.0894    ndcg@40: 0.1052    precision@10: 0.0334    precision@20: 0.0250    precision@40: 0.0180    
Tue 05 Nov 2024 11:43:33 INFO test result: 
recall@10: 0.0951    recall@20: 0.1392    recall@40: 0.1960    ndcg@10: 0.0752    ndcg@20: 0.0894    ndcg@40: 0.1052    precision@10: 0.0334    precision@20: 0.0250    precision@40: 0.0180    
Tue 05 Nov 2024 11:43:33 INFO ██Saving current best: saved/IMP_GCN-Nov-05-2024-09-03-10.pth
Tue 05 Nov 2024 11:45:44 INFO epoch 68 training [time: 131.52s, train loss: 1.9796]
Tue 05 Nov 2024 11:45:53 INFO epoch 68 evaluating [time: 4.51s, valid_score: 0.139200]
Tue 05 Nov 2024 11:45:53 INFO valid result: 
recall@10: 0.0952    recall@20: 0.1392    recall@40: 0.1957    ndcg@10: 0.0752    ndcg@20: 0.0893    ndcg@40: 0.1051    precision@10: 0.0334    precision@20: 0.0250    precision@40: 0.0180    
Tue 05 Nov 2024 11:45:53 INFO test result: 
recall@10: 0.0952    recall@20: 0.1392    recall@40: 0.1957    ndcg@10: 0.0752    ndcg@20: 0.0893    ndcg@40: 0.1051    precision@10: 0.0334    precision@20: 0.0250    precision@40: 0.0180    
Tue 05 Nov 2024 11:48:05 INFO epoch 69 training [time: 131.50s, train loss: 1.8909]
Tue 05 Nov 2024 11:48:14 INFO epoch 69 evaluating [time: 4.50s, valid_score: 0.138900]
Tue 05 Nov 2024 11:48:14 INFO valid result: 
recall@10: 0.0958    recall@20: 0.1389    recall@40: 0.1955    ndcg@10: 0.0755    ndcg@20: 0.0893    ndcg@40: 0.1051    precision@10: 0.0336    precision@20: 0.0250    precision@40: 0.0180    
Tue 05 Nov 2024 11:48:14 INFO test result: 
recall@10: 0.0958    recall@20: 0.1389    recall@40: 0.1955    ndcg@10: 0.0755    ndcg@20: 0.0893    ndcg@40: 0.1051    precision@10: 0.0336    precision@20: 0.0250    precision@40: 0.0180    
Tue 05 Nov 2024 11:50:25 INFO epoch 70 training [time: 131.56s, train loss: 1.9309]
Tue 05 Nov 2024 11:50:34 INFO epoch 70 evaluating [time: 4.37s, valid_score: 0.139000]
Tue 05 Nov 2024 11:50:34 INFO valid result: 
recall@10: 0.0951    recall@20: 0.1390    recall@40: 0.1959    ndcg@10: 0.0753    ndcg@20: 0.0893    ndcg@40: 0.1052    precision@10: 0.0334    precision@20: 0.0250    precision@40: 0.0180    
Tue 05 Nov 2024 11:50:34 INFO test result: 
recall@10: 0.0951    recall@20: 0.1390    recall@40: 0.1959    ndcg@10: 0.0753    ndcg@20: 0.0893    ndcg@40: 0.1052    precision@10: 0.0334    precision@20: 0.0250    precision@40: 0.0180    
Tue 05 Nov 2024 11:52:45 INFO epoch 71 training [time: 131.46s, train loss: 1.8921]
Tue 05 Nov 2024 11:52:54 INFO epoch 71 evaluating [time: 4.40s, valid_score: 0.139600]
Tue 05 Nov 2024 11:52:54 INFO valid result: 
recall@10: 0.0955    recall@20: 0.1396    recall@40: 0.1956    ndcg@10: 0.0754    ndcg@20: 0.0895    ndcg@40: 0.1052    precision@10: 0.0335    precision@20: 0.0250    precision@40: 0.0180    
Tue 05 Nov 2024 11:52:54 INFO test result: 
recall@10: 0.0955    recall@20: 0.1396    recall@40: 0.1956    ndcg@10: 0.0754    ndcg@20: 0.0895    ndcg@40: 0.1052    precision@10: 0.0335    precision@20: 0.0250    precision@40: 0.0180    
Tue 05 Nov 2024 11:52:54 INFO ██Saving current best: saved/IMP_GCN-Nov-05-2024-09-03-10.pth
Tue 05 Nov 2024 11:55:06 INFO epoch 72 training [time: 131.53s, train loss: 1.8521]
Tue 05 Nov 2024 11:55:15 INFO epoch 72 evaluating [time: 4.41s, valid_score: 0.139500]
Tue 05 Nov 2024 11:55:15 INFO valid result: 
recall@10: 0.0950    recall@20: 0.1395    recall@40: 0.1957    ndcg@10: 0.0753    ndcg@20: 0.0896    ndcg@40: 0.1053    precision@10: 0.0333    precision@20: 0.0251    precision@40: 0.0180    
Tue 05 Nov 2024 11:55:15 INFO test result: 
recall@10: 0.0950    recall@20: 0.1395    recall@40: 0.1957    ndcg@10: 0.0753    ndcg@20: 0.0896    ndcg@40: 0.1053    precision@10: 0.0333    precision@20: 0.0251    precision@40: 0.0180    
Tue 05 Nov 2024 11:57:26 INFO epoch 73 training [time: 131.66s, train loss: 1.8274]
Tue 05 Nov 2024 11:57:35 INFO epoch 73 evaluating [time: 4.43s, valid_score: 0.139000]
Tue 05 Nov 2024 11:57:35 INFO valid result: 
recall@10: 0.0947    recall@20: 0.1390    recall@40: 0.1957    ndcg@10: 0.0752    ndcg@20: 0.0894    ndcg@40: 0.1053    precision@10: 0.0333    precision@20: 0.0250    precision@40: 0.0180    
Tue 05 Nov 2024 11:57:35 INFO test result: 
recall@10: 0.0947    recall@20: 0.1390    recall@40: 0.1957    ndcg@10: 0.0752    ndcg@20: 0.0894    ndcg@40: 0.1053    precision@10: 0.0333    precision@20: 0.0250    precision@40: 0.0180    
Tue 05 Nov 2024 11:59:47 INFO epoch 74 training [time: 131.59s, train loss: 1.7723]
Tue 05 Nov 2024 11:59:55 INFO epoch 74 evaluating [time: 4.40s, valid_score: 0.139000]
Tue 05 Nov 2024 11:59:55 INFO valid result: 
recall@10: 0.0947    recall@20: 0.1390    recall@40: 0.1957    ndcg@10: 0.0753    ndcg@20: 0.0894    ndcg@40: 0.1053    precision@10: 0.0333    precision@20: 0.0250    precision@40: 0.0180    
Tue 05 Nov 2024 11:59:55 INFO test result: 
recall@10: 0.0947    recall@20: 0.1390    recall@40: 0.1957    ndcg@10: 0.0753    ndcg@20: 0.0894    ndcg@40: 0.1053    precision@10: 0.0333    precision@20: 0.0250    precision@40: 0.0180    
Tue 05 Nov 2024 12:02:07 INFO epoch 75 training [time: 131.60s, train loss: 1.7789]
Tue 05 Nov 2024 12:02:16 INFO epoch 75 evaluating [time: 4.43s, valid_score: 0.139100]
Tue 05 Nov 2024 12:02:16 INFO valid result: 
recall@10: 0.0951    recall@20: 0.1391    recall@40: 0.1960    ndcg@10: 0.0753    ndcg@20: 0.0894    ndcg@40: 0.1053    precision@10: 0.0334    precision@20: 0.0250    precision@40: 0.0180    
Tue 05 Nov 2024 12:02:16 INFO test result: 
recall@10: 0.0951    recall@20: 0.1391    recall@40: 0.1960    ndcg@10: 0.0753    ndcg@20: 0.0894    ndcg@40: 0.1053    precision@10: 0.0334    precision@20: 0.0250    precision@40: 0.0180    
Tue 05 Nov 2024 12:04:28 INFO epoch 76 training [time: 131.65s, train loss: 1.7097]
Tue 05 Nov 2024 12:04:36 INFO epoch 76 evaluating [time: 4.46s, valid_score: 0.139500]
Tue 05 Nov 2024 12:04:36 INFO valid result: 
recall@10: 0.0955    recall@20: 0.1395    recall@40: 0.1954    ndcg@10: 0.0753    ndcg@20: 0.0894    ndcg@40: 0.1051    precision@10: 0.0335    precision@20: 0.0250    precision@40: 0.0180    
Tue 05 Nov 2024 12:04:36 INFO test result: 
recall@10: 0.0955    recall@20: 0.1395    recall@40: 0.1954    ndcg@10: 0.0753    ndcg@20: 0.0894    ndcg@40: 0.1051    precision@10: 0.0335    precision@20: 0.0250    precision@40: 0.0180    
Tue 05 Nov 2024 12:06:48 INFO epoch 77 training [time: 131.79s, train loss: 1.7328]
Tue 05 Nov 2024 12:06:57 INFO epoch 77 evaluating [time: 4.41s, valid_score: 0.139600]
Tue 05 Nov 2024 12:06:57 INFO valid result: 
recall@10: 0.0954    recall@20: 0.1396    recall@40: 0.1958    ndcg@10: 0.0754    ndcg@20: 0.0895    ndcg@40: 0.1052    precision@10: 0.0334    precision@20: 0.0250    precision@40: 0.0180    
Tue 05 Nov 2024 12:06:57 INFO test result: 
recall@10: 0.0954    recall@20: 0.1396    recall@40: 0.1958    ndcg@10: 0.0754    ndcg@20: 0.0895    ndcg@40: 0.1052    precision@10: 0.0334    precision@20: 0.0250    precision@40: 0.0180    
Tue 05 Nov 2024 12:09:09 INFO epoch 78 training [time: 131.51s, train loss: 1.7155]
Tue 05 Nov 2024 12:09:17 INFO epoch 78 evaluating [time: 4.53s, valid_score: 0.139500]
Tue 05 Nov 2024 12:09:17 INFO valid result: 
recall@10: 0.0954    recall@20: 0.1395    recall@40: 0.1956    ndcg@10: 0.0755    ndcg@20: 0.0896    ndcg@40: 0.1053    precision@10: 0.0335    precision@20: 0.0250    precision@40: 0.0180    
Tue 05 Nov 2024 12:09:17 INFO test result: 
recall@10: 0.0954    recall@20: 0.1395    recall@40: 0.1956    ndcg@10: 0.0755    ndcg@20: 0.0896    ndcg@40: 0.1053    precision@10: 0.0335    precision@20: 0.0250    precision@40: 0.0180    
Tue 05 Nov 2024 12:11:29 INFO epoch 79 training [time: 131.76s, train loss: 1.6437]
Tue 05 Nov 2024 12:11:38 INFO epoch 79 evaluating [time: 4.48s, valid_score: 0.139500]
Tue 05 Nov 2024 12:11:38 INFO valid result: 
recall@10: 0.0954    recall@20: 0.1395    recall@40: 0.1958    ndcg@10: 0.0755    ndcg@20: 0.0896    ndcg@40: 0.1054    precision@10: 0.0335    precision@20: 0.0250    precision@40: 0.0180    
Tue 05 Nov 2024 12:11:38 INFO test result: 
recall@10: 0.0954    recall@20: 0.1395    recall@40: 0.1958    ndcg@10: 0.0755    ndcg@20: 0.0896    ndcg@40: 0.1054    precision@10: 0.0335    precision@20: 0.0250    precision@40: 0.0180    
Tue 05 Nov 2024 12:13:50 INFO epoch 80 training [time: 131.58s, train loss: 1.6194]
Tue 05 Nov 2024 12:13:58 INFO epoch 80 evaluating [time: 4.52s, valid_score: 0.139900]
Tue 05 Nov 2024 12:13:58 INFO valid result: 
recall@10: 0.0955    recall@20: 0.1399    recall@40: 0.1957    ndcg@10: 0.0756    ndcg@20: 0.0898    ndcg@40: 0.1054    precision@10: 0.0336    precision@20: 0.0251    precision@40: 0.0180    
Tue 05 Nov 2024 12:13:58 INFO test result: 
recall@10: 0.0955    recall@20: 0.1399    recall@40: 0.1957    ndcg@10: 0.0756    ndcg@20: 0.0898    ndcg@40: 0.1054    precision@10: 0.0336    precision@20: 0.0251    precision@40: 0.0180    
Tue 05 Nov 2024 12:13:59 INFO ██Saving current best: saved/IMP_GCN-Nov-05-2024-09-03-10.pth
Tue 05 Nov 2024 12:16:10 INFO epoch 81 training [time: 131.17s, train loss: 1.6290]
Tue 05 Nov 2024 12:16:19 INFO epoch 81 evaluating [time: 4.51s, valid_score: 0.139800]
Tue 05 Nov 2024 12:16:19 INFO valid result: 
recall@10: 0.0950    recall@20: 0.1398    recall@40: 0.1953    ndcg@10: 0.0754    ndcg@20: 0.0897    ndcg@40: 0.1052    precision@10: 0.0335    precision@20: 0.0250    precision@40: 0.0179    
Tue 05 Nov 2024 12:16:19 INFO test result: 
recall@10: 0.0950    recall@20: 0.1398    recall@40: 0.1953    ndcg@10: 0.0754    ndcg@20: 0.0897    ndcg@40: 0.1052    precision@10: 0.0335    precision@20: 0.0250    precision@40: 0.0179    
Tue 05 Nov 2024 12:18:28 INFO epoch 82 training [time: 129.67s, train loss: 1.6281]
Tue 05 Nov 2024 12:18:37 INFO epoch 82 evaluating [time: 4.50s, valid_score: 0.139400]
Tue 05 Nov 2024 12:18:37 INFO valid result: 
recall@10: 0.0953    recall@20: 0.1394    recall@40: 0.1951    ndcg@10: 0.0757    ndcg@20: 0.0897    ndcg@40: 0.1053    precision@10: 0.0336    precision@20: 0.0250    precision@40: 0.0180    
Tue 05 Nov 2024 12:18:37 INFO test result: 
recall@10: 0.0953    recall@20: 0.1394    recall@40: 0.1951    ndcg@10: 0.0757    ndcg@20: 0.0897    ndcg@40: 0.1053    precision@10: 0.0336    precision@20: 0.0250    precision@40: 0.0180    
Tue 05 Nov 2024 12:20:48 INFO epoch 83 training [time: 130.76s, train loss: 1.6189]
Tue 05 Nov 2024 12:20:57 INFO epoch 83 evaluating [time: 4.49s, valid_score: 0.139500]
Tue 05 Nov 2024 12:20:57 INFO valid result: 
recall@10: 0.0953    recall@20: 0.1395    recall@40: 0.1948    ndcg@10: 0.0755    ndcg@20: 0.0896    ndcg@40: 0.1051    precision@10: 0.0336    precision@20: 0.0250    precision@40: 0.0180    
Tue 05 Nov 2024 12:20:57 INFO test result: 
recall@10: 0.0953    recall@20: 0.1395    recall@40: 0.1948    ndcg@10: 0.0755    ndcg@20: 0.0896    ndcg@40: 0.1051    precision@10: 0.0336    precision@20: 0.0250    precision@40: 0.0180    
Tue 05 Nov 2024 12:23:08 INFO epoch 84 training [time: 131.47s, train loss: 1.5571]
Tue 05 Nov 2024 12:23:17 INFO epoch 84 evaluating [time: 4.49s, valid_score: 0.139900]
Tue 05 Nov 2024 12:23:17 INFO valid result: 
recall@10: 0.0956    recall@20: 0.1399    recall@40: 0.1955    ndcg@10: 0.0758    ndcg@20: 0.0899    ndcg@40: 0.1054    precision@10: 0.0336    precision@20: 0.0251    precision@40: 0.0180    
Tue 05 Nov 2024 12:23:17 INFO test result: 
recall@10: 0.0956    recall@20: 0.1399    recall@40: 0.1955    ndcg@10: 0.0758    ndcg@20: 0.0899    ndcg@40: 0.1054    precision@10: 0.0336    precision@20: 0.0251    precision@40: 0.0180    
Tue 05 Nov 2024 12:25:28 INFO epoch 85 training [time: 131.39s, train loss: 1.5938]
Tue 05 Nov 2024 12:25:37 INFO epoch 85 evaluating [time: 4.41s, valid_score: 0.139300]
Tue 05 Nov 2024 12:25:37 INFO valid result: 
recall@10: 0.0954    recall@20: 0.1393    recall@40: 0.1955    ndcg@10: 0.0755    ndcg@20: 0.0895    ndcg@40: 0.1052    precision@10: 0.0336    precision@20: 0.0250    precision@40: 0.0180    
Tue 05 Nov 2024 12:25:37 INFO test result: 
recall@10: 0.0954    recall@20: 0.1393    recall@40: 0.1955    ndcg@10: 0.0755    ndcg@20: 0.0895    ndcg@40: 0.1052    precision@10: 0.0336    precision@20: 0.0250    precision@40: 0.0180    
Tue 05 Nov 2024 12:27:48 INFO epoch 86 training [time: 131.28s, train loss: 1.6020]
Tue 05 Nov 2024 12:27:57 INFO epoch 86 evaluating [time: 4.40s, valid_score: 0.139800]
Tue 05 Nov 2024 12:27:57 INFO valid result: 
recall@10: 0.0954    recall@20: 0.1398    recall@40: 0.1953    ndcg@10: 0.0756    ndcg@20: 0.0897    ndcg@40: 0.1052    precision@10: 0.0336    precision@20: 0.0251    precision@40: 0.0180    
Tue 05 Nov 2024 12:27:57 INFO test result: 
recall@10: 0.0954    recall@20: 0.1398    recall@40: 0.1953    ndcg@10: 0.0756    ndcg@20: 0.0897    ndcg@40: 0.1052    precision@10: 0.0336    precision@20: 0.0251    precision@40: 0.0180    
Tue 05 Nov 2024 12:30:09 INFO epoch 87 training [time: 131.46s, train loss: 1.4881]
Tue 05 Nov 2024 12:30:17 INFO epoch 87 evaluating [time: 4.37s, valid_score: 0.139300]
Tue 05 Nov 2024 12:30:17 INFO valid result: 
recall@10: 0.0957    recall@20: 0.1393    recall@40: 0.1950    ndcg@10: 0.0758    ndcg@20: 0.0897    ndcg@40: 0.1052    precision@10: 0.0337    precision@20: 0.0250    precision@40: 0.0180    
Tue 05 Nov 2024 12:30:17 INFO test result: 
recall@10: 0.0957    recall@20: 0.1393    recall@40: 0.1950    ndcg@10: 0.0758    ndcg@20: 0.0897    ndcg@40: 0.1052    precision@10: 0.0337    precision@20: 0.0250    precision@40: 0.0180    
Tue 05 Nov 2024 12:32:29 INFO epoch 88 training [time: 131.92s, train loss: 1.5211]
Tue 05 Nov 2024 12:32:38 INFO epoch 88 evaluating [time: 4.38s, valid_score: 0.138700]
Tue 05 Nov 2024 12:32:38 INFO valid result: 
recall@10: 0.0956    recall@20: 0.1387    recall@40: 0.1950    ndcg@10: 0.0757    ndcg@20: 0.0895    ndcg@40: 0.1052    precision@10: 0.0336    precision@20: 0.0249    precision@40: 0.0180    
Tue 05 Nov 2024 12:32:38 INFO test result: 
recall@10: 0.0956    recall@20: 0.1387    recall@40: 0.1950    ndcg@10: 0.0757    ndcg@20: 0.0895    ndcg@40: 0.1052    precision@10: 0.0336    precision@20: 0.0249    precision@40: 0.0180    
Tue 05 Nov 2024 12:34:50 INFO epoch 89 training [time: 132.05s, train loss: 1.5325]
Tue 05 Nov 2024 12:34:59 INFO epoch 89 evaluating [time: 4.44s, valid_score: 0.138700]
Tue 05 Nov 2024 12:34:59 INFO valid result: 
recall@10: 0.0951    recall@20: 0.1387    recall@40: 0.1947    ndcg@10: 0.0755    ndcg@20: 0.0895    ndcg@40: 0.1051    precision@10: 0.0334    precision@20: 0.0250    precision@40: 0.0179    
Tue 05 Nov 2024 12:34:59 INFO test result: 
recall@10: 0.0951    recall@20: 0.1387    recall@40: 0.1947    ndcg@10: 0.0755    ndcg@20: 0.0895    ndcg@40: 0.1051    precision@10: 0.0334    precision@20: 0.0250    precision@40: 0.0179    
Tue 05 Nov 2024 12:37:10 INFO epoch 90 training [time: 131.36s, train loss: 1.4878]
Tue 05 Nov 2024 12:37:19 INFO epoch 90 evaluating [time: 4.49s, valid_score: 0.139100]
Tue 05 Nov 2024 12:37:19 INFO valid result: 
recall@10: 0.0951    recall@20: 0.1391    recall@40: 0.1948    ndcg@10: 0.0754    ndcg@20: 0.0895    ndcg@40: 0.1050    precision@10: 0.0335    precision@20: 0.0250    precision@40: 0.0179    
Tue 05 Nov 2024 12:37:19 INFO test result: 
recall@10: 0.0951    recall@20: 0.1391    recall@40: 0.1948    ndcg@10: 0.0754    ndcg@20: 0.0895    ndcg@40: 0.1050    precision@10: 0.0335    precision@20: 0.0250    precision@40: 0.0179    
Tue 05 Nov 2024 12:39:32 INFO epoch 91 training [time: 132.29s, train loss: 1.4488]
Tue 05 Nov 2024 12:39:41 INFO epoch 91 evaluating [time: 4.52s, valid_score: 0.139200]
Tue 05 Nov 2024 12:39:41 INFO valid result: 
recall@10: 0.0954    recall@20: 0.1392    recall@40: 0.1951    ndcg@10: 0.0757    ndcg@20: 0.0897    ndcg@40: 0.1053    precision@10: 0.0336    precision@20: 0.0250    precision@40: 0.0180    
Tue 05 Nov 2024 12:39:41 INFO test result: 
recall@10: 0.0954    recall@20: 0.1392    recall@40: 0.1951    ndcg@10: 0.0757    ndcg@20: 0.0897    ndcg@40: 0.1053    precision@10: 0.0336    precision@20: 0.0250    precision@40: 0.0180    
Tue 05 Nov 2024 12:41:53 INFO epoch 92 training [time: 132.27s, train loss: 1.4432]
Tue 05 Nov 2024 12:42:02 INFO epoch 92 evaluating [time: 4.59s, valid_score: 0.138800]
Tue 05 Nov 2024 12:42:02 INFO valid result: 
recall@10: 0.0954    recall@20: 0.1388    recall@40: 0.1949    ndcg@10: 0.0758    ndcg@20: 0.0897    ndcg@40: 0.1053    precision@10: 0.0336    precision@20: 0.0250    precision@40: 0.0180    
Tue 05 Nov 2024 12:42:02 INFO test result: 
recall@10: 0.0954    recall@20: 0.1388    recall@40: 0.1949    ndcg@10: 0.0758    ndcg@20: 0.0897    ndcg@40: 0.1053    precision@10: 0.0336    precision@20: 0.0250    precision@40: 0.0180    
Tue 05 Nov 2024 12:44:14 INFO epoch 93 training [time: 132.40s, train loss: 1.4349]
Tue 05 Nov 2024 12:44:24 INFO epoch 93 evaluating [time: 4.62s, valid_score: 0.138900]
Tue 05 Nov 2024 12:44:24 INFO valid result: 
recall@10: 0.0957    recall@20: 0.1389    recall@40: 0.1957    ndcg@10: 0.0759    ndcg@20: 0.0897    ndcg@40: 0.1055    precision@10: 0.0337    precision@20: 0.0250    precision@40: 0.0180    
Tue 05 Nov 2024 12:44:24 INFO test result: 
recall@10: 0.0957    recall@20: 0.1389    recall@40: 0.1957    ndcg@10: 0.0759    ndcg@20: 0.0897    ndcg@40: 0.1055    precision@10: 0.0337    precision@20: 0.0250    precision@40: 0.0180    
Tue 05 Nov 2024 12:46:35 INFO epoch 94 training [time: 131.88s, train loss: 1.4335]
Tue 05 Nov 2024 12:46:44 INFO epoch 94 evaluating [time: 4.56s, valid_score: 0.139000]
Tue 05 Nov 2024 12:46:44 INFO valid result: 
recall@10: 0.0954    recall@20: 0.1390    recall@40: 0.1956    ndcg@10: 0.0758    ndcg@20: 0.0897    ndcg@40: 0.1055    precision@10: 0.0336    precision@20: 0.0250    precision@40: 0.0180    
Tue 05 Nov 2024 12:46:44 INFO test result: 
recall@10: 0.0954    recall@20: 0.1390    recall@40: 0.1956    ndcg@10: 0.0758    ndcg@20: 0.0897    ndcg@40: 0.1055    precision@10: 0.0336    precision@20: 0.0250    precision@40: 0.0180    
Tue 05 Nov 2024 12:48:57 INFO epoch 95 training [time: 132.72s, train loss: 1.4174]
Tue 05 Nov 2024 12:49:06 INFO epoch 95 evaluating [time: 4.57s, valid_score: 0.139500]
Tue 05 Nov 2024 12:49:06 INFO valid result: 
recall@10: 0.0954    recall@20: 0.1395    recall@40: 0.1957    ndcg@10: 0.0759    ndcg@20: 0.0899    ndcg@40: 0.1056    precision@10: 0.0336    precision@20: 0.0250    precision@40: 0.0180    
Tue 05 Nov 2024 12:49:06 INFO test result: 
recall@10: 0.0954    recall@20: 0.1395    recall@40: 0.1957    ndcg@10: 0.0759    ndcg@20: 0.0899    ndcg@40: 0.1056    precision@10: 0.0336    precision@20: 0.0250    precision@40: 0.0180    
Tue 05 Nov 2024 12:51:18 INFO epoch 96 training [time: 132.28s, train loss: 1.4099]
Tue 05 Nov 2024 12:51:28 INFO epoch 96 evaluating [time: 4.64s, valid_score: 0.139100]
Tue 05 Nov 2024 12:51:28 INFO valid result: 
recall@10: 0.0952    recall@20: 0.1391    recall@40: 0.1948    ndcg@10: 0.0757    ndcg@20: 0.0897    ndcg@40: 0.1052    precision@10: 0.0335    precision@20: 0.0250    precision@40: 0.0179    
Tue 05 Nov 2024 12:51:28 INFO test result: 
recall@10: 0.0952    recall@20: 0.1391    recall@40: 0.1948    ndcg@10: 0.0757    ndcg@20: 0.0897    ndcg@40: 0.1052    precision@10: 0.0335    precision@20: 0.0250    precision@40: 0.0179    
Tue 05 Nov 2024 12:53:40 INFO epoch 97 training [time: 131.98s, train loss: 1.4385]
Tue 05 Nov 2024 12:53:48 INFO epoch 97 evaluating [time: 4.55s, valid_score: 0.139300]
Tue 05 Nov 2024 12:53:48 INFO valid result: 
recall@10: 0.0953    recall@20: 0.1393    recall@40: 0.1949    ndcg@10: 0.0759    ndcg@20: 0.0899    ndcg@40: 0.1054    precision@10: 0.0336    precision@20: 0.0250    precision@40: 0.0179    
Tue 05 Nov 2024 12:53:48 INFO test result: 
recall@10: 0.0953    recall@20: 0.1393    recall@40: 0.1949    ndcg@10: 0.0759    ndcg@20: 0.0899    ndcg@40: 0.1054    precision@10: 0.0336    precision@20: 0.0250    precision@40: 0.0179    
Tue 05 Nov 2024 12:56:00 INFO epoch 98 training [time: 131.56s, train loss: 1.3931]
Tue 05 Nov 2024 12:56:09 INFO epoch 98 evaluating [time: 4.53s, valid_score: 0.139500]
Tue 05 Nov 2024 12:56:09 INFO valid result: 
recall@10: 0.0957    recall@20: 0.1395    recall@40: 0.1954    ndcg@10: 0.0761    ndcg@20: 0.0901    ndcg@40: 0.1057    precision@10: 0.0337    precision@20: 0.0251    precision@40: 0.0180    
Tue 05 Nov 2024 12:56:09 INFO test result: 
recall@10: 0.0957    recall@20: 0.1395    recall@40: 0.1954    ndcg@10: 0.0761    ndcg@20: 0.0901    ndcg@40: 0.1057    precision@10: 0.0337    precision@20: 0.0251    precision@40: 0.0180    
Tue 05 Nov 2024 12:58:21 INFO epoch 99 training [time: 131.89s, train loss: 1.3839]
Tue 05 Nov 2024 12:58:30 INFO epoch 99 evaluating [time: 4.60s, valid_score: 0.139700]
Tue 05 Nov 2024 12:58:30 INFO valid result: 
recall@10: 0.0955    recall@20: 0.1397    recall@40: 0.1951    ndcg@10: 0.0761    ndcg@20: 0.0902    ndcg@40: 0.1056    precision@10: 0.0337    precision@20: 0.0251    precision@40: 0.0179    
Tue 05 Nov 2024 12:58:30 INFO test result: 
recall@10: 0.0955    recall@20: 0.1397    recall@40: 0.1951    ndcg@10: 0.0761    ndcg@20: 0.0902    ndcg@40: 0.1056    precision@10: 0.0337    precision@20: 0.0251    precision@40: 0.0179    
Tue 05 Nov 2024 13:00:42 INFO epoch 100 training [time: 132.27s, train loss: 1.3486]
Tue 05 Nov 2024 13:00:51 INFO epoch 100 evaluating [time: 4.56s, valid_score: 0.139400]
Tue 05 Nov 2024 13:00:51 INFO valid result: 
recall@10: 0.0953    recall@20: 0.1394    recall@40: 0.1952    ndcg@10: 0.0762    ndcg@20: 0.0902    ndcg@40: 0.1057    precision@10: 0.0336    precision@20: 0.0251    precision@40: 0.0180    
Tue 05 Nov 2024 13:00:51 INFO test result: 
recall@10: 0.0953    recall@20: 0.1394    recall@40: 0.1952    ndcg@10: 0.0762    ndcg@20: 0.0902    ndcg@40: 0.1057    precision@10: 0.0336    precision@20: 0.0251    precision@40: 0.0180    
Tue 05 Nov 2024 13:03:03 INFO epoch 101 training [time: 131.73s, train loss: 1.3614]
Tue 05 Nov 2024 13:03:12 INFO epoch 101 evaluating [time: 4.45s, valid_score: 0.139400]
Tue 05 Nov 2024 13:03:12 INFO valid result: 
recall@10: 0.0953    recall@20: 0.1394    recall@40: 0.1950    ndcg@10: 0.0761    ndcg@20: 0.0902    ndcg@40: 0.1057    precision@10: 0.0336    precision@20: 0.0251    precision@40: 0.0180    
Tue 05 Nov 2024 13:03:12 INFO test result: 
recall@10: 0.0953    recall@20: 0.1394    recall@40: 0.1950    ndcg@10: 0.0761    ndcg@20: 0.0902    ndcg@40: 0.1057    precision@10: 0.0336    precision@20: 0.0251    precision@40: 0.0180    
Tue 05 Nov 2024 13:05:23 INFO epoch 102 training [time: 131.28s, train loss: 1.3368]
Tue 05 Nov 2024 13:05:32 INFO epoch 102 evaluating [time: 4.48s, valid_score: 0.139100]
Tue 05 Nov 2024 13:05:32 INFO valid result: 
recall@10: 0.0951    recall@20: 0.1391    recall@40: 0.1948    ndcg@10: 0.0760    ndcg@20: 0.0901    ndcg@40: 0.1055    precision@10: 0.0335    precision@20: 0.0251    precision@40: 0.0179    
Tue 05 Nov 2024 13:05:32 INFO test result: 
recall@10: 0.0951    recall@20: 0.1391    recall@40: 0.1948    ndcg@10: 0.0760    ndcg@20: 0.0901    ndcg@40: 0.1055    precision@10: 0.0335    precision@20: 0.0251    precision@40: 0.0179    
Tue 05 Nov 2024 13:07:44 INFO epoch 103 training [time: 132.44s, train loss: 1.3348]
Tue 05 Nov 2024 13:07:53 INFO epoch 103 evaluating [time: 4.50s, valid_score: 0.139200]
Tue 05 Nov 2024 13:07:53 INFO valid result: 
recall@10: 0.0951    recall@20: 0.1392    recall@40: 0.1944    ndcg@10: 0.0760    ndcg@20: 0.0901    ndcg@40: 0.1055    precision@10: 0.0335    precision@20: 0.0251    precision@40: 0.0179    
Tue 05 Nov 2024 13:07:53 INFO test result: 
recall@10: 0.0951    recall@20: 0.1392    recall@40: 0.1944    ndcg@10: 0.0760    ndcg@20: 0.0901    ndcg@40: 0.1055    precision@10: 0.0335    precision@20: 0.0251    precision@40: 0.0179    
Tue 05 Nov 2024 13:10:06 INFO epoch 104 training [time: 132.95s, train loss: 1.3150]
Tue 05 Nov 2024 13:10:15 INFO epoch 104 evaluating [time: 4.52s, valid_score: 0.139100]
Tue 05 Nov 2024 13:10:15 INFO valid result: 
recall@10: 0.0949    recall@20: 0.1391    recall@40: 0.1943    ndcg@10: 0.0759    ndcg@20: 0.0900    ndcg@40: 0.1054    precision@10: 0.0335    precision@20: 0.0250    precision@40: 0.0179    
Tue 05 Nov 2024 13:10:15 INFO test result: 
recall@10: 0.0949    recall@20: 0.1391    recall@40: 0.1943    ndcg@10: 0.0759    ndcg@20: 0.0900    ndcg@40: 0.1054    precision@10: 0.0335    precision@20: 0.0250    precision@40: 0.0179    
Tue 05 Nov 2024 13:12:28 INFO epoch 105 training [time: 132.15s, train loss: 1.3248]
Tue 05 Nov 2024 13:12:37 INFO epoch 105 evaluating [time: 4.49s, valid_score: 0.138700]
Tue 05 Nov 2024 13:12:37 INFO valid result: 
recall@10: 0.0955    recall@20: 0.1387    recall@40: 0.1939    ndcg@10: 0.0762    ndcg@20: 0.0900    ndcg@40: 0.1054    precision@10: 0.0336    precision@20: 0.0250    precision@40: 0.0179    
Tue 05 Nov 2024 13:12:37 INFO test result: 
recall@10: 0.0955    recall@20: 0.1387    recall@40: 0.1939    ndcg@10: 0.0762    ndcg@20: 0.0900    ndcg@40: 0.1054    precision@10: 0.0336    precision@20: 0.0250    precision@40: 0.0179    
Tue 05 Nov 2024 13:14:49 INFO epoch 106 training [time: 131.99s, train loss: 1.3024]
Tue 05 Nov 2024 13:14:57 INFO epoch 106 evaluating [time: 4.51s, valid_score: 0.138800]
Tue 05 Nov 2024 13:14:57 INFO valid result: 
recall@10: 0.0955    recall@20: 0.1388    recall@40: 0.1940    ndcg@10: 0.0761    ndcg@20: 0.0899    ndcg@40: 0.1053    precision@10: 0.0336    precision@20: 0.0250    precision@40: 0.0179    
Tue 05 Nov 2024 13:14:57 INFO test result: 
recall@10: 0.0955    recall@20: 0.1388    recall@40: 0.1940    ndcg@10: 0.0761    ndcg@20: 0.0899    ndcg@40: 0.1053    precision@10: 0.0336    precision@20: 0.0250    precision@40: 0.0179    
Tue 05 Nov 2024 13:17:09 INFO epoch 107 training [time: 131.71s, train loss: 1.2818]
Tue 05 Nov 2024 13:17:18 INFO epoch 107 evaluating [time: 4.58s, valid_score: 0.138400]
Tue 05 Nov 2024 13:17:18 INFO valid result: 
recall@10: 0.0947    recall@20: 0.1384    recall@40: 0.1942    ndcg@10: 0.0758    ndcg@20: 0.0898    ndcg@40: 0.1053    precision@10: 0.0335    precision@20: 0.0250    precision@40: 0.0179    
Tue 05 Nov 2024 13:17:18 INFO test result: 
recall@10: 0.0947    recall@20: 0.1384    recall@40: 0.1942    ndcg@10: 0.0758    ndcg@20: 0.0898    ndcg@40: 0.1053    precision@10: 0.0335    precision@20: 0.0250    precision@40: 0.0179    
Tue 05 Nov 2024 13:19:32 INFO epoch 108 training [time: 133.44s, train loss: 1.2961]
Tue 05 Nov 2024 13:19:40 INFO epoch 108 evaluating [time: 4.53s, valid_score: 0.138400]
Tue 05 Nov 2024 13:19:40 INFO valid result: 
recall@10: 0.0954    recall@20: 0.1384    recall@40: 0.1941    ndcg@10: 0.0762    ndcg@20: 0.0899    ndcg@40: 0.1054    precision@10: 0.0337    precision@20: 0.0250    precision@40: 0.0179    
Tue 05 Nov 2024 13:19:40 INFO test result: 
recall@10: 0.0954    recall@20: 0.1384    recall@40: 0.1941    ndcg@10: 0.0762    ndcg@20: 0.0899    ndcg@40: 0.1054    precision@10: 0.0337    precision@20: 0.0250    precision@40: 0.0179    
Tue 05 Nov 2024 13:21:52 INFO epoch 109 training [time: 132.05s, train loss: 1.2786]
Tue 05 Nov 2024 13:22:02 INFO epoch 109 evaluating [time: 4.63s, valid_score: 0.138000]
Tue 05 Nov 2024 13:22:02 INFO valid result: 
recall@10: 0.0952    recall@20: 0.1380    recall@40: 0.1939    ndcg@10: 0.0761    ndcg@20: 0.0898    ndcg@40: 0.1054    precision@10: 0.0337    precision@20: 0.0249    precision@40: 0.0179    
Tue 05 Nov 2024 13:22:02 INFO test result: 
recall@10: 0.0952    recall@20: 0.1380    recall@40: 0.1939    ndcg@10: 0.0761    ndcg@20: 0.0898    ndcg@40: 0.1054    precision@10: 0.0337    precision@20: 0.0249    precision@40: 0.0179    
Tue 05 Nov 2024 13:24:14 INFO epoch 110 training [time: 132.33s, train loss: 1.2592]
Tue 05 Nov 2024 13:24:23 INFO epoch 110 evaluating [time: 4.59s, valid_score: 0.138300]
Tue 05 Nov 2024 13:24:23 INFO valid result: 
recall@10: 0.0954    recall@20: 0.1383    recall@40: 0.1939    ndcg@10: 0.0761    ndcg@20: 0.0898    ndcg@40: 0.1053    precision@10: 0.0337    precision@20: 0.0249    precision@40: 0.0179    
Tue 05 Nov 2024 13:24:23 INFO test result: 
recall@10: 0.0954    recall@20: 0.1383    recall@40: 0.1939    ndcg@10: 0.0761    ndcg@20: 0.0898    ndcg@40: 0.1053    precision@10: 0.0337    precision@20: 0.0249    precision@40: 0.0179    
Tue 05 Nov 2024 13:26:35 INFO epoch 111 training [time: 131.91s, train loss: 1.2312]
Tue 05 Nov 2024 13:26:44 INFO epoch 111 evaluating [time: 4.52s, valid_score: 0.138500]
Tue 05 Nov 2024 13:26:44 INFO valid result: 
recall@10: 0.0956    recall@20: 0.1385    recall@40: 0.1939    ndcg@10: 0.0764    ndcg@20: 0.0901    ndcg@40: 0.1055    precision@10: 0.0338    precision@20: 0.0250    precision@40: 0.0179    
Tue 05 Nov 2024 13:26:44 INFO test result: 
recall@10: 0.0956    recall@20: 0.1385    recall@40: 0.1939    ndcg@10: 0.0764    ndcg@20: 0.0901    ndcg@40: 0.1055    precision@10: 0.0338    precision@20: 0.0250    precision@40: 0.0179    
Tue 05 Nov 2024 13:28:58 INFO epoch 112 training [time: 134.45s, train loss: 1.2436]
Tue 05 Nov 2024 13:29:07 INFO epoch 112 evaluating [time: 4.71s, valid_score: 0.138800]
Tue 05 Nov 2024 13:29:07 INFO valid result: 
recall@10: 0.0956    recall@20: 0.1388    recall@40: 0.1937    ndcg@10: 0.0764    ndcg@20: 0.0901    ndcg@40: 0.1054    precision@10: 0.0338    precision@20: 0.0250    precision@40: 0.0179    
Tue 05 Nov 2024 13:29:07 INFO test result: 
recall@10: 0.0956    recall@20: 0.1388    recall@40: 0.1937    ndcg@10: 0.0764    ndcg@20: 0.0901    ndcg@40: 0.1054    precision@10: 0.0338    precision@20: 0.0250    precision@40: 0.0179    
Tue 05 Nov 2024 13:31:19 INFO epoch 113 training [time: 131.83s, train loss: 1.2432]
Tue 05 Nov 2024 13:31:28 INFO epoch 113 evaluating [time: 4.57s, valid_score: 0.138900]
Tue 05 Nov 2024 13:31:28 INFO valid result: 
recall@10: 0.0956    recall@20: 0.1389    recall@40: 0.1942    ndcg@10: 0.0764    ndcg@20: 0.0902    ndcg@40: 0.1056    precision@10: 0.0337    precision@20: 0.0250    precision@40: 0.0179    
Tue 05 Nov 2024 13:31:28 INFO test result: 
recall@10: 0.0956    recall@20: 0.1389    recall@40: 0.1942    ndcg@10: 0.0764    ndcg@20: 0.0902    ndcg@40: 0.1056    precision@10: 0.0337    precision@20: 0.0250    precision@40: 0.0179    
Tue 05 Nov 2024 13:33:40 INFO epoch 114 training [time: 131.78s, train loss: 1.2330]
Tue 05 Nov 2024 13:33:49 INFO epoch 114 evaluating [time: 4.43s, valid_score: 0.138300]
Tue 05 Nov 2024 13:33:49 INFO valid result: 
recall@10: 0.0957    recall@20: 0.1383    recall@40: 0.1941    ndcg@10: 0.0763    ndcg@20: 0.0899    ndcg@40: 0.1054    precision@10: 0.0337    precision@20: 0.0249    precision@40: 0.0179    
Tue 05 Nov 2024 13:33:49 INFO test result: 
recall@10: 0.0957    recall@20: 0.1383    recall@40: 0.1941    ndcg@10: 0.0763    ndcg@20: 0.0899    ndcg@40: 0.1054    precision@10: 0.0337    precision@20: 0.0249    precision@40: 0.0179    
Tue 05 Nov 2024 13:36:01 INFO epoch 115 training [time: 132.30s, train loss: 1.2278]
Tue 05 Nov 2024 13:36:10 INFO epoch 115 evaluating [time: 4.53s, valid_score: 0.138000]
Tue 05 Nov 2024 13:36:10 INFO valid result: 
recall@10: 0.0962    recall@20: 0.1380    recall@40: 0.1936    ndcg@10: 0.0765    ndcg@20: 0.0898    ndcg@40: 0.1054    precision@10: 0.0338    precision@20: 0.0248    precision@40: 0.0179    
Tue 05 Nov 2024 13:36:10 INFO test result: 
recall@10: 0.0962    recall@20: 0.1380    recall@40: 0.1936    ndcg@10: 0.0765    ndcg@20: 0.0898    ndcg@40: 0.1054    precision@10: 0.0338    precision@20: 0.0248    precision@40: 0.0179    
Tue 05 Nov 2024 13:38:22 INFO epoch 116 training [time: 131.82s, train loss: 1.2196]
Tue 05 Nov 2024 13:38:31 INFO epoch 116 evaluating [time: 4.53s, valid_score: 0.138400]
Tue 05 Nov 2024 13:38:31 INFO valid result: 
recall@10: 0.0960    recall@20: 0.1384    recall@40: 0.1932    ndcg@10: 0.0764    ndcg@20: 0.0899    ndcg@40: 0.1052    precision@10: 0.0337    precision@20: 0.0249    precision@40: 0.0179    
Tue 05 Nov 2024 13:38:31 INFO test result: 
recall@10: 0.0960    recall@20: 0.1384    recall@40: 0.1932    ndcg@10: 0.0764    ndcg@20: 0.0899    ndcg@40: 0.1052    precision@10: 0.0337    precision@20: 0.0249    precision@40: 0.0179    
Tue 05 Nov 2024 13:40:43 INFO epoch 117 training [time: 132.11s, train loss: 1.2258]
Tue 05 Nov 2024 13:40:52 INFO epoch 117 evaluating [time: 4.62s, valid_score: 0.138400]
Tue 05 Nov 2024 13:40:52 INFO valid result: 
recall@10: 0.0959    recall@20: 0.1384    recall@40: 0.1931    ndcg@10: 0.0764    ndcg@20: 0.0899    ndcg@40: 0.1052    precision@10: 0.0336    precision@20: 0.0249    precision@40: 0.0178    
Tue 05 Nov 2024 13:40:52 INFO test result: 
recall@10: 0.0959    recall@20: 0.1384    recall@40: 0.1931    ndcg@10: 0.0764    ndcg@20: 0.0899    ndcg@40: 0.1052    precision@10: 0.0336    precision@20: 0.0249    precision@40: 0.0178    
Tue 05 Nov 2024 13:43:04 INFO epoch 118 training [time: 131.86s, train loss: 1.2112]
Tue 05 Nov 2024 13:43:13 INFO epoch 118 evaluating [time: 4.41s, valid_score: 0.137900]
Tue 05 Nov 2024 13:43:13 INFO valid result: 
recall@10: 0.0962    recall@20: 0.1379    recall@40: 0.1933    ndcg@10: 0.0764    ndcg@20: 0.0898    ndcg@40: 0.1052    precision@10: 0.0337    precision@20: 0.0248    precision@40: 0.0179    
Tue 05 Nov 2024 13:43:13 INFO test result: 
recall@10: 0.0962    recall@20: 0.1379    recall@40: 0.1933    ndcg@10: 0.0764    ndcg@20: 0.0898    ndcg@40: 0.1052    precision@10: 0.0337    precision@20: 0.0248    precision@40: 0.0179    
Tue 05 Nov 2024 13:45:25 INFO epoch 119 training [time: 131.97s, train loss: 1.1979]
Tue 05 Nov 2024 13:45:34 INFO epoch 119 evaluating [time: 4.46s, valid_score: 0.137700]
Tue 05 Nov 2024 13:45:34 INFO valid result: 
recall@10: 0.0961    recall@20: 0.1377    recall@40: 0.1932    ndcg@10: 0.0765    ndcg@20: 0.0897    ndcg@40: 0.1052    precision@10: 0.0338    precision@20: 0.0248    precision@40: 0.0178    
Tue 05 Nov 2024 13:45:34 INFO test result: 
recall@10: 0.0961    recall@20: 0.1377    recall@40: 0.1932    ndcg@10: 0.0765    ndcg@20: 0.0897    ndcg@40: 0.1052    precision@10: 0.0338    precision@20: 0.0248    precision@40: 0.0178    
Tue 05 Nov 2024 13:47:46 INFO epoch 120 training [time: 132.07s, train loss: 1.1980]
Tue 05 Nov 2024 13:47:55 INFO epoch 120 evaluating [time: 4.51s, valid_score: 0.137700]
Tue 05 Nov 2024 13:47:55 INFO valid result: 
recall@10: 0.0954    recall@20: 0.1377    recall@40: 0.1928    ndcg@10: 0.0763    ndcg@20: 0.0897    ndcg@40: 0.1051    precision@10: 0.0336    precision@20: 0.0248    precision@40: 0.0178    
Tue 05 Nov 2024 13:47:55 INFO test result: 
recall@10: 0.0954    recall@20: 0.1377    recall@40: 0.1928    ndcg@10: 0.0763    ndcg@20: 0.0897    ndcg@40: 0.1051    precision@10: 0.0336    precision@20: 0.0248    precision@40: 0.0178    
Tue 05 Nov 2024 13:50:06 INFO epoch 121 training [time: 131.52s, train loss: 1.1742]
Tue 05 Nov 2024 13:50:15 INFO epoch 121 evaluating [time: 4.41s, valid_score: 0.137700]
Tue 05 Nov 2024 13:50:15 INFO valid result: 
recall@10: 0.0955    recall@20: 0.1377    recall@40: 0.1926    ndcg@10: 0.0763    ndcg@20: 0.0898    ndcg@40: 0.1051    precision@10: 0.0336    precision@20: 0.0248    precision@40: 0.0178    
Tue 05 Nov 2024 13:50:15 INFO test result: 
recall@10: 0.0955    recall@20: 0.1377    recall@40: 0.1926    ndcg@10: 0.0763    ndcg@20: 0.0898    ndcg@40: 0.1051    precision@10: 0.0336    precision@20: 0.0248    precision@40: 0.0178    
Tue 05 Nov 2024 13:52:27 INFO epoch 122 training [time: 131.55s, train loss: 1.1865]
Tue 05 Nov 2024 13:52:35 INFO epoch 122 evaluating [time: 4.51s, valid_score: 0.137200]
Tue 05 Nov 2024 13:52:35 INFO valid result: 
recall@10: 0.0958    recall@20: 0.1372    recall@40: 0.1926    ndcg@10: 0.0764    ndcg@20: 0.0896    ndcg@40: 0.1051    precision@10: 0.0336    precision@20: 0.0247    precision@40: 0.0178    
Tue 05 Nov 2024 13:52:35 INFO test result: 
recall@10: 0.0958    recall@20: 0.1372    recall@40: 0.1926    ndcg@10: 0.0764    ndcg@20: 0.0896    ndcg@40: 0.1051    precision@10: 0.0336    precision@20: 0.0247    precision@40: 0.0178    
Tue 05 Nov 2024 13:54:47 INFO epoch 123 training [time: 131.50s, train loss: 1.1836]
Tue 05 Nov 2024 13:54:56 INFO epoch 123 evaluating [time: 4.50s, valid_score: 0.137400]
Tue 05 Nov 2024 13:54:56 INFO valid result: 
recall@10: 0.0958    recall@20: 0.1374    recall@40: 0.1922    ndcg@10: 0.0765    ndcg@20: 0.0898    ndcg@40: 0.1051    precision@10: 0.0336    precision@20: 0.0248    precision@40: 0.0178    
Tue 05 Nov 2024 13:54:56 INFO test result: 
recall@10: 0.0958    recall@20: 0.1374    recall@40: 0.1922    ndcg@10: 0.0765    ndcg@20: 0.0898    ndcg@40: 0.1051    precision@10: 0.0336    precision@20: 0.0248    precision@40: 0.0178    
Tue 05 Nov 2024 13:57:07 INFO epoch 124 training [time: 131.54s, train loss: 1.1718]
Tue 05 Nov 2024 13:57:16 INFO epoch 124 evaluating [time: 4.51s, valid_score: 0.137400]
Tue 05 Nov 2024 13:57:16 INFO valid result: 
recall@10: 0.0957    recall@20: 0.1374    recall@40: 0.1925    ndcg@10: 0.0765    ndcg@20: 0.0898    ndcg@40: 0.1052    precision@10: 0.0336    precision@20: 0.0247    precision@40: 0.0178    
Tue 05 Nov 2024 13:57:16 INFO test result: 
recall@10: 0.0957    recall@20: 0.1374    recall@40: 0.1925    ndcg@10: 0.0765    ndcg@20: 0.0898    ndcg@40: 0.1052    precision@10: 0.0336    precision@20: 0.0247    precision@40: 0.0178    
Tue 05 Nov 2024 13:59:28 INFO epoch 125 training [time: 131.71s, train loss: 1.1369]
Tue 05 Nov 2024 13:59:37 INFO epoch 125 evaluating [time: 4.58s, valid_score: 0.137400]
Tue 05 Nov 2024 13:59:37 INFO valid result: 
recall@10: 0.0955    recall@20: 0.1374    recall@40: 0.1927    ndcg@10: 0.0764    ndcg@20: 0.0898    ndcg@40: 0.1052    precision@10: 0.0335    precision@20: 0.0248    precision@40: 0.0178    
Tue 05 Nov 2024 13:59:37 INFO test result: 
recall@10: 0.0955    recall@20: 0.1374    recall@40: 0.1927    ndcg@10: 0.0764    ndcg@20: 0.0898    ndcg@40: 0.1052    precision@10: 0.0335    precision@20: 0.0248    precision@40: 0.0178    
Tue 05 Nov 2024 14:01:48 INFO epoch 126 training [time: 131.44s, train loss: 1.1835]
Tue 05 Nov 2024 14:01:57 INFO epoch 126 evaluating [time: 4.53s, valid_score: 0.137300]
Tue 05 Nov 2024 14:01:57 INFO valid result: 
recall@10: 0.0954    recall@20: 0.1373    recall@40: 0.1920    ndcg@10: 0.0763    ndcg@20: 0.0897    ndcg@40: 0.1050    precision@10: 0.0335    precision@20: 0.0247    precision@40: 0.0177    
Tue 05 Nov 2024 14:01:57 INFO test result: 
recall@10: 0.0954    recall@20: 0.1373    recall@40: 0.1920    ndcg@10: 0.0763    ndcg@20: 0.0897    ndcg@40: 0.1050    precision@10: 0.0335    precision@20: 0.0247    precision@40: 0.0177    
Tue 05 Nov 2024 14:04:09 INFO epoch 127 training [time: 131.65s, train loss: 1.1418]
Tue 05 Nov 2024 14:04:18 INFO epoch 127 evaluating [time: 4.56s, valid_score: 0.137600]
Tue 05 Nov 2024 14:04:18 INFO valid result: 
recall@10: 0.0955    recall@20: 0.1376    recall@40: 0.1918    ndcg@10: 0.0762    ndcg@20: 0.0897    ndcg@40: 0.1048    precision@10: 0.0335    precision@20: 0.0249    precision@40: 0.0177    
Tue 05 Nov 2024 14:04:18 INFO test result: 
recall@10: 0.0955    recall@20: 0.1376    recall@40: 0.1918    ndcg@10: 0.0762    ndcg@20: 0.0897    ndcg@40: 0.1048    precision@10: 0.0335    precision@20: 0.0249    precision@40: 0.0177    
Tue 05 Nov 2024 14:06:29 INFO epoch 128 training [time: 131.50s, train loss: 1.1728]
Tue 05 Nov 2024 14:06:38 INFO epoch 128 evaluating [time: 4.56s, valid_score: 0.137100]
Tue 05 Nov 2024 14:06:38 INFO valid result: 
recall@10: 0.0957    recall@20: 0.1371    recall@40: 0.1915    ndcg@10: 0.0764    ndcg@20: 0.0896    ndcg@40: 0.1048    precision@10: 0.0336    precision@20: 0.0248    precision@40: 0.0177    
Tue 05 Nov 2024 14:06:38 INFO test result: 
recall@10: 0.0957    recall@20: 0.1371    recall@40: 0.1915    ndcg@10: 0.0764    ndcg@20: 0.0896    ndcg@40: 0.1048    precision@10: 0.0336    precision@20: 0.0248    precision@40: 0.0177    
Tue 05 Nov 2024 14:08:50 INFO epoch 129 training [time: 131.75s, train loss: 1.1744]
Tue 05 Nov 2024 14:08:59 INFO epoch 129 evaluating [time: 4.41s, valid_score: 0.137000]
Tue 05 Nov 2024 14:08:59 INFO valid result: 
recall@10: 0.0955    recall@20: 0.1370    recall@40: 0.1921    ndcg@10: 0.0761    ndcg@20: 0.0893    ndcg@40: 0.1047    precision@10: 0.0335    precision@20: 0.0247    precision@40: 0.0177    
Tue 05 Nov 2024 14:08:59 INFO test result: 
recall@10: 0.0955    recall@20: 0.1370    recall@40: 0.1921    ndcg@10: 0.0761    ndcg@20: 0.0893    ndcg@40: 0.1047    precision@10: 0.0335    precision@20: 0.0247    precision@40: 0.0177    
Tue 05 Nov 2024 14:11:12 INFO epoch 130 training [time: 133.11s, train loss: 1.1310]
Tue 05 Nov 2024 14:11:21 INFO epoch 130 evaluating [time: 4.41s, valid_score: 0.136900]
Tue 05 Nov 2024 14:11:21 INFO valid result: 
recall@10: 0.0953    recall@20: 0.1369    recall@40: 0.1917    ndcg@10: 0.0759    ndcg@20: 0.0892    ndcg@40: 0.1045    precision@10: 0.0334    precision@20: 0.0247    precision@40: 0.0177    
Tue 05 Nov 2024 14:11:21 INFO test result: 
recall@10: 0.0953    recall@20: 0.1369    recall@40: 0.1917    ndcg@10: 0.0759    ndcg@20: 0.0892    ndcg@40: 0.1045    precision@10: 0.0334    precision@20: 0.0247    precision@40: 0.0177    
Tue 05 Nov 2024 14:13:34 INFO epoch 131 training [time: 133.66s, train loss: 1.1403]
Tue 05 Nov 2024 14:13:43 INFO epoch 131 evaluating [time: 4.43s, valid_score: 0.136600]
Tue 05 Nov 2024 14:13:43 INFO valid result: 
recall@10: 0.0952    recall@20: 0.1366    recall@40: 0.1913    ndcg@10: 0.0758    ndcg@20: 0.0890    ndcg@40: 0.1043    precision@10: 0.0335    precision@20: 0.0247    precision@40: 0.0177    
Tue 05 Nov 2024 14:13:43 INFO test result: 
recall@10: 0.0952    recall@20: 0.1366    recall@40: 0.1913    ndcg@10: 0.0758    ndcg@20: 0.0890    ndcg@40: 0.1043    precision@10: 0.0335    precision@20: 0.0247    precision@40: 0.0177    
Tue 05 Nov 2024 14:13:43 INFO Finished training, best eval result in epoch 80
Tue 05 Nov 2024 14:13:43 INFO Loading model structure and parameters from saved/IMP_GCN-Nov-05-2024-09-03-10.pth
Tue 05 Nov 2024 14:13:48 INFO best valid result: recall@10: 0.0955    recall@20: 0.1399    recall@40: 0.1957    ndcg@10: 0.0756    ndcg@20: 0.0898    ndcg@40: 0.1054    precision@10: 0.0336    precision@20: 0.0251    precision@40: 0.0180    
Tue 05 Nov 2024 14:13:48 INFO test result: recall@10: 0.0953    recall@20: 0.1367    recall@40: 0.1915    ndcg@10: 0.0758    ndcg@20: 0.0890    ndcg@40: 0.1043    precision@10: 0.0335    precision@20: 0.0247    precision@40: 0.0177    
Tue 05 Nov 2024 14:13:48 INFO ████Current BEST████:
Parameters: ['seed', 'regs']=(2020, 0.0001),
Valid: recall@10: 0.0955    recall@20: 0.1399    recall@40: 0.1957    ndcg@10: 0.0756    ndcg@20: 0.0898    ndcg@40: 0.1054    precision@10: 0.0336    precision@20: 0.0251    precision@40: 0.0180    ,
Test: recall@10: 0.0953    recall@20: 0.1367    recall@40: 0.1915    ndcg@10: 0.0758    ndcg@20: 0.0890    ndcg@40: 0.1043    precision@10: 0.0335    precision@20: 0.0247    precision@40: 0.0177    



Tue 05 Nov 2024 14:13:48 INFO 
============All Over=====================
Tue 05 Nov 2024 14:13:48 INFO Parameters: ['seed', 'regs']=(2020, 0.0001),
 best valid: recall@10: 0.0955    recall@20: 0.1399    recall@40: 0.1957    ndcg@10: 0.0756    ndcg@20: 0.0898    ndcg@40: 0.1054    precision@10: 0.0336    precision@20: 0.0251    precision@40: 0.0180    ,
 best test: recall@10: 0.0953    recall@20: 0.1367    recall@40: 0.1915    ndcg@10: 0.0758    ndcg@20: 0.0890    ndcg@40: 0.1043    precision@10: 0.0335    precision@20: 0.0247    precision@40: 0.0177    
Tue 05 Nov 2024 14:13:48 INFO 

█████████████ BEST ████████████████
Tue 05 Nov 2024 14:13:48 INFO 	Parameters: ['seed', 'regs']=(2020, 0.0001),
Valid: recall@10: 0.0955    recall@20: 0.1399    recall@40: 0.1957    ndcg@10: 0.0756    ndcg@20: 0.0898    ndcg@40: 0.1054    precision@10: 0.0336    precision@20: 0.0251    precision@40: 0.0180    ,
Test: recall@10: 0.0953    recall@20: 0.1367    recall@40: 0.1915    ndcg@10: 0.0758    ndcg@20: 0.0890    ndcg@40: 0.1043    precision@10: 0.0335    precision@20: 0.0247    precision@40: 0.0177    


