Tue 05 Nov 2024 09:03:04 INFO ██Server: 	cau-dslab
Tue 05 Nov 2024 09:03:04 INFO ██Dir: 	/home/chwchong/ImRec_cho

Tue 05 Nov 2024 09:03:04 INFO 
gpu_id=1
use_gpu=True
seed=[2020]
data_path=data/
preprocessed_data=preprocessed_data/
preprocessed_data_splitting=x_label
load_preprocessed=True
checkpoint_dir=saved
save_recommended_topk=True
recommend_topk=recommend_topk/
embedding_size=64
epochs=1000
train_batch_size=2048
learner=adam
learning_rate=0.001
training_neg_sample_num=1
use_neg_sampling=True
use_full_sampling=False
eval_step=1
stopping_step=50
min_user_inter_num=5
min_item_inter_num=5
max_user_inter_num=None
max_item_inter_num=None
USER_ID_FIELD=user
ITEM_ID_FIELD=item
TIME_FIELD=timestamp
load_cols=['user', 'item', 'timestamp']
field_separator=,
NEG_PREFIX=neg__
split_ratio=[0.8, 0.1, 0.1]
metrics=['Recall', 'NDCG', 'Precision']
topk=[10, 20, 40]
valid_metric=Recall@20
eval_batch_size=4096
hyper_parameters=['regs']
embedding_dim=64
groups=2
layer_size=[64, 64, 64]
regs=[0.0001]
adj_type=pre
model=IMP_GCN
dataset=yelp
model_type=ModelType.GENERAL
valid_metric_bigger=True
device=cuda


Tue 05 Nov 2024 09:03:04 INFO 
Data loaded from preprocessed dir: /home/chwchong/ImRec_cho/preprocessed_data

Tue 05 Nov 2024 09:03:04 INFO yelp
The number of users: 29601
Average actions of users: 56.75686632208372
The number of items: 24734
Average actions of items: 67.9251233120401
The number of inters: 1680060
The sparsity of the dataset: 99.77053098438553%
Tue 05 Nov 2024 09:03:05 INFO 
====Training====
yelp
The number of users: 29601
Average actions of users: 36.117968987534205
The number of items: 24734
Average actions of items: 43.22503436565052
The number of inters: 1069128
The sparsity of the dataset: 99.85397441179133%
Tue 05 Nov 2024 09:03:05 INFO 
====Validation====
yelp
The number of users: 29530
Average actions of users: 10.344260074500507
The number of items: 24679
Average actions of items: 12.377567972770372
The number of inters: 305466
The sparsity of the dataset: 99.95808476812472%
Tue 05 Nov 2024 09:03:05 INFO 
====Testing====
yelp
The number of users: 29530
Average actions of users: 10.344260074500507
The number of items: 24679
Average actions of items: 12.377567972770372
The number of inters: 305466
The sparsity of the dataset: 99.95808476812472%
Tue 05 Nov 2024 09:03:11 INFO 

=================================


Tue 05 Nov 2024 09:03:11 INFO =========1/1: Parameters:['seed', 'regs']=(2020, 0.0001)=======
Tue 05 Nov 2024 09:03:17 INFO IMP_GCN(
  (embedding_dict): ParameterDict(
      (item_emb): Parameter containing: [torch.cuda.FloatTensor of size 24734x64 (GPU 0)]
      (user_emb): Parameter containing: [torch.cuda.FloatTensor of size 29601x64 (GPU 0)]
  )
  (scoring_weight): Embedding(24734, 1)
)
Trainable parameters: 3510624
Tue 05 Nov 2024 09:06:24 INFO epoch 0 training [time: 186.14s, train loss: 108.6581]
Tue 05 Nov 2024 09:06:30 INFO epoch 0 evaluating [time: 3.34s, valid_score: 0.055800]
Tue 05 Nov 2024 09:06:30 INFO valid result: 
recall@10: 0.0329    recall@20: 0.0558    recall@40: 0.0929    ndcg@10: 0.0398    ndcg@20: 0.0470    ndcg@40: 0.0606    precision@10: 0.0319    precision@20: 0.0272    precision@40: 0.0227    
Tue 05 Nov 2024 09:06:30 INFO test result: 
recall@10: 0.0329    recall@20: 0.0558    recall@40: 0.0929    ndcg@10: 0.0398    ndcg@20: 0.0470    ndcg@40: 0.0606    precision@10: 0.0319    precision@20: 0.0272    precision@40: 0.0227    
Tue 05 Nov 2024 09:06:30 INFO ██Saving current best: saved/IMP_GCN-Nov-05-2024-09-03-18.pth
Tue 05 Nov 2024 09:09:37 INFO epoch 1 training [time: 187.08s, train loss: 68.9703]
Tue 05 Nov 2024 09:09:44 INFO epoch 1 evaluating [time: 3.18s, valid_score: 0.062200]
Tue 05 Nov 2024 09:09:44 INFO valid result: 
recall@10: 0.0370    recall@20: 0.0622    recall@40: 0.1027    ndcg@10: 0.0446    ndcg@20: 0.0525    ndcg@40: 0.0674    precision@10: 0.0358    precision@20: 0.0302    precision@40: 0.0251    
Tue 05 Nov 2024 09:09:44 INFO test result: 
recall@10: 0.0370    recall@20: 0.0622    recall@40: 0.1027    ndcg@10: 0.0446    ndcg@20: 0.0525    ndcg@40: 0.0674    precision@10: 0.0358    precision@20: 0.0302    precision@40: 0.0251    
Tue 05 Nov 2024 09:09:44 INFO ██Saving current best: saved/IMP_GCN-Nov-05-2024-09-03-18.pth
Tue 05 Nov 2024 09:12:51 INFO epoch 2 training [time: 187.12s, train loss: 55.7521]
Tue 05 Nov 2024 09:12:57 INFO epoch 2 evaluating [time: 3.15s, valid_score: 0.066200]
Tue 05 Nov 2024 09:12:57 INFO valid result: 
recall@10: 0.0390    recall@20: 0.0662    recall@40: 0.1086    ndcg@10: 0.0470    ndcg@20: 0.0555    ndcg@40: 0.0712    precision@10: 0.0377    precision@20: 0.0320    precision@40: 0.0266    
Tue 05 Nov 2024 09:12:57 INFO test result: 
recall@10: 0.0390    recall@20: 0.0662    recall@40: 0.1086    ndcg@10: 0.0470    ndcg@20: 0.0555    ndcg@40: 0.0712    precision@10: 0.0377    precision@20: 0.0320    precision@40: 0.0266    
Tue 05 Nov 2024 09:12:57 INFO ██Saving current best: saved/IMP_GCN-Nov-05-2024-09-03-18.pth
Tue 05 Nov 2024 09:16:04 INFO epoch 3 training [time: 187.27s, train loss: 48.6410]
Tue 05 Nov 2024 09:16:11 INFO epoch 3 evaluating [time: 3.23s, valid_score: 0.069000]
Tue 05 Nov 2024 09:16:11 INFO valid result: 
recall@10: 0.0408    recall@20: 0.0690    recall@40: 0.1129    ndcg@10: 0.0492    ndcg@20: 0.0580    ndcg@40: 0.0742    precision@10: 0.0394    precision@20: 0.0335    precision@40: 0.0276    
Tue 05 Nov 2024 09:16:11 INFO test result: 
recall@10: 0.0408    recall@20: 0.0690    recall@40: 0.1129    ndcg@10: 0.0492    ndcg@20: 0.0580    ndcg@40: 0.0742    precision@10: 0.0394    precision@20: 0.0335    precision@40: 0.0276    
Tue 05 Nov 2024 09:16:11 INFO ██Saving current best: saved/IMP_GCN-Nov-05-2024-09-03-18.pth
Tue 05 Nov 2024 09:19:18 INFO epoch 4 training [time: 186.91s, train loss: 43.9151]
Tue 05 Nov 2024 09:19:24 INFO epoch 4 evaluating [time: 3.16s, valid_score: 0.071200]
Tue 05 Nov 2024 09:19:24 INFO valid result: 
recall@10: 0.0424    recall@20: 0.0712    recall@40: 0.1169    ndcg@10: 0.0513    ndcg@20: 0.0602    ndcg@40: 0.0770    precision@10: 0.0409    precision@20: 0.0345    precision@40: 0.0286    
Tue 05 Nov 2024 09:19:24 INFO test result: 
recall@10: 0.0424    recall@20: 0.0712    recall@40: 0.1169    ndcg@10: 0.0513    ndcg@20: 0.0602    ndcg@40: 0.0770    precision@10: 0.0409    precision@20: 0.0345    precision@40: 0.0286    
Tue 05 Nov 2024 09:19:24 INFO ██Saving current best: saved/IMP_GCN-Nov-05-2024-09-03-18.pth
Tue 05 Nov 2024 09:22:31 INFO epoch 5 training [time: 187.04s, train loss: 40.5540]
Tue 05 Nov 2024 09:22:37 INFO epoch 5 evaluating [time: 3.14s, valid_score: 0.073400]
Tue 05 Nov 2024 09:22:37 INFO valid result: 
recall@10: 0.0435    recall@20: 0.0734    recall@40: 0.1194    ndcg@10: 0.0528    ndcg@20: 0.0621    ndcg@40: 0.0790    precision@10: 0.0419    precision@20: 0.0356    precision@40: 0.0293    
Tue 05 Nov 2024 09:22:37 INFO test result: 
recall@10: 0.0435    recall@20: 0.0734    recall@40: 0.1194    ndcg@10: 0.0528    ndcg@20: 0.0621    ndcg@40: 0.0790    precision@10: 0.0419    precision@20: 0.0356    precision@40: 0.0293    
Tue 05 Nov 2024 09:22:37 INFO ██Saving current best: saved/IMP_GCN-Nov-05-2024-09-03-18.pth
Tue 05 Nov 2024 09:25:44 INFO epoch 6 training [time: 186.47s, train loss: 37.8225]
Tue 05 Nov 2024 09:25:50 INFO epoch 6 evaluating [time: 3.21s, valid_score: 0.075200]
Tue 05 Nov 2024 09:25:50 INFO valid result: 
recall@10: 0.0449    recall@20: 0.0752    recall@40: 0.1218    ndcg@10: 0.0545    ndcg@20: 0.0638    ndcg@40: 0.0809    precision@10: 0.0431    precision@20: 0.0364    precision@40: 0.0299    
Tue 05 Nov 2024 09:25:50 INFO test result: 
recall@10: 0.0449    recall@20: 0.0752    recall@40: 0.1218    ndcg@10: 0.0545    ndcg@20: 0.0638    ndcg@40: 0.0809    precision@10: 0.0431    precision@20: 0.0364    precision@40: 0.0299    
Tue 05 Nov 2024 09:25:50 INFO ██Saving current best: saved/IMP_GCN-Nov-05-2024-09-03-18.pth
Tue 05 Nov 2024 09:28:57 INFO epoch 7 training [time: 186.86s, train loss: 35.2658]
Tue 05 Nov 2024 09:29:03 INFO epoch 7 evaluating [time: 3.14s, valid_score: 0.076700]
Tue 05 Nov 2024 09:29:03 INFO valid result: 
recall@10: 0.0459    recall@20: 0.0767    recall@40: 0.1238    ndcg@10: 0.0558    ndcg@20: 0.0651    ndcg@40: 0.0824    precision@10: 0.0441    precision@20: 0.0371    precision@40: 0.0303    
Tue 05 Nov 2024 09:29:03 INFO test result: 
recall@10: 0.0459    recall@20: 0.0767    recall@40: 0.1238    ndcg@10: 0.0558    ndcg@20: 0.0651    ndcg@40: 0.0824    precision@10: 0.0441    precision@20: 0.0371    precision@40: 0.0303    
Tue 05 Nov 2024 09:29:03 INFO ██Saving current best: saved/IMP_GCN-Nov-05-2024-09-03-18.pth
Tue 05 Nov 2024 09:32:08 INFO epoch 8 training [time: 185.25s, train loss: 33.3379]
Tue 05 Nov 2024 09:32:15 INFO epoch 8 evaluating [time: 3.19s, valid_score: 0.077700]
Tue 05 Nov 2024 09:32:15 INFO valid result: 
recall@10: 0.0462    recall@20: 0.0777    recall@40: 0.1257    ndcg@10: 0.0565    ndcg@20: 0.0663    ndcg@40: 0.0839    precision@10: 0.0444    precision@20: 0.0376    precision@40: 0.0308    
Tue 05 Nov 2024 09:32:15 INFO test result: 
recall@10: 0.0462    recall@20: 0.0777    recall@40: 0.1257    ndcg@10: 0.0565    ndcg@20: 0.0663    ndcg@40: 0.0839    precision@10: 0.0444    precision@20: 0.0376    precision@40: 0.0308    
Tue 05 Nov 2024 09:32:15 INFO ██Saving current best: saved/IMP_GCN-Nov-05-2024-09-03-18.pth
Tue 05 Nov 2024 09:35:20 INFO epoch 9 training [time: 185.37s, train loss: 31.6417]
Tue 05 Nov 2024 09:35:26 INFO epoch 9 evaluating [time: 3.27s, valid_score: 0.078600]
Tue 05 Nov 2024 09:35:26 INFO valid result: 
recall@10: 0.0469    recall@20: 0.0786    recall@40: 0.1269    ndcg@10: 0.0571    ndcg@20: 0.0669    ndcg@40: 0.0847    precision@10: 0.0450    precision@20: 0.0381    precision@40: 0.0311    
Tue 05 Nov 2024 09:35:26 INFO test result: 
recall@10: 0.0469    recall@20: 0.0786    recall@40: 0.1269    ndcg@10: 0.0571    ndcg@20: 0.0669    ndcg@40: 0.0847    precision@10: 0.0450    precision@20: 0.0381    precision@40: 0.0311    
Tue 05 Nov 2024 09:35:26 INFO ██Saving current best: saved/IMP_GCN-Nov-05-2024-09-03-18.pth
Tue 05 Nov 2024 09:38:35 INFO epoch 10 training [time: 188.50s, train loss: 30.3655]
Tue 05 Nov 2024 09:38:41 INFO epoch 10 evaluating [time: 3.16s, valid_score: 0.079500]
Tue 05 Nov 2024 09:38:41 INFO valid result: 
recall@10: 0.0474    recall@20: 0.0795    recall@40: 0.1284    ndcg@10: 0.0578    ndcg@20: 0.0677    ndcg@40: 0.0857    precision@10: 0.0454    precision@20: 0.0384    precision@40: 0.0315    
Tue 05 Nov 2024 09:38:41 INFO test result: 
recall@10: 0.0474    recall@20: 0.0795    recall@40: 0.1284    ndcg@10: 0.0578    ndcg@20: 0.0677    ndcg@40: 0.0857    precision@10: 0.0454    precision@20: 0.0384    precision@40: 0.0315    
Tue 05 Nov 2024 09:38:41 INFO ██Saving current best: saved/IMP_GCN-Nov-05-2024-09-03-18.pth
Tue 05 Nov 2024 09:41:48 INFO epoch 11 training [time: 187.07s, train loss: 28.9637]
Tue 05 Nov 2024 09:41:54 INFO epoch 11 evaluating [time: 3.14s, valid_score: 0.080300]
Tue 05 Nov 2024 09:41:54 INFO valid result: 
recall@10: 0.0481    recall@20: 0.0803    recall@40: 0.1292    ndcg@10: 0.0585    ndcg@20: 0.0684    ndcg@40: 0.0864    precision@10: 0.0459    precision@20: 0.0388    precision@40: 0.0316    
Tue 05 Nov 2024 09:41:54 INFO test result: 
recall@10: 0.0481    recall@20: 0.0803    recall@40: 0.1292    ndcg@10: 0.0585    ndcg@20: 0.0684    ndcg@40: 0.0864    precision@10: 0.0459    precision@20: 0.0388    precision@40: 0.0316    
Tue 05 Nov 2024 09:41:54 INFO ██Saving current best: saved/IMP_GCN-Nov-05-2024-09-03-18.pth
Tue 05 Nov 2024 09:45:01 INFO epoch 12 training [time: 186.99s, train loss: 27.9497]
Tue 05 Nov 2024 09:45:08 INFO epoch 12 evaluating [time: 3.13s, valid_score: 0.081000]
Tue 05 Nov 2024 09:45:08 INFO valid result: 
recall@10: 0.0483    recall@20: 0.0810    recall@40: 0.1303    ndcg@10: 0.0587    ndcg@20: 0.0689    ndcg@40: 0.0869    precision@10: 0.0461    precision@20: 0.0392    precision@40: 0.0318    
Tue 05 Nov 2024 09:45:08 INFO test result: 
recall@10: 0.0483    recall@20: 0.0810    recall@40: 0.1303    ndcg@10: 0.0587    ndcg@20: 0.0689    ndcg@40: 0.0869    precision@10: 0.0461    precision@20: 0.0392    precision@40: 0.0318    
Tue 05 Nov 2024 09:45:08 INFO ██Saving current best: saved/IMP_GCN-Nov-05-2024-09-03-18.pth
Tue 05 Nov 2024 09:48:15 INFO epoch 13 training [time: 187.33s, train loss: 27.0750]
Tue 05 Nov 2024 09:48:21 INFO epoch 13 evaluating [time: 3.18s, valid_score: 0.081200]
Tue 05 Nov 2024 09:48:21 INFO valid result: 
recall@10: 0.0489    recall@20: 0.0812    recall@40: 0.1314    ndcg@10: 0.0592    ndcg@20: 0.0692    ndcg@40: 0.0876    precision@10: 0.0467    precision@20: 0.0392    precision@40: 0.0321    
Tue 05 Nov 2024 09:48:21 INFO test result: 
recall@10: 0.0489    recall@20: 0.0812    recall@40: 0.1314    ndcg@10: 0.0592    ndcg@20: 0.0692    ndcg@40: 0.0876    precision@10: 0.0467    precision@20: 0.0392    precision@40: 0.0321    
Tue 05 Nov 2024 09:48:21 INFO ██Saving current best: saved/IMP_GCN-Nov-05-2024-09-03-18.pth
Tue 05 Nov 2024 09:51:28 INFO epoch 14 training [time: 187.02s, train loss: 25.9785]
Tue 05 Nov 2024 09:51:35 INFO epoch 14 evaluating [time: 3.24s, valid_score: 0.081600]
Tue 05 Nov 2024 09:51:35 INFO valid result: 
recall@10: 0.0493    recall@20: 0.0816    recall@40: 0.1319    ndcg@10: 0.0597    ndcg@20: 0.0696    ndcg@40: 0.0881    precision@10: 0.0469    precision@20: 0.0394    precision@40: 0.0323    
Tue 05 Nov 2024 09:51:35 INFO test result: 
recall@10: 0.0493    recall@20: 0.0816    recall@40: 0.1319    ndcg@10: 0.0597    ndcg@20: 0.0696    ndcg@40: 0.0881    precision@10: 0.0469    precision@20: 0.0394    precision@40: 0.0323    
Tue 05 Nov 2024 09:51:35 INFO ██Saving current best: saved/IMP_GCN-Nov-05-2024-09-03-18.pth
Tue 05 Nov 2024 09:54:42 INFO epoch 15 training [time: 186.96s, train loss: 25.2620]
Tue 05 Nov 2024 09:54:48 INFO epoch 15 evaluating [time: 3.15s, valid_score: 0.082400]
Tue 05 Nov 2024 09:54:48 INFO valid result: 
recall@10: 0.0497    recall@20: 0.0824    recall@40: 0.1328    ndcg@10: 0.0603    ndcg@20: 0.0704    ndcg@40: 0.0889    precision@10: 0.0474    precision@20: 0.0398    precision@40: 0.0325    
Tue 05 Nov 2024 09:54:48 INFO test result: 
recall@10: 0.0497    recall@20: 0.0824    recall@40: 0.1328    ndcg@10: 0.0603    ndcg@20: 0.0704    ndcg@40: 0.0889    precision@10: 0.0474    precision@20: 0.0398    precision@40: 0.0325    
Tue 05 Nov 2024 09:54:48 INFO ██Saving current best: saved/IMP_GCN-Nov-05-2024-09-03-18.pth
Tue 05 Nov 2024 09:57:55 INFO epoch 16 training [time: 186.98s, train loss: 24.3747]
Tue 05 Nov 2024 09:58:01 INFO epoch 16 evaluating [time: 3.16s, valid_score: 0.083000]
Tue 05 Nov 2024 09:58:01 INFO valid result: 
recall@10: 0.0500    recall@20: 0.0830    recall@40: 0.1334    ndcg@10: 0.0609    ndcg@20: 0.0709    ndcg@40: 0.0893    precision@10: 0.0478    precision@20: 0.0401    precision@40: 0.0325    
Tue 05 Nov 2024 09:58:01 INFO test result: 
recall@10: 0.0500    recall@20: 0.0830    recall@40: 0.1334    ndcg@10: 0.0609    ndcg@20: 0.0709    ndcg@40: 0.0893    precision@10: 0.0478    precision@20: 0.0401    precision@40: 0.0325    
Tue 05 Nov 2024 09:58:01 INFO ██Saving current best: saved/IMP_GCN-Nov-05-2024-09-03-18.pth
Tue 05 Nov 2024 10:01:08 INFO epoch 17 training [time: 187.05s, train loss: 23.7848]
Tue 05 Nov 2024 10:01:15 INFO epoch 17 evaluating [time: 3.25s, valid_score: 0.083100]
Tue 05 Nov 2024 10:01:15 INFO valid result: 
recall@10: 0.0501    recall@20: 0.0831    recall@40: 0.1343    ndcg@10: 0.0610    ndcg@20: 0.0710    ndcg@40: 0.0898    precision@10: 0.0478    precision@20: 0.0401    precision@40: 0.0328    
Tue 05 Nov 2024 10:01:15 INFO test result: 
recall@10: 0.0501    recall@20: 0.0831    recall@40: 0.1343    ndcg@10: 0.0610    ndcg@20: 0.0710    ndcg@40: 0.0898    precision@10: 0.0478    precision@20: 0.0401    precision@40: 0.0328    
Tue 05 Nov 2024 10:01:15 INFO ██Saving current best: saved/IMP_GCN-Nov-05-2024-09-03-18.pth
Tue 05 Nov 2024 10:04:22 INFO epoch 18 training [time: 187.14s, train loss: 23.0624]
Tue 05 Nov 2024 10:04:28 INFO epoch 18 evaluating [time: 3.16s, valid_score: 0.083400]
Tue 05 Nov 2024 10:04:28 INFO valid result: 
recall@10: 0.0505    recall@20: 0.0834    recall@40: 0.1348    ndcg@10: 0.0614    ndcg@20: 0.0713    ndcg@40: 0.0902    precision@10: 0.0482    precision@20: 0.0402    precision@40: 0.0329    
Tue 05 Nov 2024 10:04:28 INFO test result: 
recall@10: 0.0505    recall@20: 0.0834    recall@40: 0.1348    ndcg@10: 0.0614    ndcg@20: 0.0713    ndcg@40: 0.0902    precision@10: 0.0482    precision@20: 0.0402    precision@40: 0.0329    
Tue 05 Nov 2024 10:04:28 INFO ██Saving current best: saved/IMP_GCN-Nov-05-2024-09-03-18.pth
Tue 05 Nov 2024 10:07:36 INFO epoch 19 training [time: 187.61s, train loss: 22.4451]
Tue 05 Nov 2024 10:07:42 INFO epoch 19 evaluating [time: 3.16s, valid_score: 0.084100]
Tue 05 Nov 2024 10:07:42 INFO valid result: 
recall@10: 0.0505    recall@20: 0.0841    recall@40: 0.1352    ndcg@10: 0.0616    ndcg@20: 0.0719    ndcg@40: 0.0906    precision@10: 0.0481    precision@20: 0.0405    precision@40: 0.0330    
Tue 05 Nov 2024 10:07:42 INFO test result: 
recall@10: 0.0505    recall@20: 0.0841    recall@40: 0.1352    ndcg@10: 0.0616    ndcg@20: 0.0719    ndcg@40: 0.0906    precision@10: 0.0481    precision@20: 0.0405    precision@40: 0.0330    
Tue 05 Nov 2024 10:07:42 INFO ██Saving current best: saved/IMP_GCN-Nov-05-2024-09-03-18.pth
Tue 05 Nov 2024 10:10:50 INFO epoch 20 training [time: 187.85s, train loss: 21.9243]
Tue 05 Nov 2024 10:10:56 INFO epoch 20 evaluating [time: 3.21s, valid_score: 0.084200]
Tue 05 Nov 2024 10:10:56 INFO valid result: 
recall@10: 0.0507    recall@20: 0.0842    recall@40: 0.1359    ndcg@10: 0.0620    ndcg@20: 0.0721    ndcg@40: 0.0911    precision@10: 0.0484    precision@20: 0.0406    precision@40: 0.0332    
Tue 05 Nov 2024 10:10:56 INFO test result: 
recall@10: 0.0507    recall@20: 0.0842    recall@40: 0.1359    ndcg@10: 0.0620    ndcg@20: 0.0721    ndcg@40: 0.0911    precision@10: 0.0484    precision@20: 0.0406    precision@40: 0.0332    
Tue 05 Nov 2024 10:10:56 INFO ██Saving current best: saved/IMP_GCN-Nov-05-2024-09-03-18.pth
Tue 05 Nov 2024 10:14:03 INFO epoch 21 training [time: 187.09s, train loss: 21.4929]
Tue 05 Nov 2024 10:14:10 INFO epoch 21 evaluating [time: 3.17s, valid_score: 0.084900]
Tue 05 Nov 2024 10:14:10 INFO valid result: 
recall@10: 0.0510    recall@20: 0.0849    recall@40: 0.1365    ndcg@10: 0.0622    ndcg@20: 0.0725    ndcg@40: 0.0915    precision@10: 0.0488    precision@20: 0.0410    precision@40: 0.0334    
Tue 05 Nov 2024 10:14:10 INFO test result: 
recall@10: 0.0510    recall@20: 0.0849    recall@40: 0.1365    ndcg@10: 0.0622    ndcg@20: 0.0725    ndcg@40: 0.0915    precision@10: 0.0488    precision@20: 0.0410    precision@40: 0.0334    
Tue 05 Nov 2024 10:14:10 INFO ██Saving current best: saved/IMP_GCN-Nov-05-2024-09-03-18.pth
Tue 05 Nov 2024 10:17:17 INFO epoch 22 training [time: 186.91s, train loss: 20.8199]
Tue 05 Nov 2024 10:17:23 INFO epoch 22 evaluating [time: 3.17s, valid_score: 0.084900]
Tue 05 Nov 2024 10:17:23 INFO valid result: 
recall@10: 0.0513    recall@20: 0.0849    recall@40: 0.1370    ndcg@10: 0.0626    ndcg@20: 0.0728    ndcg@40: 0.0920    precision@10: 0.0488    precision@20: 0.0410    precision@40: 0.0335    
Tue 05 Nov 2024 10:17:23 INFO test result: 
recall@10: 0.0513    recall@20: 0.0849    recall@40: 0.1370    ndcg@10: 0.0626    ndcg@20: 0.0728    ndcg@40: 0.0920    precision@10: 0.0488    precision@20: 0.0410    precision@40: 0.0335    
Tue 05 Nov 2024 10:20:30 INFO epoch 23 training [time: 187.44s, train loss: 20.2855]
Tue 05 Nov 2024 10:20:37 INFO epoch 23 evaluating [time: 3.23s, valid_score: 0.084900]
Tue 05 Nov 2024 10:20:37 INFO valid result: 
recall@10: 0.0512    recall@20: 0.0849    recall@40: 0.1375    ndcg@10: 0.0624    ndcg@20: 0.0728    ndcg@40: 0.0921    precision@10: 0.0487    precision@20: 0.0410    precision@40: 0.0335    
Tue 05 Nov 2024 10:20:37 INFO test result: 
recall@10: 0.0512    recall@20: 0.0849    recall@40: 0.1375    ndcg@10: 0.0624    ndcg@20: 0.0728    ndcg@40: 0.0921    precision@10: 0.0487    precision@20: 0.0410    precision@40: 0.0335    
Tue 05 Nov 2024 10:23:43 INFO epoch 24 training [time: 186.82s, train loss: 19.7297]
Tue 05 Nov 2024 10:23:49 INFO epoch 24 evaluating [time: 3.07s, valid_score: 0.085100]
Tue 05 Nov 2024 10:23:49 INFO valid result: 
recall@10: 0.0518    recall@20: 0.0851    recall@40: 0.1375    ndcg@10: 0.0629    ndcg@20: 0.0731    ndcg@40: 0.0923    precision@10: 0.0491    precision@20: 0.0412    precision@40: 0.0336    
Tue 05 Nov 2024 10:23:49 INFO test result: 
recall@10: 0.0518    recall@20: 0.0851    recall@40: 0.1375    ndcg@10: 0.0629    ndcg@20: 0.0731    ndcg@40: 0.0923    precision@10: 0.0491    precision@20: 0.0412    precision@40: 0.0336    
Tue 05 Nov 2024 10:23:50 INFO ██Saving current best: saved/IMP_GCN-Nov-05-2024-09-03-18.pth
Tue 05 Nov 2024 10:26:56 INFO epoch 25 training [time: 186.81s, train loss: 19.2463]
Tue 05 Nov 2024 10:27:02 INFO epoch 25 evaluating [time: 3.11s, valid_score: 0.085600]
Tue 05 Nov 2024 10:27:02 INFO valid result: 
recall@10: 0.0517    recall@20: 0.0856    recall@40: 0.1382    ndcg@10: 0.0630    ndcg@20: 0.0734    ndcg@40: 0.0927    precision@10: 0.0492    precision@20: 0.0415    precision@40: 0.0338    
Tue 05 Nov 2024 10:27:02 INFO test result: 
recall@10: 0.0517    recall@20: 0.0856    recall@40: 0.1382    ndcg@10: 0.0630    ndcg@20: 0.0734    ndcg@40: 0.0927    precision@10: 0.0492    precision@20: 0.0415    precision@40: 0.0338    
Tue 05 Nov 2024 10:27:03 INFO ██Saving current best: saved/IMP_GCN-Nov-05-2024-09-03-18.pth
Tue 05 Nov 2024 10:30:09 INFO epoch 26 training [time: 186.48s, train loss: 19.0218]
Tue 05 Nov 2024 10:30:15 INFO epoch 26 evaluating [time: 3.17s, valid_score: 0.085900]
Tue 05 Nov 2024 10:30:15 INFO valid result: 
recall@10: 0.0519    recall@20: 0.0859    recall@40: 0.1391    ndcg@10: 0.0631    ndcg@20: 0.0735    ndcg@40: 0.0929    precision@10: 0.0495    precision@20: 0.0416    precision@40: 0.0339    
Tue 05 Nov 2024 10:30:15 INFO test result: 
recall@10: 0.0519    recall@20: 0.0859    recall@40: 0.1391    ndcg@10: 0.0631    ndcg@20: 0.0735    ndcg@40: 0.0929    precision@10: 0.0495    precision@20: 0.0416    precision@40: 0.0339    
Tue 05 Nov 2024 10:30:15 INFO ██Saving current best: saved/IMP_GCN-Nov-05-2024-09-03-18.pth
Tue 05 Nov 2024 10:33:22 INFO epoch 27 training [time: 186.82s, train loss: 18.6047]
Tue 05 Nov 2024 10:33:28 INFO epoch 27 evaluating [time: 3.08s, valid_score: 0.086100]
Tue 05 Nov 2024 10:33:28 INFO valid result: 
recall@10: 0.0519    recall@20: 0.0861    recall@40: 0.1398    ndcg@10: 0.0634    ndcg@20: 0.0738    ndcg@40: 0.0934    precision@10: 0.0496    precision@20: 0.0417    precision@40: 0.0341    
Tue 05 Nov 2024 10:33:28 INFO test result: 
recall@10: 0.0519    recall@20: 0.0861    recall@40: 0.1398    ndcg@10: 0.0634    ndcg@20: 0.0738    ndcg@40: 0.0934    precision@10: 0.0496    precision@20: 0.0417    precision@40: 0.0341    
Tue 05 Nov 2024 10:33:28 INFO ██Saving current best: saved/IMP_GCN-Nov-05-2024-09-03-18.pth
Tue 05 Nov 2024 10:36:36 INFO epoch 28 training [time: 187.45s, train loss: 18.1546]
Tue 05 Nov 2024 10:36:42 INFO epoch 28 evaluating [time: 3.08s, valid_score: 0.086600]
Tue 05 Nov 2024 10:36:42 INFO valid result: 
recall@10: 0.0522    recall@20: 0.0866    recall@40: 0.1398    ndcg@10: 0.0636    ndcg@20: 0.0741    ndcg@40: 0.0936    precision@10: 0.0499    precision@20: 0.0418    precision@40: 0.0341    
Tue 05 Nov 2024 10:36:42 INFO test result: 
recall@10: 0.0522    recall@20: 0.0866    recall@40: 0.1398    ndcg@10: 0.0636    ndcg@20: 0.0741    ndcg@40: 0.0936    precision@10: 0.0499    precision@20: 0.0418    precision@40: 0.0341    
Tue 05 Nov 2024 10:36:42 INFO ██Saving current best: saved/IMP_GCN-Nov-05-2024-09-03-18.pth
Tue 05 Nov 2024 10:39:49 INFO epoch 29 training [time: 186.81s, train loss: 17.8426]
Tue 05 Nov 2024 10:39:55 INFO epoch 29 evaluating [time: 3.26s, valid_score: 0.086900]
Tue 05 Nov 2024 10:39:55 INFO valid result: 
recall@10: 0.0527    recall@20: 0.0869    recall@40: 0.1397    ndcg@10: 0.0640    ndcg@20: 0.0743    ndcg@40: 0.0936    precision@10: 0.0504    precision@20: 0.0420    precision@40: 0.0341    
Tue 05 Nov 2024 10:39:55 INFO test result: 
recall@10: 0.0527    recall@20: 0.0869    recall@40: 0.1397    ndcg@10: 0.0640    ndcg@20: 0.0743    ndcg@40: 0.0936    precision@10: 0.0504    precision@20: 0.0420    precision@40: 0.0341    
Tue 05 Nov 2024 10:39:55 INFO ██Saving current best: saved/IMP_GCN-Nov-05-2024-09-03-18.pth
Tue 05 Nov 2024 10:43:02 INFO epoch 30 training [time: 187.30s, train loss: 17.2294]
Tue 05 Nov 2024 10:43:08 INFO epoch 30 evaluating [time: 3.15s, valid_score: 0.087200]
Tue 05 Nov 2024 10:43:08 INFO valid result: 
recall@10: 0.0527    recall@20: 0.0872    recall@40: 0.1402    ndcg@10: 0.0640    ndcg@20: 0.0745    ndcg@40: 0.0939    precision@10: 0.0503    precision@20: 0.0421    precision@40: 0.0342    
Tue 05 Nov 2024 10:43:08 INFO test result: 
recall@10: 0.0527    recall@20: 0.0872    recall@40: 0.1402    ndcg@10: 0.0640    ndcg@20: 0.0745    ndcg@40: 0.0939    precision@10: 0.0503    precision@20: 0.0421    precision@40: 0.0342    
Tue 05 Nov 2024 10:43:09 INFO ██Saving current best: saved/IMP_GCN-Nov-05-2024-09-03-18.pth
Tue 05 Nov 2024 10:46:16 INFO epoch 31 training [time: 187.22s, train loss: 16.9956]
Tue 05 Nov 2024 10:46:22 INFO epoch 31 evaluating [time: 3.14s, valid_score: 0.087500]
Tue 05 Nov 2024 10:46:22 INFO valid result: 
recall@10: 0.0526    recall@20: 0.0875    recall@40: 0.1409    ndcg@10: 0.0639    ndcg@20: 0.0747    ndcg@40: 0.0942    precision@10: 0.0501    precision@20: 0.0423    precision@40: 0.0344    
Tue 05 Nov 2024 10:46:22 INFO test result: 
recall@10: 0.0526    recall@20: 0.0875    recall@40: 0.1409    ndcg@10: 0.0639    ndcg@20: 0.0747    ndcg@40: 0.0942    precision@10: 0.0501    precision@20: 0.0423    precision@40: 0.0344    
Tue 05 Nov 2024 10:46:22 INFO ██Saving current best: saved/IMP_GCN-Nov-05-2024-09-03-18.pth
Tue 05 Nov 2024 10:49:29 INFO epoch 32 training [time: 187.09s, train loss: 16.5815]
Tue 05 Nov 2024 10:49:35 INFO epoch 32 evaluating [time: 3.26s, valid_score: 0.087900]
Tue 05 Nov 2024 10:49:35 INFO valid result: 
recall@10: 0.0534    recall@20: 0.0879    recall@40: 0.1412    ndcg@10: 0.0644    ndcg@20: 0.0750    ndcg@40: 0.0945    precision@10: 0.0506    precision@20: 0.0425    precision@40: 0.0345    
Tue 05 Nov 2024 10:49:35 INFO test result: 
recall@10: 0.0534    recall@20: 0.0879    recall@40: 0.1412    ndcg@10: 0.0644    ndcg@20: 0.0750    ndcg@40: 0.0945    precision@10: 0.0506    precision@20: 0.0425    precision@40: 0.0345    
Tue 05 Nov 2024 10:49:35 INFO ██Saving current best: saved/IMP_GCN-Nov-05-2024-09-03-18.pth
Tue 05 Nov 2024 10:52:42 INFO epoch 33 training [time: 187.00s, train loss: 16.2712]
Tue 05 Nov 2024 10:52:49 INFO epoch 33 evaluating [time: 3.17s, valid_score: 0.088000]
Tue 05 Nov 2024 10:52:49 INFO valid result: 
recall@10: 0.0535    recall@20: 0.0880    recall@40: 0.1412    ndcg@10: 0.0647    ndcg@20: 0.0753    ndcg@40: 0.0947    precision@10: 0.0508    precision@20: 0.0426    precision@40: 0.0344    
Tue 05 Nov 2024 10:52:49 INFO test result: 
recall@10: 0.0535    recall@20: 0.0880    recall@40: 0.1412    ndcg@10: 0.0647    ndcg@20: 0.0753    ndcg@40: 0.0947    precision@10: 0.0508    precision@20: 0.0426    precision@40: 0.0344    
Tue 05 Nov 2024 10:52:49 INFO ██Saving current best: saved/IMP_GCN-Nov-05-2024-09-03-18.pth
Tue 05 Nov 2024 10:55:56 INFO epoch 34 training [time: 186.78s, train loss: 15.8092]
Tue 05 Nov 2024 10:56:02 INFO epoch 34 evaluating [time: 3.15s, valid_score: 0.088100]
Tue 05 Nov 2024 10:56:02 INFO valid result: 
recall@10: 0.0537    recall@20: 0.0881    recall@40: 0.1418    ndcg@10: 0.0651    ndcg@20: 0.0756    ndcg@40: 0.0951    precision@10: 0.0509    precision@20: 0.0426    precision@40: 0.0345    
Tue 05 Nov 2024 10:56:02 INFO test result: 
recall@10: 0.0537    recall@20: 0.0881    recall@40: 0.1418    ndcg@10: 0.0651    ndcg@20: 0.0756    ndcg@40: 0.0951    precision@10: 0.0509    precision@20: 0.0426    precision@40: 0.0345    
Tue 05 Nov 2024 10:56:02 INFO ██Saving current best: saved/IMP_GCN-Nov-05-2024-09-03-18.pth
Tue 05 Nov 2024 10:59:09 INFO epoch 35 training [time: 186.83s, train loss: 15.7243]
Tue 05 Nov 2024 10:59:15 INFO epoch 35 evaluating [time: 3.26s, valid_score: 0.088700]
Tue 05 Nov 2024 10:59:15 INFO valid result: 
recall@10: 0.0536    recall@20: 0.0887    recall@40: 0.1419    ndcg@10: 0.0654    ndcg@20: 0.0761    ndcg@40: 0.0954    precision@10: 0.0510    precision@20: 0.0428    precision@40: 0.0345    
Tue 05 Nov 2024 10:59:15 INFO test result: 
recall@10: 0.0536    recall@20: 0.0887    recall@40: 0.1419    ndcg@10: 0.0654    ndcg@20: 0.0761    ndcg@40: 0.0954    precision@10: 0.0510    precision@20: 0.0428    precision@40: 0.0345    
Tue 05 Nov 2024 10:59:15 INFO ██Saving current best: saved/IMP_GCN-Nov-05-2024-09-03-18.pth
Tue 05 Nov 2024 11:02:22 INFO epoch 36 training [time: 186.81s, train loss: 15.3676]
Tue 05 Nov 2024 11:02:28 INFO epoch 36 evaluating [time: 3.14s, valid_score: 0.088500]
Tue 05 Nov 2024 11:02:28 INFO valid result: 
recall@10: 0.0538    recall@20: 0.0885    recall@40: 0.1419    ndcg@10: 0.0653    ndcg@20: 0.0758    ndcg@40: 0.0953    precision@10: 0.0511    precision@20: 0.0427    precision@40: 0.0346    
Tue 05 Nov 2024 11:02:28 INFO test result: 
recall@10: 0.0538    recall@20: 0.0885    recall@40: 0.1419    ndcg@10: 0.0653    ndcg@20: 0.0758    ndcg@40: 0.0953    precision@10: 0.0511    precision@20: 0.0427    precision@40: 0.0346    
Tue 05 Nov 2024 11:05:35 INFO epoch 37 training [time: 187.33s, train loss: 15.1707]
Tue 05 Nov 2024 11:05:42 INFO epoch 37 evaluating [time: 3.17s, valid_score: 0.088300]
Tue 05 Nov 2024 11:05:42 INFO valid result: 
recall@10: 0.0539    recall@20: 0.0883    recall@40: 0.1419    ndcg@10: 0.0653    ndcg@20: 0.0757    ndcg@40: 0.0953    precision@10: 0.0512    precision@20: 0.0427    precision@40: 0.0347    
Tue 05 Nov 2024 11:05:42 INFO test result: 
recall@10: 0.0539    recall@20: 0.0883    recall@40: 0.1419    ndcg@10: 0.0653    ndcg@20: 0.0757    ndcg@40: 0.0953    precision@10: 0.0512    precision@20: 0.0427    precision@40: 0.0347    
Tue 05 Nov 2024 11:08:49 INFO epoch 38 training [time: 187.24s, train loss: 14.7246]
Tue 05 Nov 2024 11:08:55 INFO epoch 38 evaluating [time: 3.13s, valid_score: 0.088700]
Tue 05 Nov 2024 11:08:55 INFO valid result: 
recall@10: 0.0539    recall@20: 0.0887    recall@40: 0.1425    ndcg@10: 0.0652    ndcg@20: 0.0759    ndcg@40: 0.0955    precision@10: 0.0512    precision@20: 0.0428    precision@40: 0.0347    
Tue 05 Nov 2024 11:08:55 INFO test result: 
recall@10: 0.0539    recall@20: 0.0887    recall@40: 0.1425    ndcg@10: 0.0652    ndcg@20: 0.0759    ndcg@40: 0.0955    precision@10: 0.0512    precision@20: 0.0428    precision@40: 0.0347    
Tue 05 Nov 2024 11:12:02 INFO epoch 39 training [time: 186.81s, train loss: 14.4380]
Tue 05 Nov 2024 11:12:08 INFO epoch 39 evaluating [time: 3.16s, valid_score: 0.089100]
Tue 05 Nov 2024 11:12:08 INFO valid result: 
recall@10: 0.0542    recall@20: 0.0891    recall@40: 0.1432    ndcg@10: 0.0655    ndcg@20: 0.0762    ndcg@40: 0.0959    precision@10: 0.0514    precision@20: 0.0430    precision@40: 0.0348    
Tue 05 Nov 2024 11:12:08 INFO test result: 
recall@10: 0.0542    recall@20: 0.0891    recall@40: 0.1432    ndcg@10: 0.0655    ndcg@20: 0.0762    ndcg@40: 0.0959    precision@10: 0.0514    precision@20: 0.0430    precision@40: 0.0348    
Tue 05 Nov 2024 11:12:08 INFO ██Saving current best: saved/IMP_GCN-Nov-05-2024-09-03-18.pth
Tue 05 Nov 2024 11:15:13 INFO epoch 40 training [time: 184.69s, train loss: 14.2565]
Tue 05 Nov 2024 11:15:19 INFO epoch 40 evaluating [time: 3.23s, valid_score: 0.089000]
Tue 05 Nov 2024 11:15:19 INFO valid result: 
recall@10: 0.0541    recall@20: 0.0890    recall@40: 0.1432    ndcg@10: 0.0655    ndcg@20: 0.0762    ndcg@40: 0.0959    precision@10: 0.0513    precision@20: 0.0430    precision@40: 0.0348    
Tue 05 Nov 2024 11:15:19 INFO test result: 
recall@10: 0.0541    recall@20: 0.0890    recall@40: 0.1432    ndcg@10: 0.0655    ndcg@20: 0.0762    ndcg@40: 0.0959    precision@10: 0.0513    precision@20: 0.0430    precision@40: 0.0348    
Tue 05 Nov 2024 11:18:23 INFO epoch 41 training [time: 184.12s, train loss: 13.9281]
Tue 05 Nov 2024 11:18:29 INFO epoch 41 evaluating [time: 3.14s, valid_score: 0.089000]
Tue 05 Nov 2024 11:18:29 INFO valid result: 
recall@10: 0.0540    recall@20: 0.0890    recall@40: 0.1433    ndcg@10: 0.0656    ndcg@20: 0.0764    ndcg@40: 0.0962    precision@10: 0.0513    precision@20: 0.0430    precision@40: 0.0349    
Tue 05 Nov 2024 11:18:29 INFO test result: 
recall@10: 0.0540    recall@20: 0.0890    recall@40: 0.1433    ndcg@10: 0.0656    ndcg@20: 0.0764    ndcg@40: 0.0962    precision@10: 0.0513    precision@20: 0.0430    precision@40: 0.0349    
Tue 05 Nov 2024 11:21:35 INFO epoch 42 training [time: 186.02s, train loss: 13.8540]
Tue 05 Nov 2024 11:21:42 INFO epoch 42 evaluating [time: 3.21s, valid_score: 0.089400]
Tue 05 Nov 2024 11:21:42 INFO valid result: 
recall@10: 0.0542    recall@20: 0.0894    recall@40: 0.1436    ndcg@10: 0.0656    ndcg@20: 0.0764    ndcg@40: 0.0962    precision@10: 0.0515    precision@20: 0.0431    precision@40: 0.0350    
Tue 05 Nov 2024 11:21:42 INFO test result: 
recall@10: 0.0542    recall@20: 0.0894    recall@40: 0.1436    ndcg@10: 0.0656    ndcg@20: 0.0764    ndcg@40: 0.0962    precision@10: 0.0515    precision@20: 0.0431    precision@40: 0.0350    
Tue 05 Nov 2024 11:21:42 INFO ██Saving current best: saved/IMP_GCN-Nov-05-2024-09-03-18.pth
Tue 05 Nov 2024 11:24:49 INFO epoch 43 training [time: 187.47s, train loss: 13.5296]
Tue 05 Nov 2024 11:24:56 INFO epoch 43 evaluating [time: 3.28s, valid_score: 0.089900]
Tue 05 Nov 2024 11:24:56 INFO valid result: 
recall@10: 0.0545    recall@20: 0.0899    recall@40: 0.1436    ndcg@10: 0.0660    ndcg@20: 0.0767    ndcg@40: 0.0964    precision@10: 0.0518    precision@20: 0.0433    precision@40: 0.0350    
Tue 05 Nov 2024 11:24:56 INFO test result: 
recall@10: 0.0545    recall@20: 0.0899    recall@40: 0.1436    ndcg@10: 0.0660    ndcg@20: 0.0767    ndcg@40: 0.0964    precision@10: 0.0518    precision@20: 0.0433    precision@40: 0.0350    
Tue 05 Nov 2024 11:24:56 INFO ██Saving current best: saved/IMP_GCN-Nov-05-2024-09-03-18.pth
Tue 05 Nov 2024 11:28:03 INFO epoch 44 training [time: 186.83s, train loss: 13.4816]
Tue 05 Nov 2024 11:28:09 INFO epoch 44 evaluating [time: 3.20s, valid_score: 0.090000]
Tue 05 Nov 2024 11:28:09 INFO valid result: 
recall@10: 0.0543    recall@20: 0.0900    recall@40: 0.1433    ndcg@10: 0.0660    ndcg@20: 0.0769    ndcg@40: 0.0964    precision@10: 0.0516    precision@20: 0.0433    precision@40: 0.0349    
Tue 05 Nov 2024 11:28:09 INFO test result: 
recall@10: 0.0543    recall@20: 0.0900    recall@40: 0.1433    ndcg@10: 0.0660    ndcg@20: 0.0769    ndcg@40: 0.0964    precision@10: 0.0516    precision@20: 0.0433    precision@40: 0.0349    
Tue 05 Nov 2024 11:28:09 INFO ██Saving current best: saved/IMP_GCN-Nov-05-2024-09-03-18.pth
Tue 05 Nov 2024 11:31:16 INFO epoch 45 training [time: 187.18s, train loss: 13.1911]
Tue 05 Nov 2024 11:31:22 INFO epoch 45 evaluating [time: 3.15s, valid_score: 0.089800]
Tue 05 Nov 2024 11:31:22 INFO valid result: 
recall@10: 0.0543    recall@20: 0.0898    recall@40: 0.1433    ndcg@10: 0.0661    ndcg@20: 0.0770    ndcg@40: 0.0965    precision@10: 0.0517    precision@20: 0.0433    precision@40: 0.0349    
Tue 05 Nov 2024 11:31:22 INFO test result: 
recall@10: 0.0543    recall@20: 0.0898    recall@40: 0.1433    ndcg@10: 0.0661    ndcg@20: 0.0770    ndcg@40: 0.0965    precision@10: 0.0517    precision@20: 0.0433    precision@40: 0.0349    
Tue 05 Nov 2024 11:34:30 INFO epoch 46 training [time: 187.85s, train loss: 12.8693]
Tue 05 Nov 2024 11:34:36 INFO epoch 46 evaluating [time: 3.23s, valid_score: 0.090000]
Tue 05 Nov 2024 11:34:36 INFO valid result: 
recall@10: 0.0547    recall@20: 0.0900    recall@40: 0.1437    ndcg@10: 0.0663    ndcg@20: 0.0770    ndcg@40: 0.0966    precision@10: 0.0520    precision@20: 0.0434    precision@40: 0.0350    
Tue 05 Nov 2024 11:34:36 INFO test result: 
recall@10: 0.0547    recall@20: 0.0900    recall@40: 0.1437    ndcg@10: 0.0663    ndcg@20: 0.0770    ndcg@40: 0.0966    precision@10: 0.0520    precision@20: 0.0434    precision@40: 0.0350    
Tue 05 Nov 2024 11:37:43 INFO epoch 47 training [time: 187.01s, train loss: 12.7401]
Tue 05 Nov 2024 11:37:50 INFO epoch 47 evaluating [time: 3.14s, valid_score: 0.089700]
Tue 05 Nov 2024 11:37:50 INFO valid result: 
recall@10: 0.0548    recall@20: 0.0897    recall@40: 0.1440    ndcg@10: 0.0665    ndcg@20: 0.0770    ndcg@40: 0.0968    precision@10: 0.0521    precision@20: 0.0432    precision@40: 0.0351    
Tue 05 Nov 2024 11:37:50 INFO test result: 
recall@10: 0.0548    recall@20: 0.0897    recall@40: 0.1440    ndcg@10: 0.0665    ndcg@20: 0.0770    ndcg@40: 0.0968    precision@10: 0.0521    precision@20: 0.0432    precision@40: 0.0351    
Tue 05 Nov 2024 11:40:57 INFO epoch 48 training [time: 186.84s, train loss: 12.5405]
Tue 05 Nov 2024 11:41:03 INFO epoch 48 evaluating [time: 3.13s, valid_score: 0.089800]
Tue 05 Nov 2024 11:41:03 INFO valid result: 
recall@10: 0.0545    recall@20: 0.0898    recall@40: 0.1440    ndcg@10: 0.0662    ndcg@20: 0.0769    ndcg@40: 0.0967    precision@10: 0.0520    precision@20: 0.0433    precision@40: 0.0351    
Tue 05 Nov 2024 11:41:03 INFO test result: 
recall@10: 0.0545    recall@20: 0.0898    recall@40: 0.1440    ndcg@10: 0.0662    ndcg@20: 0.0769    ndcg@40: 0.0967    precision@10: 0.0520    precision@20: 0.0433    precision@40: 0.0351    
Tue 05 Nov 2024 11:44:10 INFO epoch 49 training [time: 186.93s, train loss: 12.3837]
Tue 05 Nov 2024 11:44:16 INFO epoch 49 evaluating [time: 3.23s, valid_score: 0.090200]
Tue 05 Nov 2024 11:44:16 INFO valid result: 
recall@10: 0.0540    recall@20: 0.0902    recall@40: 0.1442    ndcg@10: 0.0660    ndcg@20: 0.0770    ndcg@40: 0.0968    precision@10: 0.0517    precision@20: 0.0434    precision@40: 0.0352    
Tue 05 Nov 2024 11:44:16 INFO test result: 
recall@10: 0.0540    recall@20: 0.0902    recall@40: 0.1442    ndcg@10: 0.0660    ndcg@20: 0.0770    ndcg@40: 0.0968    precision@10: 0.0517    precision@20: 0.0434    precision@40: 0.0352    
Tue 05 Nov 2024 11:44:16 INFO ██Saving current best: saved/IMP_GCN-Nov-05-2024-09-03-18.pth
Tue 05 Nov 2024 11:47:23 INFO epoch 50 training [time: 186.95s, train loss: 12.0510]
Tue 05 Nov 2024 11:47:29 INFO epoch 50 evaluating [time: 3.15s, valid_score: 0.090600]
Tue 05 Nov 2024 11:47:29 INFO valid result: 
recall@10: 0.0542    recall@20: 0.0906    recall@40: 0.1444    ndcg@10: 0.0660    ndcg@20: 0.0771    ndcg@40: 0.0968    precision@10: 0.0517    precision@20: 0.0434    precision@40: 0.0352    
Tue 05 Nov 2024 11:47:29 INFO test result: 
recall@10: 0.0542    recall@20: 0.0906    recall@40: 0.1444    ndcg@10: 0.0660    ndcg@20: 0.0771    ndcg@40: 0.0968    precision@10: 0.0517    precision@20: 0.0434    precision@40: 0.0352    
Tue 05 Nov 2024 11:47:29 INFO ██Saving current best: saved/IMP_GCN-Nov-05-2024-09-03-18.pth
Tue 05 Nov 2024 11:50:36 INFO epoch 51 training [time: 187.01s, train loss: 11.8837]
Tue 05 Nov 2024 11:50:42 INFO epoch 51 evaluating [time: 3.16s, valid_score: 0.090300]
Tue 05 Nov 2024 11:50:42 INFO valid result: 
recall@10: 0.0541    recall@20: 0.0903    recall@40: 0.1443    ndcg@10: 0.0660    ndcg@20: 0.0771    ndcg@40: 0.0969    precision@10: 0.0516    precision@20: 0.0435    precision@40: 0.0352    
Tue 05 Nov 2024 11:50:42 INFO test result: 
recall@10: 0.0541    recall@20: 0.0903    recall@40: 0.1443    ndcg@10: 0.0660    ndcg@20: 0.0771    ndcg@40: 0.0969    precision@10: 0.0516    precision@20: 0.0435    precision@40: 0.0352    
Tue 05 Nov 2024 11:53:50 INFO epoch 52 training [time: 187.05s, train loss: 11.8645]
Tue 05 Nov 2024 11:53:56 INFO epoch 52 evaluating [time: 3.26s, valid_score: 0.089900]
Tue 05 Nov 2024 11:53:56 INFO valid result: 
recall@10: 0.0543    recall@20: 0.0899    recall@40: 0.1441    ndcg@10: 0.0661    ndcg@20: 0.0770    ndcg@40: 0.0968    precision@10: 0.0517    precision@20: 0.0433    precision@40: 0.0351    
Tue 05 Nov 2024 11:53:56 INFO test result: 
recall@10: 0.0543    recall@20: 0.0899    recall@40: 0.1441    ndcg@10: 0.0661    ndcg@20: 0.0770    ndcg@40: 0.0968    precision@10: 0.0517    precision@20: 0.0433    precision@40: 0.0351    
Tue 05 Nov 2024 11:57:03 INFO epoch 53 training [time: 187.06s, train loss: 11.6266]
Tue 05 Nov 2024 11:57:09 INFO epoch 53 evaluating [time: 3.12s, valid_score: 0.090000]
Tue 05 Nov 2024 11:57:09 INFO valid result: 
recall@10: 0.0543    recall@20: 0.0900    recall@40: 0.1442    ndcg@10: 0.0662    ndcg@20: 0.0771    ndcg@40: 0.0969    precision@10: 0.0518    precision@20: 0.0435    precision@40: 0.0352    
Tue 05 Nov 2024 11:57:09 INFO test result: 
recall@10: 0.0543    recall@20: 0.0900    recall@40: 0.1442    ndcg@10: 0.0662    ndcg@20: 0.0771    ndcg@40: 0.0969    precision@10: 0.0518    precision@20: 0.0435    precision@40: 0.0352    
Tue 05 Nov 2024 12:00:16 INFO epoch 54 training [time: 186.94s, train loss: 11.5120]
Tue 05 Nov 2024 12:00:22 INFO epoch 54 evaluating [time: 3.15s, valid_score: 0.090100]
Tue 05 Nov 2024 12:00:22 INFO valid result: 
recall@10: 0.0544    recall@20: 0.0901    recall@40: 0.1438    ndcg@10: 0.0663    ndcg@20: 0.0771    ndcg@40: 0.0968    precision@10: 0.0520    precision@20: 0.0434    precision@40: 0.0351    
Tue 05 Nov 2024 12:00:22 INFO test result: 
recall@10: 0.0544    recall@20: 0.0901    recall@40: 0.1438    ndcg@10: 0.0663    ndcg@20: 0.0771    ndcg@40: 0.0968    precision@10: 0.0520    precision@20: 0.0434    precision@40: 0.0351    
Tue 05 Nov 2024 12:03:30 INFO epoch 55 training [time: 187.55s, train loss: 11.4706]
Tue 05 Nov 2024 12:03:36 INFO epoch 55 evaluating [time: 3.24s, valid_score: 0.089900]
Tue 05 Nov 2024 12:03:36 INFO valid result: 
recall@10: 0.0545    recall@20: 0.0899    recall@40: 0.1439    ndcg@10: 0.0662    ndcg@20: 0.0770    ndcg@40: 0.0967    precision@10: 0.0519    precision@20: 0.0434    precision@40: 0.0351    
Tue 05 Nov 2024 12:03:36 INFO test result: 
recall@10: 0.0545    recall@20: 0.0899    recall@40: 0.1439    ndcg@10: 0.0662    ndcg@20: 0.0770    ndcg@40: 0.0967    precision@10: 0.0519    precision@20: 0.0434    precision@40: 0.0351    
Tue 05 Nov 2024 12:06:44 INFO epoch 56 training [time: 187.48s, train loss: 11.0335]
Tue 05 Nov 2024 12:06:50 INFO epoch 56 evaluating [time: 3.14s, valid_score: 0.089700]
Tue 05 Nov 2024 12:06:50 INFO valid result: 
recall@10: 0.0541    recall@20: 0.0897    recall@40: 0.1439    ndcg@10: 0.0660    ndcg@20: 0.0768    ndcg@40: 0.0966    precision@10: 0.0517    precision@20: 0.0434    precision@40: 0.0351    
Tue 05 Nov 2024 12:06:50 INFO test result: 
recall@10: 0.0541    recall@20: 0.0897    recall@40: 0.1439    ndcg@10: 0.0660    ndcg@20: 0.0768    ndcg@40: 0.0966    precision@10: 0.0517    precision@20: 0.0434    precision@40: 0.0351    
Tue 05 Nov 2024 12:09:57 INFO epoch 57 training [time: 187.12s, train loss: 11.0639]
Tue 05 Nov 2024 12:10:03 INFO epoch 57 evaluating [time: 3.14s, valid_score: 0.089900]
Tue 05 Nov 2024 12:10:03 INFO valid result: 
recall@10: 0.0542    recall@20: 0.0899    recall@40: 0.1441    ndcg@10: 0.0661    ndcg@20: 0.0769    ndcg@40: 0.0967    precision@10: 0.0519    precision@20: 0.0434    precision@40: 0.0351    
Tue 05 Nov 2024 12:10:03 INFO test result: 
recall@10: 0.0542    recall@20: 0.0899    recall@40: 0.1441    ndcg@10: 0.0661    ndcg@20: 0.0769    ndcg@40: 0.0967    precision@10: 0.0519    precision@20: 0.0434    precision@40: 0.0351    
Tue 05 Nov 2024 12:13:10 INFO epoch 58 training [time: 187.02s, train loss: 10.8981]
Tue 05 Nov 2024 12:13:16 INFO epoch 58 evaluating [time: 3.21s, valid_score: 0.089900]
Tue 05 Nov 2024 12:13:16 INFO valid result: 
recall@10: 0.0543    recall@20: 0.0899    recall@40: 0.1444    ndcg@10: 0.0660    ndcg@20: 0.0769    ndcg@40: 0.0968    precision@10: 0.0518    precision@20: 0.0434    precision@40: 0.0352    
Tue 05 Nov 2024 12:13:16 INFO test result: 
recall@10: 0.0543    recall@20: 0.0899    recall@40: 0.1444    ndcg@10: 0.0660    ndcg@20: 0.0769    ndcg@40: 0.0968    precision@10: 0.0518    precision@20: 0.0434    precision@40: 0.0352    
Tue 05 Nov 2024 12:16:23 INFO epoch 59 training [time: 186.65s, train loss: 10.7834]
Tue 05 Nov 2024 12:16:29 INFO epoch 59 evaluating [time: 3.17s, valid_score: 0.090000]
Tue 05 Nov 2024 12:16:29 INFO valid result: 
recall@10: 0.0545    recall@20: 0.0900    recall@40: 0.1440    ndcg@10: 0.0663    ndcg@20: 0.0771    ndcg@40: 0.0968    precision@10: 0.0519    precision@20: 0.0435    precision@40: 0.0352    
Tue 05 Nov 2024 12:16:29 INFO test result: 
recall@10: 0.0545    recall@20: 0.0900    recall@40: 0.1440    ndcg@10: 0.0663    ndcg@20: 0.0771    ndcg@40: 0.0968    precision@10: 0.0519    precision@20: 0.0435    precision@40: 0.0352    
Tue 05 Nov 2024 12:19:36 INFO epoch 60 training [time: 186.94s, train loss: 10.6194]
Tue 05 Nov 2024 12:19:42 INFO epoch 60 evaluating [time: 3.15s, valid_score: 0.089900]
Tue 05 Nov 2024 12:19:42 INFO valid result: 
recall@10: 0.0544    recall@20: 0.0899    recall@40: 0.1441    ndcg@10: 0.0662    ndcg@20: 0.0771    ndcg@40: 0.0968    precision@10: 0.0518    precision@20: 0.0434    precision@40: 0.0352    
Tue 05 Nov 2024 12:19:42 INFO test result: 
recall@10: 0.0544    recall@20: 0.0899    recall@40: 0.1441    ndcg@10: 0.0662    ndcg@20: 0.0771    ndcg@40: 0.0968    precision@10: 0.0518    precision@20: 0.0434    precision@40: 0.0352    
Tue 05 Nov 2024 12:22:50 INFO epoch 61 training [time: 187.18s, train loss: 10.4328]
Tue 05 Nov 2024 12:22:56 INFO epoch 61 evaluating [time: 3.27s, valid_score: 0.090200]
Tue 05 Nov 2024 12:22:56 INFO valid result: 
recall@10: 0.0545    recall@20: 0.0902    recall@40: 0.1446    ndcg@10: 0.0664    ndcg@20: 0.0772    ndcg@40: 0.0971    precision@10: 0.0520    precision@20: 0.0435    precision@40: 0.0352    
Tue 05 Nov 2024 12:22:56 INFO test result: 
recall@10: 0.0545    recall@20: 0.0902    recall@40: 0.1446    ndcg@10: 0.0664    ndcg@20: 0.0772    ndcg@40: 0.0971    precision@10: 0.0520    precision@20: 0.0435    precision@40: 0.0352    
Tue 05 Nov 2024 12:26:05 INFO epoch 62 training [time: 189.04s, train loss: 10.4188]
Tue 05 Nov 2024 12:26:11 INFO epoch 62 evaluating [time: 3.16s, valid_score: 0.090000]
Tue 05 Nov 2024 12:26:11 INFO valid result: 
recall@10: 0.0546    recall@20: 0.0900    recall@40: 0.1443    ndcg@10: 0.0663    ndcg@20: 0.0770    ndcg@40: 0.0969    precision@10: 0.0520    precision@20: 0.0433    precision@40: 0.0352    
Tue 05 Nov 2024 12:26:11 INFO test result: 
recall@10: 0.0546    recall@20: 0.0900    recall@40: 0.1443    ndcg@10: 0.0663    ndcg@20: 0.0770    ndcg@40: 0.0969    precision@10: 0.0520    precision@20: 0.0433    precision@40: 0.0352    
Tue 05 Nov 2024 12:29:18 INFO epoch 63 training [time: 187.07s, train loss: 10.2084]
Tue 05 Nov 2024 12:29:25 INFO epoch 63 evaluating [time: 3.16s, valid_score: 0.089800]
Tue 05 Nov 2024 12:29:25 INFO valid result: 
recall@10: 0.0546    recall@20: 0.0898    recall@40: 0.1449    ndcg@10: 0.0663    ndcg@20: 0.0769    ndcg@40: 0.0970    precision@10: 0.0520    precision@20: 0.0433    precision@40: 0.0352    
Tue 05 Nov 2024 12:29:25 INFO test result: 
recall@10: 0.0546    recall@20: 0.0898    recall@40: 0.1449    ndcg@10: 0.0663    ndcg@20: 0.0769    ndcg@40: 0.0970    precision@10: 0.0520    precision@20: 0.0433    precision@40: 0.0352    
Tue 05 Nov 2024 12:32:32 INFO epoch 64 training [time: 187.36s, train loss: 10.1768]
Tue 05 Nov 2024 12:32:38 INFO epoch 64 evaluating [time: 3.15s, valid_score: 0.090000]
Tue 05 Nov 2024 12:32:38 INFO valid result: 
recall@10: 0.0547    recall@20: 0.0900    recall@40: 0.1443    ndcg@10: 0.0663    ndcg@20: 0.0770    ndcg@40: 0.0968    precision@10: 0.0521    precision@20: 0.0434    precision@40: 0.0352    
Tue 05 Nov 2024 12:32:38 INFO test result: 
recall@10: 0.0547    recall@20: 0.0900    recall@40: 0.1443    ndcg@10: 0.0663    ndcg@20: 0.0770    ndcg@40: 0.0968    precision@10: 0.0521    precision@20: 0.0434    precision@40: 0.0352    
Tue 05 Nov 2024 12:35:45 INFO epoch 65 training [time: 187.16s, train loss: 9.9947]
Tue 05 Nov 2024 12:35:52 INFO epoch 65 evaluating [time: 3.19s, valid_score: 0.090000]
Tue 05 Nov 2024 12:35:52 INFO valid result: 
recall@10: 0.0545    recall@20: 0.0900    recall@40: 0.1440    ndcg@10: 0.0662    ndcg@20: 0.0769    ndcg@40: 0.0967    precision@10: 0.0520    precision@20: 0.0433    precision@40: 0.0351    
Tue 05 Nov 2024 12:35:52 INFO test result: 
recall@10: 0.0545    recall@20: 0.0900    recall@40: 0.1440    ndcg@10: 0.0662    ndcg@20: 0.0769    ndcg@40: 0.0967    precision@10: 0.0520    precision@20: 0.0433    precision@40: 0.0351    
Tue 05 Nov 2024 12:40:29 INFO epoch 66 training [time: 277.28s, train loss: 9.9161]
Tue 05 Nov 2024 12:40:35 INFO epoch 66 evaluating [time: 3.47s, valid_score: 0.090000]
Tue 05 Nov 2024 12:40:35 INFO valid result: 
recall@10: 0.0545    recall@20: 0.0900    recall@40: 0.1440    ndcg@10: 0.0663    ndcg@20: 0.0770    ndcg@40: 0.0967    precision@10: 0.0521    precision@20: 0.0434    precision@40: 0.0351    
Tue 05 Nov 2024 12:40:35 INFO test result: 
recall@10: 0.0545    recall@20: 0.0900    recall@40: 0.1440    ndcg@10: 0.0663    ndcg@20: 0.0770    ndcg@40: 0.0967    precision@10: 0.0521    precision@20: 0.0434    precision@40: 0.0351    
Tue 05 Nov 2024 12:45:59 INFO epoch 67 training [time: 323.92s, train loss: 9.9132]
Tue 05 Nov 2024 12:46:06 INFO epoch 67 evaluating [time: 3.43s, valid_score: 0.090300]
Tue 05 Nov 2024 12:46:06 INFO valid result: 
recall@10: 0.0547    recall@20: 0.0903    recall@40: 0.1438    ndcg@10: 0.0663    ndcg@20: 0.0770    ndcg@40: 0.0966    precision@10: 0.0521    precision@20: 0.0435    precision@40: 0.0351    
Tue 05 Nov 2024 12:46:06 INFO test result: 
recall@10: 0.0547    recall@20: 0.0903    recall@40: 0.1438    ndcg@10: 0.0663    ndcg@20: 0.0770    ndcg@40: 0.0966    precision@10: 0.0521    precision@20: 0.0435    precision@40: 0.0351    
Tue 05 Nov 2024 12:51:19 INFO epoch 68 training [time: 313.38s, train loss: 9.6657]
Tue 05 Nov 2024 12:51:26 INFO epoch 68 evaluating [time: 3.36s, valid_score: 0.090300]
Tue 05 Nov 2024 12:51:26 INFO valid result: 
recall@10: 0.0546    recall@20: 0.0903    recall@40: 0.1441    ndcg@10: 0.0663    ndcg@20: 0.0770    ndcg@40: 0.0967    precision@10: 0.0522    precision@20: 0.0435    precision@40: 0.0351    
Tue 05 Nov 2024 12:51:26 INFO test result: 
recall@10: 0.0546    recall@20: 0.0903    recall@40: 0.1441    ndcg@10: 0.0663    ndcg@20: 0.0770    ndcg@40: 0.0967    precision@10: 0.0522    precision@20: 0.0435    precision@40: 0.0351    
Tue 05 Nov 2024 12:55:55 INFO epoch 69 training [time: 269.12s, train loss: 9.7194]
Tue 05 Nov 2024 12:56:01 INFO epoch 69 evaluating [time: 3.31s, valid_score: 0.090100]
Tue 05 Nov 2024 12:56:01 INFO valid result: 
recall@10: 0.0545    recall@20: 0.0901    recall@40: 0.1442    ndcg@10: 0.0661    ndcg@20: 0.0768    ndcg@40: 0.0966    precision@10: 0.0519    precision@20: 0.0434    precision@40: 0.0351    
Tue 05 Nov 2024 12:56:01 INFO test result: 
recall@10: 0.0545    recall@20: 0.0901    recall@40: 0.1442    ndcg@10: 0.0661    ndcg@20: 0.0768    ndcg@40: 0.0966    precision@10: 0.0519    precision@20: 0.0434    precision@40: 0.0351    
Tue 05 Nov 2024 13:01:03 INFO epoch 70 training [time: 302.01s, train loss: 9.5885]
Tue 05 Nov 2024 13:01:10 INFO epoch 70 evaluating [time: 3.38s, valid_score: 0.090200]
Tue 05 Nov 2024 13:01:10 INFO valid result: 
recall@10: 0.0542    recall@20: 0.0902    recall@40: 0.1446    ndcg@10: 0.0658    ndcg@20: 0.0767    ndcg@40: 0.0967    precision@10: 0.0518    precision@20: 0.0434    precision@40: 0.0352    
Tue 05 Nov 2024 13:01:10 INFO test result: 
recall@10: 0.0542    recall@20: 0.0902    recall@40: 0.1446    ndcg@10: 0.0658    ndcg@20: 0.0767    ndcg@40: 0.0967    precision@10: 0.0518    precision@20: 0.0434    precision@40: 0.0352    
Tue 05 Nov 2024 13:05:33 INFO epoch 71 training [time: 262.72s, train loss: 9.4680]
Tue 05 Nov 2024 13:05:39 INFO epoch 71 evaluating [time: 3.44s, valid_score: 0.090300]
Tue 05 Nov 2024 13:05:39 INFO valid result: 
recall@10: 0.0543    recall@20: 0.0903    recall@40: 0.1445    ndcg@10: 0.0659    ndcg@20: 0.0768    ndcg@40: 0.0967    precision@10: 0.0519    precision@20: 0.0434    precision@40: 0.0352    
Tue 05 Nov 2024 13:05:39 INFO test result: 
recall@10: 0.0543    recall@20: 0.0903    recall@40: 0.1445    ndcg@10: 0.0659    ndcg@20: 0.0768    ndcg@40: 0.0967    precision@10: 0.0519    precision@20: 0.0434    precision@40: 0.0352    
Tue 05 Nov 2024 13:12:00 INFO epoch 72 training [time: 380.63s, train loss: 9.2927]
Tue 05 Nov 2024 13:12:06 INFO epoch 72 evaluating [time: 3.40s, valid_score: 0.090300]
Tue 05 Nov 2024 13:12:06 INFO valid result: 
recall@10: 0.0545    recall@20: 0.0903    recall@40: 0.1444    ndcg@10: 0.0660    ndcg@20: 0.0770    ndcg@40: 0.0967    precision@10: 0.0518    precision@20: 0.0435    precision@40: 0.0352    
Tue 05 Nov 2024 13:12:06 INFO test result: 
recall@10: 0.0545    recall@20: 0.0903    recall@40: 0.1444    ndcg@10: 0.0660    ndcg@20: 0.0770    ndcg@40: 0.0967    precision@10: 0.0518    precision@20: 0.0435    precision@40: 0.0352    
Tue 05 Nov 2024 13:16:18 INFO epoch 73 training [time: 252.13s, train loss: 9.2119]
Tue 05 Nov 2024 13:16:25 INFO epoch 73 evaluating [time: 3.18s, valid_score: 0.089900]
Tue 05 Nov 2024 13:16:25 INFO valid result: 
recall@10: 0.0546    recall@20: 0.0899    recall@40: 0.1438    ndcg@10: 0.0661    ndcg@20: 0.0769    ndcg@40: 0.0966    precision@10: 0.0518    precision@20: 0.0434    precision@40: 0.0351    
Tue 05 Nov 2024 13:16:25 INFO test result: 
recall@10: 0.0546    recall@20: 0.0899    recall@40: 0.1438    ndcg@10: 0.0661    ndcg@20: 0.0769    ndcg@40: 0.0966    precision@10: 0.0518    precision@20: 0.0434    precision@40: 0.0351    
Tue 05 Nov 2024 13:20:19 INFO epoch 74 training [time: 234.24s, train loss: 9.2725]
Tue 05 Nov 2024 13:20:25 INFO epoch 74 evaluating [time: 3.21s, valid_score: 0.089900]
Tue 05 Nov 2024 13:20:25 INFO valid result: 
recall@10: 0.0546    recall@20: 0.0899    recall@40: 0.1442    ndcg@10: 0.0661    ndcg@20: 0.0768    ndcg@40: 0.0967    precision@10: 0.0518    precision@20: 0.0433    precision@40: 0.0351    
Tue 05 Nov 2024 13:20:25 INFO test result: 
recall@10: 0.0546    recall@20: 0.0899    recall@40: 0.1442    ndcg@10: 0.0661    ndcg@20: 0.0768    ndcg@40: 0.0967    precision@10: 0.0518    precision@20: 0.0433    precision@40: 0.0351    
Tue 05 Nov 2024 13:23:42 INFO epoch 75 training [time: 197.04s, train loss: 9.0873]
Tue 05 Nov 2024 13:23:49 INFO epoch 75 evaluating [time: 3.31s, valid_score: 0.089800]
Tue 05 Nov 2024 13:23:49 INFO valid result: 
recall@10: 0.0545    recall@20: 0.0898    recall@40: 0.1445    ndcg@10: 0.0661    ndcg@20: 0.0767    ndcg@40: 0.0967    precision@10: 0.0520    precision@20: 0.0433    precision@40: 0.0352    
Tue 05 Nov 2024 13:23:49 INFO test result: 
recall@10: 0.0545    recall@20: 0.0898    recall@40: 0.1445    ndcg@10: 0.0661    ndcg@20: 0.0767    ndcg@40: 0.0967    precision@10: 0.0520    precision@20: 0.0433    precision@40: 0.0352    
Tue 05 Nov 2024 13:27:56 INFO epoch 76 training [time: 247.42s, train loss: 9.0223]
Tue 05 Nov 2024 13:28:03 INFO epoch 76 evaluating [time: 3.38s, valid_score: 0.089800]
Tue 05 Nov 2024 13:28:03 INFO valid result: 
recall@10: 0.0543    recall@20: 0.0898    recall@40: 0.1441    ndcg@10: 0.0660    ndcg@20: 0.0768    ndcg@40: 0.0966    precision@10: 0.0518    precision@20: 0.0433    precision@40: 0.0351    
Tue 05 Nov 2024 13:28:03 INFO test result: 
recall@10: 0.0543    recall@20: 0.0898    recall@40: 0.1441    ndcg@10: 0.0660    ndcg@20: 0.0768    ndcg@40: 0.0966    precision@10: 0.0518    precision@20: 0.0433    precision@40: 0.0351    
Tue 05 Nov 2024 13:33:15 INFO epoch 77 training [time: 312.41s, train loss: 8.9237]
Tue 05 Nov 2024 13:33:22 INFO epoch 77 evaluating [time: 3.19s, valid_score: 0.089900]
Tue 05 Nov 2024 13:33:22 INFO valid result: 
recall@10: 0.0545    recall@20: 0.0899    recall@40: 0.1441    ndcg@10: 0.0662    ndcg@20: 0.0768    ndcg@40: 0.0967    precision@10: 0.0520    precision@20: 0.0433    precision@40: 0.0351    
Tue 05 Nov 2024 13:33:22 INFO test result: 
recall@10: 0.0545    recall@20: 0.0899    recall@40: 0.1441    ndcg@10: 0.0662    ndcg@20: 0.0768    ndcg@40: 0.0967    precision@10: 0.0520    precision@20: 0.0433    precision@40: 0.0351    
Tue 05 Nov 2024 13:37:59 INFO epoch 78 training [time: 277.60s, train loss: 8.8400]
Tue 05 Nov 2024 13:38:06 INFO epoch 78 evaluating [time: 3.37s, valid_score: 0.090200]
Tue 05 Nov 2024 13:38:06 INFO valid result: 
recall@10: 0.0546    recall@20: 0.0902    recall@40: 0.1443    ndcg@10: 0.0661    ndcg@20: 0.0769    ndcg@40: 0.0967    precision@10: 0.0520    precision@20: 0.0435    precision@40: 0.0352    
Tue 05 Nov 2024 13:38:06 INFO test result: 
recall@10: 0.0546    recall@20: 0.0902    recall@40: 0.1443    ndcg@10: 0.0661    ndcg@20: 0.0769    ndcg@40: 0.0967    precision@10: 0.0520    precision@20: 0.0435    precision@40: 0.0352    
Tue 05 Nov 2024 13:42:34 INFO epoch 79 training [time: 268.67s, train loss: 8.8062]
Tue 05 Nov 2024 13:42:41 INFO epoch 79 evaluating [time: 3.22s, valid_score: 0.090200]
Tue 05 Nov 2024 13:42:41 INFO valid result: 
recall@10: 0.0543    recall@20: 0.0902    recall@40: 0.1440    ndcg@10: 0.0660    ndcg@20: 0.0769    ndcg@40: 0.0966    precision@10: 0.0519    precision@20: 0.0433    precision@40: 0.0351    
Tue 05 Nov 2024 13:42:41 INFO test result: 
recall@10: 0.0543    recall@20: 0.0902    recall@40: 0.1440    ndcg@10: 0.0660    ndcg@20: 0.0769    ndcg@40: 0.0966    precision@10: 0.0519    precision@20: 0.0433    precision@40: 0.0351    
Tue 05 Nov 2024 13:45:49 INFO epoch 80 training [time: 188.05s, train loss: 8.7210]
Tue 05 Nov 2024 13:45:55 INFO epoch 80 evaluating [time: 3.23s, valid_score: 0.089900]
Tue 05 Nov 2024 13:45:55 INFO valid result: 
recall@10: 0.0546    recall@20: 0.0899    recall@40: 0.1440    ndcg@10: 0.0660    ndcg@20: 0.0768    ndcg@40: 0.0965    precision@10: 0.0519    precision@20: 0.0434    precision@40: 0.0351    
Tue 05 Nov 2024 13:45:55 INFO test result: 
recall@10: 0.0546    recall@20: 0.0899    recall@40: 0.1440    ndcg@10: 0.0660    ndcg@20: 0.0768    ndcg@40: 0.0965    precision@10: 0.0519    precision@20: 0.0434    precision@40: 0.0351    
Tue 05 Nov 2024 13:50:17 INFO epoch 81 training [time: 261.48s, train loss: 8.5197]
Tue 05 Nov 2024 13:50:23 INFO epoch 81 evaluating [time: 3.30s, valid_score: 0.090300]
Tue 05 Nov 2024 13:50:23 INFO valid result: 
recall@10: 0.0546    recall@20: 0.0903    recall@40: 0.1440    ndcg@10: 0.0662    ndcg@20: 0.0770    ndcg@40: 0.0965    precision@10: 0.0520    precision@20: 0.0435    precision@40: 0.0350    
Tue 05 Nov 2024 13:50:23 INFO test result: 
recall@10: 0.0546    recall@20: 0.0903    recall@40: 0.1440    ndcg@10: 0.0662    ndcg@20: 0.0770    ndcg@40: 0.0965    precision@10: 0.0520    precision@20: 0.0435    precision@40: 0.0350    
Tue 05 Nov 2024 13:53:31 INFO epoch 82 training [time: 187.83s, train loss: 8.5404]
Tue 05 Nov 2024 13:53:37 INFO epoch 82 evaluating [time: 3.22s, valid_score: 0.089700]
Tue 05 Nov 2024 13:53:37 INFO valid result: 
recall@10: 0.0546    recall@20: 0.0897    recall@40: 0.1443    ndcg@10: 0.0662    ndcg@20: 0.0767    ndcg@40: 0.0966    precision@10: 0.0520    precision@20: 0.0433    precision@40: 0.0351    
Tue 05 Nov 2024 13:53:37 INFO test result: 
recall@10: 0.0546    recall@20: 0.0897    recall@40: 0.1443    ndcg@10: 0.0662    ndcg@20: 0.0767    ndcg@40: 0.0966    precision@10: 0.0520    precision@20: 0.0433    precision@40: 0.0351    
Tue 05 Nov 2024 13:56:45 INFO epoch 83 training [time: 187.70s, train loss: 8.5141]
Tue 05 Nov 2024 13:56:51 INFO epoch 83 evaluating [time: 3.20s, valid_score: 0.090000]
Tue 05 Nov 2024 13:56:51 INFO valid result: 
recall@10: 0.0543    recall@20: 0.0900    recall@40: 0.1443    ndcg@10: 0.0659    ndcg@20: 0.0767    ndcg@40: 0.0966    precision@10: 0.0518    precision@20: 0.0433    precision@40: 0.0351    
Tue 05 Nov 2024 13:56:51 INFO test result: 
recall@10: 0.0543    recall@20: 0.0900    recall@40: 0.1443    ndcg@10: 0.0659    ndcg@20: 0.0767    ndcg@40: 0.0966    precision@10: 0.0518    precision@20: 0.0433    precision@40: 0.0351    
Tue 05 Nov 2024 13:59:59 INFO epoch 84 training [time: 187.89s, train loss: 8.4009]
Tue 05 Nov 2024 14:00:05 INFO epoch 84 evaluating [time: 3.29s, valid_score: 0.090200]
Tue 05 Nov 2024 14:00:05 INFO valid result: 
recall@10: 0.0543    recall@20: 0.0902    recall@40: 0.1445    ndcg@10: 0.0661    ndcg@20: 0.0769    ndcg@40: 0.0967    precision@10: 0.0518    precision@20: 0.0434    precision@40: 0.0351    
Tue 05 Nov 2024 14:00:05 INFO test result: 
recall@10: 0.0543    recall@20: 0.0902    recall@40: 0.1445    ndcg@10: 0.0661    ndcg@20: 0.0769    ndcg@40: 0.0967    precision@10: 0.0518    precision@20: 0.0434    precision@40: 0.0351    
Tue 05 Nov 2024 14:03:14 INFO epoch 85 training [time: 188.32s, train loss: 8.3112]
Tue 05 Nov 2024 14:03:20 INFO epoch 85 evaluating [time: 3.20s, valid_score: 0.090200]
Tue 05 Nov 2024 14:03:20 INFO valid result: 
recall@10: 0.0541    recall@20: 0.0902    recall@40: 0.1439    ndcg@10: 0.0658    ndcg@20: 0.0769    ndcg@40: 0.0965    precision@10: 0.0515    precision@20: 0.0434    precision@40: 0.0350    
Tue 05 Nov 2024 14:03:20 INFO test result: 
recall@10: 0.0541    recall@20: 0.0902    recall@40: 0.1439    ndcg@10: 0.0658    ndcg@20: 0.0769    ndcg@40: 0.0965    precision@10: 0.0515    precision@20: 0.0434    precision@40: 0.0350    
Tue 05 Nov 2024 14:06:28 INFO epoch 86 training [time: 188.18s, train loss: 8.2302]
Tue 05 Nov 2024 14:06:34 INFO epoch 86 evaluating [time: 3.15s, valid_score: 0.090100]
Tue 05 Nov 2024 14:06:34 INFO valid result: 
recall@10: 0.0541    recall@20: 0.0901    recall@40: 0.1438    ndcg@10: 0.0659    ndcg@20: 0.0769    ndcg@40: 0.0965    precision@10: 0.0516    precision@20: 0.0434    precision@40: 0.0350    
Tue 05 Nov 2024 14:06:34 INFO test result: 
recall@10: 0.0541    recall@20: 0.0901    recall@40: 0.1438    ndcg@10: 0.0659    ndcg@20: 0.0769    ndcg@40: 0.0965    precision@10: 0.0516    precision@20: 0.0434    precision@40: 0.0350    
Tue 05 Nov 2024 14:09:42 INFO epoch 87 training [time: 187.58s, train loss: 8.2165]
Tue 05 Nov 2024 14:09:48 INFO epoch 87 evaluating [time: 3.27s, valid_score: 0.090100]
Tue 05 Nov 2024 14:09:48 INFO valid result: 
recall@10: 0.0543    recall@20: 0.0901    recall@40: 0.1435    ndcg@10: 0.0660    ndcg@20: 0.0768    ndcg@40: 0.0963    precision@10: 0.0518    precision@20: 0.0433    precision@40: 0.0350    
Tue 05 Nov 2024 14:09:48 INFO test result: 
recall@10: 0.0543    recall@20: 0.0901    recall@40: 0.1435    ndcg@10: 0.0660    ndcg@20: 0.0768    ndcg@40: 0.0963    precision@10: 0.0518    precision@20: 0.0433    precision@40: 0.0350    
Tue 05 Nov 2024 14:12:55 INFO epoch 88 training [time: 187.22s, train loss: 8.1124]
Tue 05 Nov 2024 14:13:02 INFO epoch 88 evaluating [time: 3.17s, valid_score: 0.089700]
Tue 05 Nov 2024 14:13:02 INFO valid result: 
recall@10: 0.0544    recall@20: 0.0897    recall@40: 0.1432    ndcg@10: 0.0661    ndcg@20: 0.0768    ndcg@40: 0.0963    precision@10: 0.0518    precision@20: 0.0431    precision@40: 0.0349    
Tue 05 Nov 2024 14:13:02 INFO test result: 
recall@10: 0.0544    recall@20: 0.0897    recall@40: 0.1432    ndcg@10: 0.0661    ndcg@20: 0.0768    ndcg@40: 0.0963    precision@10: 0.0518    precision@20: 0.0431    precision@40: 0.0349    
Tue 05 Nov 2024 14:16:09 INFO epoch 89 training [time: 187.13s, train loss: 8.0795]
Tue 05 Nov 2024 14:16:15 INFO epoch 89 evaluating [time: 3.15s, valid_score: 0.089900]
Tue 05 Nov 2024 14:16:15 INFO valid result: 
recall@10: 0.0543    recall@20: 0.0899    recall@40: 0.1434    ndcg@10: 0.0660    ndcg@20: 0.0767    ndcg@40: 0.0963    precision@10: 0.0517    precision@20: 0.0431    precision@40: 0.0349    
Tue 05 Nov 2024 14:16:15 INFO test result: 
recall@10: 0.0543    recall@20: 0.0899    recall@40: 0.1434    ndcg@10: 0.0660    ndcg@20: 0.0767    ndcg@40: 0.0963    precision@10: 0.0517    precision@20: 0.0431    precision@40: 0.0349    
Tue 05 Nov 2024 14:19:23 INFO epoch 90 training [time: 187.43s, train loss: 8.0761]
Tue 05 Nov 2024 14:19:29 INFO epoch 90 evaluating [time: 3.24s, valid_score: 0.089800]
Tue 05 Nov 2024 14:19:29 INFO valid result: 
recall@10: 0.0542    recall@20: 0.0898    recall@40: 0.1432    ndcg@10: 0.0660    ndcg@20: 0.0768    ndcg@40: 0.0963    precision@10: 0.0516    precision@20: 0.0432    precision@40: 0.0349    
Tue 05 Nov 2024 14:19:29 INFO test result: 
recall@10: 0.0542    recall@20: 0.0898    recall@40: 0.1432    ndcg@10: 0.0660    ndcg@20: 0.0768    ndcg@40: 0.0963    precision@10: 0.0516    precision@20: 0.0432    precision@40: 0.0349    
Tue 05 Nov 2024 14:22:36 INFO epoch 91 training [time: 187.70s, train loss: 8.0459]
Tue 05 Nov 2024 14:22:43 INFO epoch 91 evaluating [time: 3.15s, valid_score: 0.089900]
Tue 05 Nov 2024 14:22:43 INFO valid result: 
recall@10: 0.0542    recall@20: 0.0899    recall@40: 0.1433    ndcg@10: 0.0659    ndcg@20: 0.0767    ndcg@40: 0.0962    precision@10: 0.0517    precision@20: 0.0431    precision@40: 0.0349    
Tue 05 Nov 2024 14:22:43 INFO test result: 
recall@10: 0.0542    recall@20: 0.0899    recall@40: 0.1433    ndcg@10: 0.0659    ndcg@20: 0.0767    ndcg@40: 0.0962    precision@10: 0.0517    precision@20: 0.0431    precision@40: 0.0349    
Tue 05 Nov 2024 14:25:50 INFO epoch 92 training [time: 187.45s, train loss: 7.9716]
Tue 05 Nov 2024 14:25:56 INFO epoch 92 evaluating [time: 3.24s, valid_score: 0.089500]
Tue 05 Nov 2024 14:25:56 INFO valid result: 
recall@10: 0.0539    recall@20: 0.0895    recall@40: 0.1434    ndcg@10: 0.0657    ndcg@20: 0.0765    ndcg@40: 0.0962    precision@10: 0.0516    precision@20: 0.0430    precision@40: 0.0349    
Tue 05 Nov 2024 14:25:56 INFO test result: 
recall@10: 0.0539    recall@20: 0.0895    recall@40: 0.1434    ndcg@10: 0.0657    ndcg@20: 0.0765    ndcg@40: 0.0962    precision@10: 0.0516    precision@20: 0.0430    precision@40: 0.0349    
Tue 05 Nov 2024 14:29:03 INFO epoch 93 training [time: 186.82s, train loss: 7.8834]
Tue 05 Nov 2024 14:29:09 INFO epoch 93 evaluating [time: 3.16s, valid_score: 0.089200]
Tue 05 Nov 2024 14:29:09 INFO valid result: 
recall@10: 0.0540    recall@20: 0.0892    recall@40: 0.1432    ndcg@10: 0.0659    ndcg@20: 0.0765    ndcg@40: 0.0963    precision@10: 0.0516    precision@20: 0.0430    precision@40: 0.0349    
Tue 05 Nov 2024 14:29:09 INFO test result: 
recall@10: 0.0540    recall@20: 0.0892    recall@40: 0.1432    ndcg@10: 0.0659    ndcg@20: 0.0765    ndcg@40: 0.0963    precision@10: 0.0516    precision@20: 0.0430    precision@40: 0.0349    
Tue 05 Nov 2024 14:32:17 INFO epoch 94 training [time: 187.35s, train loss: 7.8104]
Tue 05 Nov 2024 14:32:23 INFO epoch 94 evaluating [time: 3.15s, valid_score: 0.089200]
Tue 05 Nov 2024 14:32:23 INFO valid result: 
recall@10: 0.0536    recall@20: 0.0892    recall@40: 0.1430    ndcg@10: 0.0656    ndcg@20: 0.0764    ndcg@40: 0.0961    precision@10: 0.0513    precision@20: 0.0430    precision@40: 0.0349    
Tue 05 Nov 2024 14:32:23 INFO test result: 
recall@10: 0.0536    recall@20: 0.0892    recall@40: 0.1430    ndcg@10: 0.0656    ndcg@20: 0.0764    ndcg@40: 0.0961    precision@10: 0.0513    precision@20: 0.0430    precision@40: 0.0349    
Tue 05 Nov 2024 14:35:30 INFO epoch 95 training [time: 187.03s, train loss: 7.8215]
Tue 05 Nov 2024 14:35:36 INFO epoch 95 evaluating [time: 3.22s, valid_score: 0.089100]
Tue 05 Nov 2024 14:35:36 INFO valid result: 
recall@10: 0.0538    recall@20: 0.0891    recall@40: 0.1430    ndcg@10: 0.0657    ndcg@20: 0.0765    ndcg@40: 0.0962    precision@10: 0.0513    precision@20: 0.0429    precision@40: 0.0348    
Tue 05 Nov 2024 14:35:36 INFO test result: 
recall@10: 0.0538    recall@20: 0.0891    recall@40: 0.1430    ndcg@10: 0.0657    ndcg@20: 0.0765    ndcg@40: 0.0962    precision@10: 0.0513    precision@20: 0.0429    precision@40: 0.0348    
Tue 05 Nov 2024 14:38:43 INFO epoch 96 training [time: 186.77s, train loss: 7.7803]
Tue 05 Nov 2024 14:38:49 INFO epoch 96 evaluating [time: 3.19s, valid_score: 0.089300]
Tue 05 Nov 2024 14:38:49 INFO valid result: 
recall@10: 0.0540    recall@20: 0.0893    recall@40: 0.1427    ndcg@10: 0.0657    ndcg@20: 0.0764    ndcg@40: 0.0960    precision@10: 0.0514    precision@20: 0.0430    precision@40: 0.0348    
Tue 05 Nov 2024 14:38:49 INFO test result: 
recall@10: 0.0540    recall@20: 0.0893    recall@40: 0.1427    ndcg@10: 0.0657    ndcg@20: 0.0764    ndcg@40: 0.0960    precision@10: 0.0514    precision@20: 0.0430    precision@40: 0.0348    
Tue 05 Nov 2024 14:41:56 INFO epoch 97 training [time: 186.63s, train loss: 7.6893]
Tue 05 Nov 2024 14:42:02 INFO epoch 97 evaluating [time: 3.14s, valid_score: 0.089100]
Tue 05 Nov 2024 14:42:02 INFO valid result: 
recall@10: 0.0538    recall@20: 0.0891    recall@40: 0.1426    ndcg@10: 0.0657    ndcg@20: 0.0764    ndcg@40: 0.0960    precision@10: 0.0514    precision@20: 0.0429    precision@40: 0.0348    
Tue 05 Nov 2024 14:42:02 INFO test result: 
recall@10: 0.0538    recall@20: 0.0891    recall@40: 0.1426    ndcg@10: 0.0657    ndcg@20: 0.0764    ndcg@40: 0.0960    precision@10: 0.0514    precision@20: 0.0429    precision@40: 0.0348    
Tue 05 Nov 2024 14:45:09 INFO epoch 98 training [time: 186.94s, train loss: 7.7229]
Tue 05 Nov 2024 14:45:15 INFO epoch 98 evaluating [time: 3.25s, valid_score: 0.089000]
Tue 05 Nov 2024 14:45:15 INFO valid result: 
recall@10: 0.0538    recall@20: 0.0890    recall@40: 0.1425    ndcg@10: 0.0657    ndcg@20: 0.0763    ndcg@40: 0.0959    precision@10: 0.0515    precision@20: 0.0429    precision@40: 0.0347    
Tue 05 Nov 2024 14:45:15 INFO test result: 
recall@10: 0.0538    recall@20: 0.0890    recall@40: 0.1425    ndcg@10: 0.0657    ndcg@20: 0.0763    ndcg@40: 0.0959    precision@10: 0.0515    precision@20: 0.0429    precision@40: 0.0347    
Tue 05 Nov 2024 14:48:23 INFO epoch 99 training [time: 187.65s, train loss: 7.5794]
Tue 05 Nov 2024 14:48:29 INFO epoch 99 evaluating [time: 3.12s, valid_score: 0.089300]
Tue 05 Nov 2024 14:48:29 INFO valid result: 
recall@10: 0.0540    recall@20: 0.0893    recall@40: 0.1423    ndcg@10: 0.0657    ndcg@20: 0.0764    ndcg@40: 0.0958    precision@10: 0.0515    precision@20: 0.0429    precision@40: 0.0347    
Tue 05 Nov 2024 14:48:29 INFO test result: 
recall@10: 0.0540    recall@20: 0.0893    recall@40: 0.1423    ndcg@10: 0.0657    ndcg@20: 0.0764    ndcg@40: 0.0958    precision@10: 0.0515    precision@20: 0.0429    precision@40: 0.0347    
Tue 05 Nov 2024 14:51:36 INFO epoch 100 training [time: 187.09s, train loss: 7.6463]
Tue 05 Nov 2024 14:51:43 INFO epoch 100 evaluating [time: 3.15s, valid_score: 0.089000]
Tue 05 Nov 2024 14:51:43 INFO valid result: 
recall@10: 0.0543    recall@20: 0.0890    recall@40: 0.1421    ndcg@10: 0.0658    ndcg@20: 0.0763    ndcg@40: 0.0957    precision@10: 0.0516    precision@20: 0.0428    precision@40: 0.0347    
Tue 05 Nov 2024 14:51:43 INFO test result: 
recall@10: 0.0543    recall@20: 0.0890    recall@40: 0.1421    ndcg@10: 0.0658    ndcg@20: 0.0763    ndcg@40: 0.0957    precision@10: 0.0516    precision@20: 0.0428    precision@40: 0.0347    
Tue 05 Nov 2024 14:54:51 INFO epoch 101 training [time: 188.28s, train loss: 7.4642]
Tue 05 Nov 2024 14:54:57 INFO epoch 101 evaluating [time: 3.24s, valid_score: 0.088600]
Tue 05 Nov 2024 14:54:57 INFO valid result: 
recall@10: 0.0540    recall@20: 0.0886    recall@40: 0.1422    ndcg@10: 0.0656    ndcg@20: 0.0761    ndcg@40: 0.0957    precision@10: 0.0513    precision@20: 0.0427    precision@40: 0.0346    
Tue 05 Nov 2024 14:54:57 INFO test result: 
recall@10: 0.0540    recall@20: 0.0886    recall@40: 0.1422    ndcg@10: 0.0656    ndcg@20: 0.0761    ndcg@40: 0.0957    precision@10: 0.0513    precision@20: 0.0427    precision@40: 0.0346    
Tue 05 Nov 2024 14:54:57 INFO Finished training, best eval result in epoch 50
Tue 05 Nov 2024 14:54:57 INFO Loading model structure and parameters from saved/IMP_GCN-Nov-05-2024-09-03-18.pth
Tue 05 Nov 2024 14:55:00 INFO best valid result: recall@10: 0.0542    recall@20: 0.0906    recall@40: 0.1444    ndcg@10: 0.0660    ndcg@20: 0.0771    ndcg@40: 0.0968    precision@10: 0.0517    precision@20: 0.0434    precision@40: 0.0352    
Tue 05 Nov 2024 14:55:00 INFO test result: recall@10: 0.0540    recall@20: 0.0887    recall@40: 0.1420    ndcg@10: 0.0657    ndcg@20: 0.0762    ndcg@40: 0.0957    precision@10: 0.0514    precision@20: 0.0427    precision@40: 0.0346    
Tue 05 Nov 2024 14:55:00 INFO ████Current BEST████:
Parameters: ['seed', 'regs']=(2020, 0.0001),
Valid: recall@10: 0.0542    recall@20: 0.0906    recall@40: 0.1444    ndcg@10: 0.0660    ndcg@20: 0.0771    ndcg@40: 0.0968    precision@10: 0.0517    precision@20: 0.0434    precision@40: 0.0352    ,
Test: recall@10: 0.0540    recall@20: 0.0887    recall@40: 0.1420    ndcg@10: 0.0657    ndcg@20: 0.0762    ndcg@40: 0.0957    precision@10: 0.0514    precision@20: 0.0427    precision@40: 0.0346    



Tue 05 Nov 2024 14:55:00 INFO 
============All Over=====================
Tue 05 Nov 2024 14:55:00 INFO Parameters: ['seed', 'regs']=(2020, 0.0001),
 best valid: recall@10: 0.0542    recall@20: 0.0906    recall@40: 0.1444    ndcg@10: 0.0660    ndcg@20: 0.0771    ndcg@40: 0.0968    precision@10: 0.0517    precision@20: 0.0434    precision@40: 0.0352    ,
 best test: recall@10: 0.0540    recall@20: 0.0887    recall@40: 0.1420    ndcg@10: 0.0657    ndcg@20: 0.0762    ndcg@40: 0.0957    precision@10: 0.0514    precision@20: 0.0427    precision@40: 0.0346    
Tue 05 Nov 2024 14:55:00 INFO 

█████████████ BEST ████████████████
Tue 05 Nov 2024 14:55:00 INFO 	Parameters: ['seed', 'regs']=(2020, 0.0001),
Valid: recall@10: 0.0542    recall@20: 0.0906    recall@40: 0.1444    ndcg@10: 0.0660    ndcg@20: 0.0771    ndcg@40: 0.0968    precision@10: 0.0517    precision@20: 0.0434    precision@40: 0.0352    ,
Test: recall@10: 0.0540    recall@20: 0.0887    recall@40: 0.1420    ndcg@10: 0.0657    ndcg@20: 0.0762    ndcg@40: 0.0957    precision@10: 0.0514    precision@20: 0.0427    precision@40: 0.0346    


