Tue 29 Oct 2024 11:27:04 INFO ██Server: 	cau-dslab
Tue 29 Oct 2024 11:27:04 INFO ██Dir: 	/home/chwchong/ImRec

Tue 29 Oct 2024 11:27:04 INFO 
gpu_id=0
use_gpu=True
seed=[2020]
data_path=data/
preprocessed_data=preprocessed_data/
preprocessed_data_splitting=x_label
load_preprocessed=True
checkpoint_dir=saved
save_recommended_topk=True
recommend_topk=recommend_topk/
embedding_size=64
epochs=1000
train_batch_size=2048
learner=adam
learning_rate=0.001
training_neg_sample_num=1
use_neg_sampling=True
use_full_sampling=False
eval_step=1
stopping_step=50
min_user_inter_num=5
min_item_inter_num=5
max_user_inter_num=None
max_item_inter_num=None
USER_ID_FIELD=user
ITEM_ID_FIELD=item
TIME_FIELD=timestamp
load_cols=['user', 'item', 'timestamp']
field_separator=,
NEG_PREFIX=neg__
split_ratio=[0.8, 0.1, 0.1]
metrics=['Recall', 'NDCG', 'Precision']
topk=[10, 20, 40]
valid_metric=Recall@20
eval_batch_size=4096
hyper_parameters=['regs']
embedding_dim=64
groups=2
layer_size=[64, 64, 64]
regs=[0.0001]
adj_type=pre
model=IMP_GCN
dataset=amazon-cd
model_type=ModelType.GENERAL
valid_metric_bigger=True
device=cuda


Tue 29 Oct 2024 11:27:05 INFO 
Data loaded from preprocessed dir: /home/chwchong/ImRec/preprocessed_data

Tue 29 Oct 2024 11:27:05 INFO amazon-cd
The number of users: 43169
Average actions of users: 22.0152655840997
The number of items: 35648
Average actions of items: 26.660037028725313
The number of inters: 950377
The sparsity of the dataset: 99.93824263469452%
Tue 29 Oct 2024 11:27:05 INFO 
====Training====
amazon-cd
The number of users: 43169
Average actions of users: 14.00252496004077
The number of items: 35648
Average actions of items: 16.956771768402156
The number of inters: 604475
The sparsity of the dataset: 99.96072002648103%
Tue 29 Oct 2024 11:27:05 INFO 
====Validation====
amazon-cd
The number of users: 43169
Average actions of users: 4.006370312029466
The number of items: 33408
Average actions of items: 5.176933668582375
The number of inters: 172951
The sparsity of the dataset: 99.98800775170011%
Tue 29 Oct 2024 11:27:05 INFO 
====Testing====
amazon-cd
The number of users: 43169
Average actions of users: 4.006370312029466
The number of items: 33408
Average actions of items: 5.176933668582375
The number of inters: 172951
The sparsity of the dataset: 99.98800775170011%
Tue 29 Oct 2024 11:27:14 INFO 

=================================


Tue 29 Oct 2024 11:27:14 INFO =========1/1: Parameters:['seed', 'regs']=(2020, 0.0001)=======
Tue 29 Oct 2024 11:27:19 INFO IMP_GCN(
  (embedding_dict): ParameterDict(
      (item_emb): Parameter containing: [torch.cuda.FloatTensor of size 35648x64 (GPU 0)]
      (user_emb): Parameter containing: [torch.cuda.FloatTensor of size 43169x64 (GPU 0)]
  )
)
Trainable parameters: 5052738
Tue 29 Oct 2024 11:29:40 INFO epoch 0 training [time: 140.35s, train loss: 99.5125]
Tue 29 Oct 2024 11:29:54 INFO epoch 0 evaluating [time: 6.86s, valid_score: 0.043900]
Tue 29 Oct 2024 11:29:54 INFO valid result: 
recall@10: 0.0269    recall@20: 0.0439    recall@40: 0.0714    ndcg@10: 0.0209    ndcg@20: 0.0263    ndcg@40: 0.0340    precision@10: 0.0104    precision@20: 0.0085    precision@40: 0.0069    
Tue 29 Oct 2024 11:29:54 INFO test result: 
recall@10: 0.0269    recall@20: 0.0439    recall@40: 0.0714    ndcg@10: 0.0209    ndcg@20: 0.0263    ndcg@40: 0.0340    precision@10: 0.0104    precision@20: 0.0085    precision@40: 0.0069    
Tue 29 Oct 2024 11:29:54 INFO ██Saving current best: saved/IMP_GCN-Oct-29-2024-11-27-20.pth
Tue 29 Oct 2024 11:32:13 INFO epoch 1 training [time: 138.98s, train loss: 57.7255]
Tue 29 Oct 2024 11:32:27 INFO epoch 1 evaluating [time: 6.84s, valid_score: 0.055200]
Tue 29 Oct 2024 11:32:27 INFO valid result: 
recall@10: 0.0338    recall@20: 0.0552    recall@40: 0.0894    ndcg@10: 0.0260    ndcg@20: 0.0328    ndcg@40: 0.0423    precision@10: 0.0127    precision@20: 0.0104    precision@40: 0.0084    
Tue 29 Oct 2024 11:32:27 INFO test result: 
recall@10: 0.0338    recall@20: 0.0552    recall@40: 0.0894    ndcg@10: 0.0260    ndcg@20: 0.0328    ndcg@40: 0.0423    precision@10: 0.0127    precision@20: 0.0104    precision@40: 0.0084    
Tue 29 Oct 2024 11:32:27 INFO ██Saving current best: saved/IMP_GCN-Oct-29-2024-11-27-20.pth
Tue 29 Oct 2024 11:34:46 INFO epoch 2 training [time: 139.06s, train loss: 46.5569]
Tue 29 Oct 2024 11:34:59 INFO epoch 2 evaluating [time: 6.72s, valid_score: 0.062400]
Tue 29 Oct 2024 11:34:59 INFO valid result: 
recall@10: 0.0378    recall@20: 0.0624    recall@40: 0.1005    ndcg@10: 0.0292    ndcg@20: 0.0370    ndcg@40: 0.0476    precision@10: 0.0141    precision@20: 0.0116    precision@40: 0.0094    
Tue 29 Oct 2024 11:34:59 INFO test result: 
recall@10: 0.0378    recall@20: 0.0624    recall@40: 0.1005    ndcg@10: 0.0292    ndcg@20: 0.0370    ndcg@40: 0.0476    precision@10: 0.0141    precision@20: 0.0116    precision@40: 0.0094    
Tue 29 Oct 2024 11:35:00 INFO ██Saving current best: saved/IMP_GCN-Oct-29-2024-11-27-20.pth
Tue 29 Oct 2024 11:37:19 INFO epoch 3 training [time: 139.34s, train loss: 39.9626]
Tue 29 Oct 2024 11:37:32 INFO epoch 3 evaluating [time: 6.78s, valid_score: 0.068300]
Tue 29 Oct 2024 11:37:32 INFO valid result: 
recall@10: 0.0420    recall@20: 0.0683    recall@40: 0.1091    ndcg@10: 0.0317    ndcg@20: 0.0401    ndcg@40: 0.0514    precision@10: 0.0155    precision@20: 0.0126    precision@40: 0.0101    
Tue 29 Oct 2024 11:37:32 INFO test result: 
recall@10: 0.0420    recall@20: 0.0683    recall@40: 0.1091    ndcg@10: 0.0317    ndcg@20: 0.0401    ndcg@40: 0.0514    precision@10: 0.0155    precision@20: 0.0126    precision@40: 0.0101    
Tue 29 Oct 2024 11:37:32 INFO ██Saving current best: saved/IMP_GCN-Oct-29-2024-11-27-20.pth
Tue 29 Oct 2024 11:39:52 INFO epoch 4 training [time: 139.20s, train loss: 35.0077]
Tue 29 Oct 2024 11:40:05 INFO epoch 4 evaluating [time: 7.01s, valid_score: 0.073700]
Tue 29 Oct 2024 11:40:05 INFO valid result: 
recall@10: 0.0452    recall@20: 0.0737    recall@40: 0.1162    ndcg@10: 0.0339    ndcg@20: 0.0430    ndcg@40: 0.0549    precision@10: 0.0165    precision@20: 0.0135    precision@40: 0.0107    
Tue 29 Oct 2024 11:40:05 INFO test result: 
recall@10: 0.0452    recall@20: 0.0737    recall@40: 0.1162    ndcg@10: 0.0339    ndcg@20: 0.0430    ndcg@40: 0.0549    precision@10: 0.0165    precision@20: 0.0135    precision@40: 0.0107    
Tue 29 Oct 2024 11:40:05 INFO ██Saving current best: saved/IMP_GCN-Oct-29-2024-11-27-20.pth
Tue 29 Oct 2024 11:42:25 INFO epoch 5 training [time: 139.87s, train loss: 31.1348]
Tue 29 Oct 2024 11:42:39 INFO epoch 5 evaluating [time: 6.97s, valid_score: 0.078000]
Tue 29 Oct 2024 11:42:39 INFO valid result: 
recall@10: 0.0478    recall@20: 0.0780    recall@40: 0.1232    ndcg@10: 0.0357    ndcg@20: 0.0455    ndcg@40: 0.0580    precision@10: 0.0174    precision@20: 0.0143    precision@40: 0.0114    
Tue 29 Oct 2024 11:42:39 INFO test result: 
recall@10: 0.0478    recall@20: 0.0780    recall@40: 0.1232    ndcg@10: 0.0357    ndcg@20: 0.0455    ndcg@40: 0.0580    precision@10: 0.0174    precision@20: 0.0143    precision@40: 0.0114    
Tue 29 Oct 2024 11:42:39 INFO ██Saving current best: saved/IMP_GCN-Oct-29-2024-11-27-20.pth
Tue 29 Oct 2024 11:44:58 INFO epoch 6 training [time: 139.16s, train loss: 28.1862]
Tue 29 Oct 2024 11:45:14 INFO epoch 6 evaluating [time: 6.96s, valid_score: 0.082200]
Tue 29 Oct 2024 11:45:14 INFO valid result: 
recall@10: 0.0501    recall@20: 0.0822    recall@40: 0.1288    ndcg@10: 0.0374    ndcg@20: 0.0477    ndcg@40: 0.0607    precision@10: 0.0183    precision@20: 0.0150    precision@40: 0.0119    
Tue 29 Oct 2024 11:45:14 INFO test result: 
recall@10: 0.0501    recall@20: 0.0822    recall@40: 0.1288    ndcg@10: 0.0374    ndcg@20: 0.0477    ndcg@40: 0.0607    precision@10: 0.0183    precision@20: 0.0150    precision@40: 0.0119    
Tue 29 Oct 2024 11:45:14 INFO ██Saving current best: saved/IMP_GCN-Oct-29-2024-11-27-20.pth
Tue 29 Oct 2024 11:47:33 INFO epoch 7 training [time: 139.05s, train loss: 25.6129]
Tue 29 Oct 2024 11:47:47 INFO epoch 7 evaluating [time: 6.86s, valid_score: 0.085600]
Tue 29 Oct 2024 11:47:47 INFO valid result: 
recall@10: 0.0528    recall@20: 0.0856    recall@40: 0.1335    ndcg@10: 0.0391    ndcg@20: 0.0497    ndcg@40: 0.0630    precision@10: 0.0191    precision@20: 0.0156    precision@40: 0.0123    
Tue 29 Oct 2024 11:47:47 INFO test result: 
recall@10: 0.0528    recall@20: 0.0856    recall@40: 0.1335    ndcg@10: 0.0391    ndcg@20: 0.0497    ndcg@40: 0.0630    precision@10: 0.0191    precision@20: 0.0156    precision@40: 0.0123    
Tue 29 Oct 2024 11:47:47 INFO ██Saving current best: saved/IMP_GCN-Oct-29-2024-11-27-20.pth
Tue 29 Oct 2024 11:50:06 INFO epoch 8 training [time: 139.36s, train loss: 23.2654]
Tue 29 Oct 2024 11:50:20 INFO epoch 8 evaluating [time: 7.05s, valid_score: 0.088800]
Tue 29 Oct 2024 11:50:20 INFO valid result: 
recall@10: 0.0550    recall@20: 0.0888    recall@40: 0.1391    ndcg@10: 0.0410    ndcg@20: 0.0518    ndcg@40: 0.0659    precision@10: 0.0199    precision@20: 0.0161    precision@40: 0.0128    
Tue 29 Oct 2024 11:50:20 INFO test result: 
recall@10: 0.0550    recall@20: 0.0888    recall@40: 0.1391    ndcg@10: 0.0410    ndcg@20: 0.0518    ndcg@40: 0.0659    precision@10: 0.0199    precision@20: 0.0161    precision@40: 0.0128    
Tue 29 Oct 2024 11:50:20 INFO ██Saving current best: saved/IMP_GCN-Oct-29-2024-11-27-20.pth
Tue 29 Oct 2024 11:52:40 INFO epoch 9 training [time: 139.33s, train loss: 21.4559]
Tue 29 Oct 2024 11:52:53 INFO epoch 9 evaluating [time: 6.98s, valid_score: 0.092300]
Tue 29 Oct 2024 11:52:53 INFO valid result: 
recall@10: 0.0565    recall@20: 0.0923    recall@40: 0.1425    ndcg@10: 0.0422    ndcg@20: 0.0537    ndcg@40: 0.0678    precision@10: 0.0205    precision@20: 0.0167    precision@40: 0.0131    
Tue 29 Oct 2024 11:52:53 INFO test result: 
recall@10: 0.0565    recall@20: 0.0923    recall@40: 0.1425    ndcg@10: 0.0422    ndcg@20: 0.0537    ndcg@40: 0.0678    precision@10: 0.0205    precision@20: 0.0167    precision@40: 0.0131    
Tue 29 Oct 2024 11:52:53 INFO ██Saving current best: saved/IMP_GCN-Oct-29-2024-11-27-20.pth
Tue 29 Oct 2024 11:55:13 INFO epoch 10 training [time: 139.46s, train loss: 19.8040]
Tue 29 Oct 2024 11:55:27 INFO epoch 10 evaluating [time: 7.20s, valid_score: 0.095500]
Tue 29 Oct 2024 11:55:27 INFO valid result: 
recall@10: 0.0587    recall@20: 0.0955    recall@40: 0.1468    ndcg@10: 0.0437    ndcg@20: 0.0556    ndcg@40: 0.0698    precision@10: 0.0211    precision@20: 0.0173    precision@40: 0.0135    
Tue 29 Oct 2024 11:55:27 INFO test result: 
recall@10: 0.0587    recall@20: 0.0955    recall@40: 0.1468    ndcg@10: 0.0437    ndcg@20: 0.0556    ndcg@40: 0.0698    precision@10: 0.0211    precision@20: 0.0173    precision@40: 0.0135    
Tue 29 Oct 2024 11:55:27 INFO ██Saving current best: saved/IMP_GCN-Oct-29-2024-11-27-20.pth
Tue 29 Oct 2024 11:57:46 INFO epoch 11 training [time: 139.05s, train loss: 18.4502]
Tue 29 Oct 2024 11:58:00 INFO epoch 11 evaluating [time: 6.89s, valid_score: 0.097900]
Tue 29 Oct 2024 11:58:00 INFO valid result: 
recall@10: 0.0603    recall@20: 0.0979    recall@40: 0.1506    ndcg@10: 0.0450    ndcg@20: 0.0572    ndcg@40: 0.0719    precision@10: 0.0217    precision@20: 0.0177    precision@40: 0.0138    
Tue 29 Oct 2024 11:58:00 INFO test result: 
recall@10: 0.0603    recall@20: 0.0979    recall@40: 0.1506    ndcg@10: 0.0450    ndcg@20: 0.0572    ndcg@40: 0.0719    precision@10: 0.0217    precision@20: 0.0177    precision@40: 0.0138    
Tue 29 Oct 2024 11:58:00 INFO ██Saving current best: saved/IMP_GCN-Oct-29-2024-11-27-20.pth
Tue 29 Oct 2024 12:00:19 INFO epoch 12 training [time: 138.81s, train loss: 17.0047]
Tue 29 Oct 2024 12:00:33 INFO epoch 12 evaluating [time: 7.35s, valid_score: 0.100500]
Tue 29 Oct 2024 12:00:33 INFO valid result: 
recall@10: 0.0629    recall@20: 0.1005    recall@40: 0.1539    ndcg@10: 0.0467    ndcg@20: 0.0588    ndcg@40: 0.0737    precision@10: 0.0225    precision@20: 0.0181    precision@40: 0.0141    
Tue 29 Oct 2024 12:00:33 INFO test result: 
recall@10: 0.0629    recall@20: 0.1005    recall@40: 0.1539    ndcg@10: 0.0467    ndcg@20: 0.0588    ndcg@40: 0.0737    precision@10: 0.0225    precision@20: 0.0181    precision@40: 0.0141    
Tue 29 Oct 2024 12:00:33 INFO ██Saving current best: saved/IMP_GCN-Oct-29-2024-11-27-20.pth
Tue 29 Oct 2024 12:02:52 INFO epoch 13 training [time: 139.24s, train loss: 15.6715]
Tue 29 Oct 2024 12:03:06 INFO epoch 13 evaluating [time: 6.87s, valid_score: 0.102800]
Tue 29 Oct 2024 12:03:06 INFO valid result: 
recall@10: 0.0645    recall@20: 0.1028    recall@40: 0.1566    ndcg@10: 0.0479    ndcg@20: 0.0603    ndcg@40: 0.0753    precision@10: 0.0231    precision@20: 0.0185    precision@40: 0.0144    
Tue 29 Oct 2024 12:03:06 INFO test result: 
recall@10: 0.0645    recall@20: 0.1028    recall@40: 0.1566    ndcg@10: 0.0479    ndcg@20: 0.0603    ndcg@40: 0.0753    precision@10: 0.0231    precision@20: 0.0185    precision@40: 0.0144    
Tue 29 Oct 2024 12:03:06 INFO ██Saving current best: saved/IMP_GCN-Oct-29-2024-11-27-20.pth
Tue 29 Oct 2024 12:05:25 INFO epoch 14 training [time: 139.08s, train loss: 14.8299]
Tue 29 Oct 2024 12:05:39 INFO epoch 14 evaluating [time: 6.84s, valid_score: 0.105000]
Tue 29 Oct 2024 12:05:39 INFO valid result: 
recall@10: 0.0659    recall@20: 0.1050    recall@40: 0.1599    ndcg@10: 0.0491    ndcg@20: 0.0617    ndcg@40: 0.0770    precision@10: 0.0236    precision@20: 0.0189    precision@40: 0.0146    
Tue 29 Oct 2024 12:05:39 INFO test result: 
recall@10: 0.0659    recall@20: 0.1050    recall@40: 0.1599    ndcg@10: 0.0491    ndcg@20: 0.0617    ndcg@40: 0.0770    precision@10: 0.0236    precision@20: 0.0189    precision@40: 0.0146    
Tue 29 Oct 2024 12:05:39 INFO ██Saving current best: saved/IMP_GCN-Oct-29-2024-11-27-20.pth
Tue 29 Oct 2024 12:07:58 INFO epoch 15 training [time: 139.15s, train loss: 13.8385]
Tue 29 Oct 2024 12:08:11 INFO epoch 15 evaluating [time: 6.62s, valid_score: 0.106500]
Tue 29 Oct 2024 12:08:11 INFO valid result: 
recall@10: 0.0674    recall@20: 0.1065    recall@40: 0.1616    ndcg@10: 0.0502    ndcg@20: 0.0628    ndcg@40: 0.0781    precision@10: 0.0240    precision@20: 0.0192    precision@40: 0.0148    
Tue 29 Oct 2024 12:08:11 INFO test result: 
recall@10: 0.0674    recall@20: 0.1065    recall@40: 0.1616    ndcg@10: 0.0502    ndcg@20: 0.0628    ndcg@40: 0.0781    precision@10: 0.0240    precision@20: 0.0192    precision@40: 0.0148    
Tue 29 Oct 2024 12:08:12 INFO ██Saving current best: saved/IMP_GCN-Oct-29-2024-11-27-20.pth
Tue 29 Oct 2024 12:10:31 INFO epoch 16 training [time: 139.35s, train loss: 13.0001]
Tue 29 Oct 2024 12:10:44 INFO epoch 16 evaluating [time: 6.73s, valid_score: 0.108800]
Tue 29 Oct 2024 12:10:44 INFO valid result: 
recall@10: 0.0683    recall@20: 0.1088    recall@40: 0.1643    ndcg@10: 0.0514    ndcg@20: 0.0645    ndcg@40: 0.0799    precision@10: 0.0243    precision@20: 0.0196    precision@40: 0.0150    
Tue 29 Oct 2024 12:10:44 INFO test result: 
recall@10: 0.0683    recall@20: 0.1088    recall@40: 0.1643    ndcg@10: 0.0514    ndcg@20: 0.0645    ndcg@40: 0.0799    precision@10: 0.0243    precision@20: 0.0196    precision@40: 0.0150    
Tue 29 Oct 2024 12:10:45 INFO ██Saving current best: saved/IMP_GCN-Oct-29-2024-11-27-20.pth
Tue 29 Oct 2024 12:13:04 INFO epoch 17 training [time: 139.70s, train loss: 12.1166]
Tue 29 Oct 2024 12:13:18 INFO epoch 17 evaluating [time: 6.74s, valid_score: 0.110100]
Tue 29 Oct 2024 12:13:18 INFO valid result: 
recall@10: 0.0689    recall@20: 0.1101    recall@40: 0.1667    ndcg@10: 0.0521    ndcg@20: 0.0654    ndcg@40: 0.0812    precision@10: 0.0246    precision@20: 0.0198    precision@40: 0.0152    
Tue 29 Oct 2024 12:13:18 INFO test result: 
recall@10: 0.0689    recall@20: 0.1101    recall@40: 0.1667    ndcg@10: 0.0521    ndcg@20: 0.0654    ndcg@40: 0.0812    precision@10: 0.0246    precision@20: 0.0198    precision@40: 0.0152    
Tue 29 Oct 2024 12:13:18 INFO ██Saving current best: saved/IMP_GCN-Oct-29-2024-11-27-20.pth
Tue 29 Oct 2024 12:15:37 INFO epoch 18 training [time: 139.21s, train loss: 11.7092]
Tue 29 Oct 2024 12:15:50 INFO epoch 18 evaluating [time: 6.66s, valid_score: 0.111600]
Tue 29 Oct 2024 12:15:50 INFO valid result: 
recall@10: 0.0711    recall@20: 0.1116    recall@40: 0.1682    ndcg@10: 0.0533    ndcg@20: 0.0663    ndcg@40: 0.0821    precision@10: 0.0253    precision@20: 0.0201    precision@40: 0.0154    
Tue 29 Oct 2024 12:15:50 INFO test result: 
recall@10: 0.0711    recall@20: 0.1116    recall@40: 0.1682    ndcg@10: 0.0533    ndcg@20: 0.0663    ndcg@40: 0.0821    precision@10: 0.0253    precision@20: 0.0201    precision@40: 0.0154    
Tue 29 Oct 2024 12:15:51 INFO ██Saving current best: saved/IMP_GCN-Oct-29-2024-11-27-20.pth
Tue 29 Oct 2024 12:18:10 INFO epoch 19 training [time: 139.04s, train loss: 10.8434]
Tue 29 Oct 2024 12:18:23 INFO epoch 19 evaluating [time: 6.73s, valid_score: 0.113000]
Tue 29 Oct 2024 12:18:23 INFO valid result: 
recall@10: 0.0723    recall@20: 0.1130    recall@40: 0.1707    ndcg@10: 0.0544    ndcg@20: 0.0676    ndcg@40: 0.0837    precision@10: 0.0256    precision@20: 0.0203    precision@40: 0.0156    
Tue 29 Oct 2024 12:18:23 INFO test result: 
recall@10: 0.0723    recall@20: 0.1130    recall@40: 0.1707    ndcg@10: 0.0544    ndcg@20: 0.0676    ndcg@40: 0.0837    precision@10: 0.0256    precision@20: 0.0203    precision@40: 0.0156    
Tue 29 Oct 2024 12:18:23 INFO ██Saving current best: saved/IMP_GCN-Oct-29-2024-11-27-20.pth
Tue 29 Oct 2024 12:20:42 INFO epoch 20 training [time: 139.21s, train loss: 10.1648]
Tue 29 Oct 2024 12:20:57 INFO epoch 20 evaluating [time: 8.28s, valid_score: 0.114500]
Tue 29 Oct 2024 12:20:57 INFO valid result: 
recall@10: 0.0738    recall@20: 0.1145    recall@40: 0.1727    ndcg@10: 0.0556    ndcg@20: 0.0688    ndcg@40: 0.0850    precision@10: 0.0261    precision@20: 0.0206    precision@40: 0.0158    
Tue 29 Oct 2024 12:20:57 INFO test result: 
recall@10: 0.0738    recall@20: 0.1145    recall@40: 0.1727    ndcg@10: 0.0556    ndcg@20: 0.0688    ndcg@40: 0.0850    precision@10: 0.0261    precision@20: 0.0206    precision@40: 0.0158    
Tue 29 Oct 2024 12:20:57 INFO ██Saving current best: saved/IMP_GCN-Oct-29-2024-11-27-20.pth
Tue 29 Oct 2024 12:23:17 INFO epoch 21 training [time: 139.27s, train loss: 9.7371]
Tue 29 Oct 2024 12:23:30 INFO epoch 21 evaluating [time: 6.89s, valid_score: 0.115700]
Tue 29 Oct 2024 12:23:30 INFO valid result: 
recall@10: 0.0746    recall@20: 0.1157    recall@40: 0.1745    ndcg@10: 0.0564    ndcg@20: 0.0697    ndcg@40: 0.0861    precision@10: 0.0263    precision@20: 0.0208    precision@40: 0.0160    
Tue 29 Oct 2024 12:23:30 INFO test result: 
recall@10: 0.0746    recall@20: 0.1157    recall@40: 0.1745    ndcg@10: 0.0564    ndcg@20: 0.0697    ndcg@40: 0.0861    precision@10: 0.0263    precision@20: 0.0208    precision@40: 0.0160    
Tue 29 Oct 2024 12:23:30 INFO ██Saving current best: saved/IMP_GCN-Oct-29-2024-11-27-20.pth
Tue 29 Oct 2024 12:25:50 INFO epoch 22 training [time: 139.18s, train loss: 9.1036]
Tue 29 Oct 2024 12:26:04 INFO epoch 22 evaluating [time: 7.94s, valid_score: 0.117000]
Tue 29 Oct 2024 12:26:04 INFO valid result: 
recall@10: 0.0755    recall@20: 0.1170    recall@40: 0.1752    ndcg@10: 0.0570    ndcg@20: 0.0705    ndcg@40: 0.0867    precision@10: 0.0266    precision@20: 0.0210    precision@40: 0.0160    
Tue 29 Oct 2024 12:26:04 INFO test result: 
recall@10: 0.0755    recall@20: 0.1170    recall@40: 0.1752    ndcg@10: 0.0570    ndcg@20: 0.0705    ndcg@40: 0.0867    precision@10: 0.0266    precision@20: 0.0210    precision@40: 0.0160    
Tue 29 Oct 2024 12:26:04 INFO ██Saving current best: saved/IMP_GCN-Oct-29-2024-11-27-20.pth
Tue 29 Oct 2024 12:28:23 INFO epoch 23 training [time: 139.17s, train loss: 8.7272]
Tue 29 Oct 2024 12:28:37 INFO epoch 23 evaluating [time: 6.91s, valid_score: 0.118600]
Tue 29 Oct 2024 12:28:37 INFO valid result: 
recall@10: 0.0763    recall@20: 0.1186    recall@40: 0.1772    ndcg@10: 0.0578    ndcg@20: 0.0715    ndcg@40: 0.0878    precision@10: 0.0269    precision@20: 0.0213    precision@40: 0.0162    
Tue 29 Oct 2024 12:28:37 INFO test result: 
recall@10: 0.0763    recall@20: 0.1186    recall@40: 0.1772    ndcg@10: 0.0578    ndcg@20: 0.0715    ndcg@40: 0.0878    precision@10: 0.0269    precision@20: 0.0213    precision@40: 0.0162    
Tue 29 Oct 2024 12:28:37 INFO ██Saving current best: saved/IMP_GCN-Oct-29-2024-11-27-20.pth
Tue 29 Oct 2024 12:30:57 INFO epoch 24 training [time: 139.27s, train loss: 8.2422]
Tue 29 Oct 2024 12:31:10 INFO epoch 24 evaluating [time: 6.74s, valid_score: 0.119800]
Tue 29 Oct 2024 12:31:10 INFO valid result: 
recall@10: 0.0774    recall@20: 0.1198    recall@40: 0.1779    ndcg@10: 0.0585    ndcg@20: 0.0723    ndcg@40: 0.0885    precision@10: 0.0273    precision@20: 0.0215    precision@40: 0.0163    
Tue 29 Oct 2024 12:31:10 INFO test result: 
recall@10: 0.0774    recall@20: 0.1198    recall@40: 0.1779    ndcg@10: 0.0585    ndcg@20: 0.0723    ndcg@40: 0.0885    precision@10: 0.0273    precision@20: 0.0215    precision@40: 0.0163    
Tue 29 Oct 2024 12:31:10 INFO ██Saving current best: saved/IMP_GCN-Oct-29-2024-11-27-20.pth
Tue 29 Oct 2024 12:33:30 INFO epoch 25 training [time: 139.34s, train loss: 7.9407]
Tue 29 Oct 2024 12:33:43 INFO epoch 25 evaluating [time: 6.92s, valid_score: 0.121100]
Tue 29 Oct 2024 12:33:43 INFO valid result: 
recall@10: 0.0780    recall@20: 0.1211    recall@40: 0.1797    ndcg@10: 0.0590    ndcg@20: 0.0729    ndcg@40: 0.0893    precision@10: 0.0275    precision@20: 0.0217    precision@40: 0.0165    
Tue 29 Oct 2024 12:33:43 INFO test result: 
recall@10: 0.0780    recall@20: 0.1211    recall@40: 0.1797    ndcg@10: 0.0590    ndcg@20: 0.0729    ndcg@40: 0.0893    precision@10: 0.0275    precision@20: 0.0217    precision@40: 0.0165    
Tue 29 Oct 2024 12:33:43 INFO ██Saving current best: saved/IMP_GCN-Oct-29-2024-11-27-20.pth
Tue 29 Oct 2024 12:36:02 INFO epoch 26 training [time: 139.07s, train loss: 7.6617]
Tue 29 Oct 2024 12:36:16 INFO epoch 26 evaluating [time: 6.75s, valid_score: 0.121900]
Tue 29 Oct 2024 12:36:16 INFO valid result: 
recall@10: 0.0791    recall@20: 0.1219    recall@40: 0.1800    ndcg@10: 0.0602    ndcg@20: 0.0740    ndcg@40: 0.0903    precision@10: 0.0279    precision@20: 0.0219    precision@40: 0.0165    
Tue 29 Oct 2024 12:36:16 INFO test result: 
recall@10: 0.0791    recall@20: 0.1219    recall@40: 0.1800    ndcg@10: 0.0602    ndcg@20: 0.0740    ndcg@40: 0.0903    precision@10: 0.0279    precision@20: 0.0219    precision@40: 0.0165    
Tue 29 Oct 2024 12:36:16 INFO ██Saving current best: saved/IMP_GCN-Oct-29-2024-11-27-20.pth
Tue 29 Oct 2024 12:38:35 INFO epoch 27 training [time: 139.13s, train loss: 7.3556]
Tue 29 Oct 2024 12:38:49 INFO epoch 27 evaluating [time: 6.75s, valid_score: 0.122600]
Tue 29 Oct 2024 12:38:49 INFO valid result: 
recall@10: 0.0798    recall@20: 0.1226    recall@40: 0.1811    ndcg@10: 0.0606    ndcg@20: 0.0745    ndcg@40: 0.0908    precision@10: 0.0281    precision@20: 0.0220    precision@40: 0.0166    
Tue 29 Oct 2024 12:38:49 INFO test result: 
recall@10: 0.0798    recall@20: 0.1226    recall@40: 0.1811    ndcg@10: 0.0606    ndcg@20: 0.0745    ndcg@40: 0.0908    precision@10: 0.0281    precision@20: 0.0220    precision@40: 0.0166    
Tue 29 Oct 2024 12:38:49 INFO ██Saving current best: saved/IMP_GCN-Oct-29-2024-11-27-20.pth
Tue 29 Oct 2024 12:41:08 INFO epoch 28 training [time: 139.39s, train loss: 6.7536]
Tue 29 Oct 2024 12:41:22 INFO epoch 28 evaluating [time: 6.65s, valid_score: 0.123400]
Tue 29 Oct 2024 12:41:22 INFO valid result: 
recall@10: 0.0800    recall@20: 0.1234    recall@40: 0.1820    ndcg@10: 0.0610    ndcg@20: 0.0751    ndcg@40: 0.0914    precision@10: 0.0282    precision@20: 0.0222    precision@40: 0.0167    
Tue 29 Oct 2024 12:41:22 INFO test result: 
recall@10: 0.0800    recall@20: 0.1234    recall@40: 0.1820    ndcg@10: 0.0610    ndcg@20: 0.0751    ndcg@40: 0.0914    precision@10: 0.0282    precision@20: 0.0222    precision@40: 0.0167    
Tue 29 Oct 2024 12:41:22 INFO ██Saving current best: saved/IMP_GCN-Oct-29-2024-11-27-20.pth
Tue 29 Oct 2024 12:43:41 INFO epoch 29 training [time: 138.99s, train loss: 6.5624]
Tue 29 Oct 2024 12:43:54 INFO epoch 29 evaluating [time: 6.73s, valid_score: 0.123600]
Tue 29 Oct 2024 12:43:54 INFO valid result: 
recall@10: 0.0806    recall@20: 0.1236    recall@40: 0.1826    ndcg@10: 0.0615    ndcg@20: 0.0754    ndcg@40: 0.0919    precision@10: 0.0284    precision@20: 0.0222    precision@40: 0.0167    
Tue 29 Oct 2024 12:43:54 INFO test result: 
recall@10: 0.0806    recall@20: 0.1236    recall@40: 0.1826    ndcg@10: 0.0615    ndcg@20: 0.0754    ndcg@40: 0.0919    precision@10: 0.0284    precision@20: 0.0222    precision@40: 0.0167    
Tue 29 Oct 2024 12:43:54 INFO ██Saving current best: saved/IMP_GCN-Oct-29-2024-11-27-20.pth
Tue 29 Oct 2024 12:46:13 INFO epoch 30 training [time: 138.82s, train loss: 6.2677]
Tue 29 Oct 2024 12:46:27 INFO epoch 30 evaluating [time: 6.94s, valid_score: 0.124400]
Tue 29 Oct 2024 12:46:27 INFO valid result: 
recall@10: 0.0818    recall@20: 0.1244    recall@40: 0.1835    ndcg@10: 0.0623    ndcg@20: 0.0761    ndcg@40: 0.0926    precision@10: 0.0288    precision@20: 0.0223    precision@40: 0.0168    
Tue 29 Oct 2024 12:46:27 INFO test result: 
recall@10: 0.0818    recall@20: 0.1244    recall@40: 0.1835    ndcg@10: 0.0623    ndcg@20: 0.0761    ndcg@40: 0.0926    precision@10: 0.0288    precision@20: 0.0223    precision@40: 0.0168    
Tue 29 Oct 2024 12:46:27 INFO ██Saving current best: saved/IMP_GCN-Oct-29-2024-11-27-20.pth
Tue 29 Oct 2024 12:48:46 INFO epoch 31 training [time: 138.94s, train loss: 5.9709]
Tue 29 Oct 2024 12:48:59 INFO epoch 31 evaluating [time: 6.90s, valid_score: 0.125300]
Tue 29 Oct 2024 12:48:59 INFO valid result: 
recall@10: 0.0823    recall@20: 0.1253    recall@40: 0.1848    ndcg@10: 0.0625    ndcg@20: 0.0764    ndcg@40: 0.0929    precision@10: 0.0289    precision@20: 0.0225    precision@40: 0.0168    
Tue 29 Oct 2024 12:48:59 INFO test result: 
recall@10: 0.0823    recall@20: 0.1253    recall@40: 0.1848    ndcg@10: 0.0625    ndcg@20: 0.0764    ndcg@40: 0.0929    precision@10: 0.0289    precision@20: 0.0225    precision@40: 0.0168    
Tue 29 Oct 2024 12:48:59 INFO ██Saving current best: saved/IMP_GCN-Oct-29-2024-11-27-20.pth
Tue 29 Oct 2024 12:51:19 INFO epoch 32 training [time: 139.24s, train loss: 5.7217]
Tue 29 Oct 2024 12:51:32 INFO epoch 32 evaluating [time: 6.74s, valid_score: 0.126300]
Tue 29 Oct 2024 12:51:32 INFO valid result: 
recall@10: 0.0835    recall@20: 0.1263    recall@40: 0.1850    ndcg@10: 0.0634    ndcg@20: 0.0772    ndcg@40: 0.0936    precision@10: 0.0293    precision@20: 0.0227    precision@40: 0.0169    
Tue 29 Oct 2024 12:51:32 INFO test result: 
recall@10: 0.0835    recall@20: 0.1263    recall@40: 0.1850    ndcg@10: 0.0634    ndcg@20: 0.0772    ndcg@40: 0.0936    precision@10: 0.0293    precision@20: 0.0227    precision@40: 0.0169    
Tue 29 Oct 2024 12:51:32 INFO ██Saving current best: saved/IMP_GCN-Oct-29-2024-11-27-20.pth
Tue 29 Oct 2024 12:53:51 INFO epoch 33 training [time: 139.23s, train loss: 5.4672]
Tue 29 Oct 2024 12:54:05 INFO epoch 33 evaluating [time: 6.69s, valid_score: 0.127100]
Tue 29 Oct 2024 12:54:05 INFO valid result: 
recall@10: 0.0836    recall@20: 0.1271    recall@40: 0.1863    ndcg@10: 0.0637    ndcg@20: 0.0778    ndcg@40: 0.0944    precision@10: 0.0293    precision@20: 0.0228    precision@40: 0.0170    
Tue 29 Oct 2024 12:54:05 INFO test result: 
recall@10: 0.0836    recall@20: 0.1271    recall@40: 0.1863    ndcg@10: 0.0637    ndcg@20: 0.0778    ndcg@40: 0.0944    precision@10: 0.0293    precision@20: 0.0228    precision@40: 0.0170    
Tue 29 Oct 2024 12:54:05 INFO ██Saving current best: saved/IMP_GCN-Oct-29-2024-11-27-20.pth
Tue 29 Oct 2024 12:56:24 INFO epoch 34 training [time: 139.18s, train loss: 5.3034]
Tue 29 Oct 2024 12:56:38 INFO epoch 34 evaluating [time: 6.77s, valid_score: 0.128400]
Tue 29 Oct 2024 12:56:38 INFO valid result: 
recall@10: 0.0842    recall@20: 0.1284    recall@40: 0.1871    ndcg@10: 0.0640    ndcg@20: 0.0783    ndcg@40: 0.0947    precision@10: 0.0294    precision@20: 0.0230    precision@40: 0.0171    
Tue 29 Oct 2024 12:56:38 INFO test result: 
recall@10: 0.0842    recall@20: 0.1284    recall@40: 0.1871    ndcg@10: 0.0640    ndcg@20: 0.0783    ndcg@40: 0.0947    precision@10: 0.0294    precision@20: 0.0230    precision@40: 0.0171    
Tue 29 Oct 2024 12:56:38 INFO ██Saving current best: saved/IMP_GCN-Oct-29-2024-11-27-20.pth
Tue 29 Oct 2024 12:58:57 INFO epoch 35 training [time: 138.97s, train loss: 5.1428]
Tue 29 Oct 2024 12:59:10 INFO epoch 35 evaluating [time: 6.87s, valid_score: 0.128400]
Tue 29 Oct 2024 12:59:10 INFO valid result: 
recall@10: 0.0843    recall@20: 0.1284    recall@40: 0.1881    ndcg@10: 0.0645    ndcg@20: 0.0788    ndcg@40: 0.0954    precision@10: 0.0296    precision@20: 0.0230    precision@40: 0.0171    
Tue 29 Oct 2024 12:59:10 INFO test result: 
recall@10: 0.0843    recall@20: 0.1284    recall@40: 0.1881    ndcg@10: 0.0645    ndcg@20: 0.0788    ndcg@40: 0.0954    precision@10: 0.0296    precision@20: 0.0230    precision@40: 0.0171    
Tue 29 Oct 2024 13:01:30 INFO epoch 36 training [time: 139.47s, train loss: 4.8815]
Tue 29 Oct 2024 13:01:43 INFO epoch 36 evaluating [time: 6.59s, valid_score: 0.129300]
Tue 29 Oct 2024 13:01:43 INFO valid result: 
recall@10: 0.0849    recall@20: 0.1293    recall@40: 0.1883    ndcg@10: 0.0648    ndcg@20: 0.0791    ndcg@40: 0.0956    precision@10: 0.0297    precision@20: 0.0231    precision@40: 0.0172    
Tue 29 Oct 2024 13:01:43 INFO test result: 
recall@10: 0.0849    recall@20: 0.1293    recall@40: 0.1883    ndcg@10: 0.0648    ndcg@20: 0.0791    ndcg@40: 0.0956    precision@10: 0.0297    precision@20: 0.0231    precision@40: 0.0172    
Tue 29 Oct 2024 13:01:43 INFO ██Saving current best: saved/IMP_GCN-Oct-29-2024-11-27-20.pth
Tue 29 Oct 2024 13:04:02 INFO epoch 37 training [time: 139.03s, train loss: 4.7396]
Tue 29 Oct 2024 13:04:16 INFO epoch 37 evaluating [time: 6.94s, valid_score: 0.129800]
Tue 29 Oct 2024 13:04:16 INFO valid result: 
recall@10: 0.0852    recall@20: 0.1298    recall@40: 0.1891    ndcg@10: 0.0653    ndcg@20: 0.0797    ndcg@40: 0.0962    precision@10: 0.0300    precision@20: 0.0232    precision@40: 0.0172    
Tue 29 Oct 2024 13:04:16 INFO test result: 
recall@10: 0.0852    recall@20: 0.1298    recall@40: 0.1891    ndcg@10: 0.0653    ndcg@20: 0.0797    ndcg@40: 0.0962    precision@10: 0.0300    precision@20: 0.0232    precision@40: 0.0172    
Tue 29 Oct 2024 13:04:16 INFO ██Saving current best: saved/IMP_GCN-Oct-29-2024-11-27-20.pth
Tue 29 Oct 2024 13:06:35 INFO epoch 38 training [time: 139.14s, train loss: 4.6350]
Tue 29 Oct 2024 13:06:49 INFO epoch 38 evaluating [time: 6.87s, valid_score: 0.130700]
Tue 29 Oct 2024 13:06:49 INFO valid result: 
recall@10: 0.0859    recall@20: 0.1307    recall@40: 0.1894    ndcg@10: 0.0655    ndcg@20: 0.0799    ndcg@40: 0.0963    precision@10: 0.0302    precision@20: 0.0233    precision@40: 0.0173    
Tue 29 Oct 2024 13:06:49 INFO test result: 
recall@10: 0.0859    recall@20: 0.1307    recall@40: 0.1894    ndcg@10: 0.0655    ndcg@20: 0.0799    ndcg@40: 0.0963    precision@10: 0.0302    precision@20: 0.0233    precision@40: 0.0173    
Tue 29 Oct 2024 13:06:49 INFO ██Saving current best: saved/IMP_GCN-Oct-29-2024-11-27-20.pth
Tue 29 Oct 2024 13:09:08 INFO epoch 39 training [time: 138.88s, train loss: 4.3704]
Tue 29 Oct 2024 13:09:21 INFO epoch 39 evaluating [time: 7.25s, valid_score: 0.130900]
Tue 29 Oct 2024 13:09:21 INFO valid result: 
recall@10: 0.0860    recall@20: 0.1309    recall@40: 0.1903    ndcg@10: 0.0657    ndcg@20: 0.0802    ndcg@40: 0.0967    precision@10: 0.0302    precision@20: 0.0234    precision@40: 0.0173    
Tue 29 Oct 2024 13:09:21 INFO test result: 
recall@10: 0.0860    recall@20: 0.1309    recall@40: 0.1903    ndcg@10: 0.0657    ndcg@20: 0.0802    ndcg@40: 0.0967    precision@10: 0.0302    precision@20: 0.0234    precision@40: 0.0173    
Tue 29 Oct 2024 13:09:22 INFO ██Saving current best: saved/IMP_GCN-Oct-29-2024-11-27-20.pth
Tue 29 Oct 2024 13:11:41 INFO epoch 40 training [time: 139.07s, train loss: 4.3073]
Tue 29 Oct 2024 13:11:57 INFO epoch 40 evaluating [time: 8.75s, valid_score: 0.130600]
Tue 29 Oct 2024 13:11:57 INFO valid result: 
recall@10: 0.0865    recall@20: 0.1306    recall@40: 0.1901    ndcg@10: 0.0663    ndcg@20: 0.0805    ndcg@40: 0.0971    precision@10: 0.0303    precision@20: 0.0233    precision@40: 0.0173    
Tue 29 Oct 2024 13:11:57 INFO test result: 
recall@10: 0.0865    recall@20: 0.1306    recall@40: 0.1901    ndcg@10: 0.0663    ndcg@20: 0.0805    ndcg@40: 0.0971    precision@10: 0.0303    precision@20: 0.0233    precision@40: 0.0173    
Tue 29 Oct 2024 13:14:16 INFO epoch 41 training [time: 138.66s, train loss: 4.2543]
Tue 29 Oct 2024 13:14:30 INFO epoch 41 evaluating [time: 6.80s, valid_score: 0.131000]
Tue 29 Oct 2024 13:14:30 INFO valid result: 
recall@10: 0.0869    recall@20: 0.1310    recall@40: 0.1902    ndcg@10: 0.0664    ndcg@20: 0.0807    ndcg@40: 0.0971    precision@10: 0.0305    precision@20: 0.0235    precision@40: 0.0174    
Tue 29 Oct 2024 13:14:30 INFO test result: 
recall@10: 0.0869    recall@20: 0.1310    recall@40: 0.1902    ndcg@10: 0.0664    ndcg@20: 0.0807    ndcg@40: 0.0971    precision@10: 0.0305    precision@20: 0.0235    precision@40: 0.0174    
Tue 29 Oct 2024 13:14:30 INFO ██Saving current best: saved/IMP_GCN-Oct-29-2024-11-27-20.pth
Tue 29 Oct 2024 13:16:49 INFO epoch 42 training [time: 139.54s, train loss: 4.0575]
Tue 29 Oct 2024 13:17:03 INFO epoch 42 evaluating [time: 6.80s, valid_score: 0.131300]
Tue 29 Oct 2024 13:17:03 INFO valid result: 
recall@10: 0.0872    recall@20: 0.1313    recall@40: 0.1907    ndcg@10: 0.0668    ndcg@20: 0.0810    ndcg@40: 0.0976    precision@10: 0.0306    precision@20: 0.0235    precision@40: 0.0174    
Tue 29 Oct 2024 13:17:03 INFO test result: 
recall@10: 0.0872    recall@20: 0.1313    recall@40: 0.1907    ndcg@10: 0.0668    ndcg@20: 0.0810    ndcg@40: 0.0976    precision@10: 0.0306    precision@20: 0.0235    precision@40: 0.0174    
Tue 29 Oct 2024 13:17:03 INFO ██Saving current best: saved/IMP_GCN-Oct-29-2024-11-27-20.pth
Tue 29 Oct 2024 13:19:22 INFO epoch 43 training [time: 139.00s, train loss: 3.8032]
Tue 29 Oct 2024 13:19:36 INFO epoch 43 evaluating [time: 7.12s, valid_score: 0.132100]
Tue 29 Oct 2024 13:19:36 INFO valid result: 
recall@10: 0.0879    recall@20: 0.1321    recall@40: 0.1907    ndcg@10: 0.0672    ndcg@20: 0.0814    ndcg@40: 0.0978    precision@10: 0.0308    precision@20: 0.0236    precision@40: 0.0174    
Tue 29 Oct 2024 13:19:36 INFO test result: 
recall@10: 0.0879    recall@20: 0.1321    recall@40: 0.1907    ndcg@10: 0.0672    ndcg@20: 0.0814    ndcg@40: 0.0978    precision@10: 0.0308    precision@20: 0.0236    precision@40: 0.0174    
Tue 29 Oct 2024 13:19:36 INFO ██Saving current best: saved/IMP_GCN-Oct-29-2024-11-27-20.pth
Tue 29 Oct 2024 13:21:55 INFO epoch 44 training [time: 139.13s, train loss: 3.7645]
Tue 29 Oct 2024 13:22:09 INFO epoch 44 evaluating [time: 6.73s, valid_score: 0.132500]
Tue 29 Oct 2024 13:22:09 INFO valid result: 
recall@10: 0.0879    recall@20: 0.1325    recall@40: 0.1909    ndcg@10: 0.0677    ndcg@20: 0.0820    ndcg@40: 0.0983    precision@10: 0.0308    precision@20: 0.0237    precision@40: 0.0174    
Tue 29 Oct 2024 13:22:09 INFO test result: 
recall@10: 0.0879    recall@20: 0.1325    recall@40: 0.1909    ndcg@10: 0.0677    ndcg@20: 0.0820    ndcg@40: 0.0983    precision@10: 0.0308    precision@20: 0.0237    precision@40: 0.0174    
Tue 29 Oct 2024 13:22:09 INFO ██Saving current best: saved/IMP_GCN-Oct-29-2024-11-27-20.pth
Tue 29 Oct 2024 13:24:28 INFO epoch 45 training [time: 139.51s, train loss: 3.6503]
Tue 29 Oct 2024 13:24:44 INFO epoch 45 evaluating [time: 7.19s, valid_score: 0.132400]
Tue 29 Oct 2024 13:24:44 INFO valid result: 
recall@10: 0.0886    recall@20: 0.1324    recall@40: 0.1906    ndcg@10: 0.0680    ndcg@20: 0.0820    ndcg@40: 0.0983    precision@10: 0.0312    precision@20: 0.0237    precision@40: 0.0174    
Tue 29 Oct 2024 13:24:44 INFO test result: 
recall@10: 0.0886    recall@20: 0.1324    recall@40: 0.1906    ndcg@10: 0.0680    ndcg@20: 0.0820    ndcg@40: 0.0983    precision@10: 0.0312    precision@20: 0.0237    precision@40: 0.0174    
Tue 29 Oct 2024 13:27:03 INFO epoch 46 training [time: 139.26s, train loss: 3.5422]
Tue 29 Oct 2024 13:27:17 INFO epoch 46 evaluating [time: 6.78s, valid_score: 0.132300]
Tue 29 Oct 2024 13:27:17 INFO valid result: 
recall@10: 0.0887    recall@20: 0.1323    recall@40: 0.1900    ndcg@10: 0.0679    ndcg@20: 0.0819    ndcg@40: 0.0981    precision@10: 0.0311    precision@20: 0.0237    precision@40: 0.0174    
Tue 29 Oct 2024 13:27:17 INFO test result: 
recall@10: 0.0887    recall@20: 0.1323    recall@40: 0.1900    ndcg@10: 0.0679    ndcg@20: 0.0819    ndcg@40: 0.0981    precision@10: 0.0311    precision@20: 0.0237    precision@40: 0.0174    
Tue 29 Oct 2024 13:29:36 INFO epoch 47 training [time: 139.52s, train loss: 3.5342]
Tue 29 Oct 2024 13:29:50 INFO epoch 47 evaluating [time: 6.90s, valid_score: 0.133000]
Tue 29 Oct 2024 13:29:50 INFO valid result: 
recall@10: 0.0889    recall@20: 0.1330    recall@40: 0.1908    ndcg@10: 0.0684    ndcg@20: 0.0826    ndcg@40: 0.0988    precision@10: 0.0312    precision@20: 0.0238    precision@40: 0.0175    
Tue 29 Oct 2024 13:29:50 INFO test result: 
recall@10: 0.0889    recall@20: 0.1330    recall@40: 0.1908    ndcg@10: 0.0684    ndcg@20: 0.0826    ndcg@40: 0.0988    precision@10: 0.0312    precision@20: 0.0238    precision@40: 0.0175    
Tue 29 Oct 2024 13:29:50 INFO ██Saving current best: saved/IMP_GCN-Oct-29-2024-11-27-20.pth
Tue 29 Oct 2024 13:32:09 INFO epoch 48 training [time: 139.31s, train loss: 3.3165]
Tue 29 Oct 2024 13:32:23 INFO epoch 48 evaluating [time: 6.84s, valid_score: 0.133300]
Tue 29 Oct 2024 13:32:23 INFO valid result: 
recall@10: 0.0891    recall@20: 0.1333    recall@40: 0.1901    ndcg@10: 0.0685    ndcg@20: 0.0828    ndcg@40: 0.0986    precision@10: 0.0312    precision@20: 0.0238    precision@40: 0.0174    
Tue 29 Oct 2024 13:32:23 INFO test result: 
recall@10: 0.0891    recall@20: 0.1333    recall@40: 0.1901    ndcg@10: 0.0685    ndcg@20: 0.0828    ndcg@40: 0.0986    precision@10: 0.0312    precision@20: 0.0238    precision@40: 0.0174    
Tue 29 Oct 2024 13:32:23 INFO ██Saving current best: saved/IMP_GCN-Oct-29-2024-11-27-20.pth
Tue 29 Oct 2024 13:34:42 INFO epoch 49 training [time: 139.51s, train loss: 3.2688]
Tue 29 Oct 2024 13:34:56 INFO epoch 49 evaluating [time: 6.85s, valid_score: 0.133600]
Tue 29 Oct 2024 13:34:56 INFO valid result: 
recall@10: 0.0894    recall@20: 0.1336    recall@40: 0.1903    ndcg@10: 0.0686    ndcg@20: 0.0828    ndcg@40: 0.0987    precision@10: 0.0313    precision@20: 0.0239    precision@40: 0.0174    
Tue 29 Oct 2024 13:34:56 INFO test result: 
recall@10: 0.0894    recall@20: 0.1336    recall@40: 0.1903    ndcg@10: 0.0686    ndcg@20: 0.0828    ndcg@40: 0.0987    precision@10: 0.0313    precision@20: 0.0239    precision@40: 0.0174    
Tue 29 Oct 2024 13:34:56 INFO ██Saving current best: saved/IMP_GCN-Oct-29-2024-11-27-20.pth
Tue 29 Oct 2024 13:37:15 INFO epoch 50 training [time: 139.18s, train loss: 3.1975]
Tue 29 Oct 2024 13:37:29 INFO epoch 50 evaluating [time: 7.06s, valid_score: 0.133800]
Tue 29 Oct 2024 13:37:29 INFO valid result: 
recall@10: 0.0892    recall@20: 0.1338    recall@40: 0.1913    ndcg@10: 0.0685    ndcg@20: 0.0829    ndcg@40: 0.0989    precision@10: 0.0312    precision@20: 0.0239    precision@40: 0.0175    
Tue 29 Oct 2024 13:37:29 INFO test result: 
recall@10: 0.0892    recall@20: 0.1338    recall@40: 0.1913    ndcg@10: 0.0685    ndcg@20: 0.0829    ndcg@40: 0.0989    precision@10: 0.0312    precision@20: 0.0239    precision@40: 0.0175    
Tue 29 Oct 2024 13:37:29 INFO ██Saving current best: saved/IMP_GCN-Oct-29-2024-11-27-20.pth
Tue 29 Oct 2024 13:39:48 INFO epoch 51 training [time: 138.83s, train loss: 3.0028]
Tue 29 Oct 2024 13:40:02 INFO epoch 51 evaluating [time: 6.95s, valid_score: 0.133900]
Tue 29 Oct 2024 13:40:02 INFO valid result: 
recall@10: 0.0896    recall@20: 0.1339    recall@40: 0.1913    ndcg@10: 0.0688    ndcg@20: 0.0831    ndcg@40: 0.0991    precision@10: 0.0313    precision@20: 0.0239    precision@40: 0.0175    
Tue 29 Oct 2024 13:40:02 INFO test result: 
recall@10: 0.0896    recall@20: 0.1339    recall@40: 0.1913    ndcg@10: 0.0688    ndcg@20: 0.0831    ndcg@40: 0.0991    precision@10: 0.0313    precision@20: 0.0239    precision@40: 0.0175    
Tue 29 Oct 2024 13:40:02 INFO ██Saving current best: saved/IMP_GCN-Oct-29-2024-11-27-20.pth
Tue 29 Oct 2024 13:42:21 INFO epoch 52 training [time: 139.27s, train loss: 3.0586]
Tue 29 Oct 2024 13:42:35 INFO epoch 52 evaluating [time: 7.05s, valid_score: 0.134500]
Tue 29 Oct 2024 13:42:35 INFO valid result: 
recall@10: 0.0900    recall@20: 0.1345    recall@40: 0.1916    ndcg@10: 0.0694    ndcg@20: 0.0837    ndcg@40: 0.0997    precision@10: 0.0314    precision@20: 0.0240    precision@40: 0.0175    
Tue 29 Oct 2024 13:42:35 INFO test result: 
recall@10: 0.0900    recall@20: 0.1345    recall@40: 0.1916    ndcg@10: 0.0694    ndcg@20: 0.0837    ndcg@40: 0.0997    precision@10: 0.0314    precision@20: 0.0240    precision@40: 0.0175    
Tue 29 Oct 2024 13:42:35 INFO ██Saving current best: saved/IMP_GCN-Oct-29-2024-11-27-20.pth
Tue 29 Oct 2024 13:44:54 INFO epoch 53 training [time: 139.00s, train loss: 2.9863]
Tue 29 Oct 2024 13:45:08 INFO epoch 53 evaluating [time: 6.92s, valid_score: 0.133900]
Tue 29 Oct 2024 13:45:08 INFO valid result: 
recall@10: 0.0899    recall@20: 0.1339    recall@40: 0.1910    ndcg@10: 0.0694    ndcg@20: 0.0836    ndcg@40: 0.0996    precision@10: 0.0314    precision@20: 0.0239    precision@40: 0.0175    
Tue 29 Oct 2024 13:45:08 INFO test result: 
recall@10: 0.0899    recall@20: 0.1339    recall@40: 0.1910    ndcg@10: 0.0694    ndcg@20: 0.0836    ndcg@40: 0.0996    precision@10: 0.0314    precision@20: 0.0239    precision@40: 0.0175    
Tue 29 Oct 2024 13:47:27 INFO epoch 54 training [time: 138.79s, train loss: 2.8180]
Tue 29 Oct 2024 13:47:40 INFO epoch 54 evaluating [time: 7.08s, valid_score: 0.134400]
Tue 29 Oct 2024 13:47:40 INFO valid result: 
recall@10: 0.0899    recall@20: 0.1344    recall@40: 0.1910    ndcg@10: 0.0693    ndcg@20: 0.0836    ndcg@40: 0.0994    precision@10: 0.0313    precision@20: 0.0239    precision@40: 0.0174    
Tue 29 Oct 2024 13:47:40 INFO test result: 
recall@10: 0.0899    recall@20: 0.1344    recall@40: 0.1910    ndcg@10: 0.0693    ndcg@20: 0.0836    ndcg@40: 0.0994    precision@10: 0.0313    precision@20: 0.0239    precision@40: 0.0174    
Tue 29 Oct 2024 13:50:00 INFO epoch 55 training [time: 139.15s, train loss: 2.8373]
Tue 29 Oct 2024 13:50:13 INFO epoch 55 evaluating [time: 6.78s, valid_score: 0.133900]
Tue 29 Oct 2024 13:50:13 INFO valid result: 
recall@10: 0.0896    recall@20: 0.1339    recall@40: 0.1911    ndcg@10: 0.0690    ndcg@20: 0.0832    ndcg@40: 0.0992    precision@10: 0.0313    precision@20: 0.0239    precision@40: 0.0174    
Tue 29 Oct 2024 13:50:13 INFO test result: 
recall@10: 0.0896    recall@20: 0.1339    recall@40: 0.1911    ndcg@10: 0.0690    ndcg@20: 0.0832    ndcg@40: 0.0992    precision@10: 0.0313    precision@20: 0.0239    precision@40: 0.0174    
Tue 29 Oct 2024 13:52:32 INFO epoch 56 training [time: 139.22s, train loss: 2.6674]
Tue 29 Oct 2024 13:52:47 INFO epoch 56 evaluating [time: 6.82s, valid_score: 0.134000]
Tue 29 Oct 2024 13:52:47 INFO valid result: 
recall@10: 0.0903    recall@20: 0.1340    recall@40: 0.1919    ndcg@10: 0.0694    ndcg@20: 0.0835    ndcg@40: 0.0997    precision@10: 0.0315    precision@20: 0.0239    precision@40: 0.0175    
Tue 29 Oct 2024 13:52:47 INFO test result: 
recall@10: 0.0903    recall@20: 0.1340    recall@40: 0.1919    ndcg@10: 0.0694    ndcg@20: 0.0835    ndcg@40: 0.0997    precision@10: 0.0315    precision@20: 0.0239    precision@40: 0.0175    
Tue 29 Oct 2024 13:55:05 INFO epoch 57 training [time: 138.87s, train loss: 2.7024]
Tue 29 Oct 2024 13:55:19 INFO epoch 57 evaluating [time: 7.13s, valid_score: 0.134400]
Tue 29 Oct 2024 13:55:19 INFO valid result: 
recall@10: 0.0906    recall@20: 0.1344    recall@40: 0.1912    ndcg@10: 0.0697    ndcg@20: 0.0838    ndcg@40: 0.0997    precision@10: 0.0315    precision@20: 0.0240    precision@40: 0.0175    
Tue 29 Oct 2024 13:55:19 INFO test result: 
recall@10: 0.0906    recall@20: 0.1344    recall@40: 0.1912    ndcg@10: 0.0697    ndcg@20: 0.0838    ndcg@40: 0.0997    precision@10: 0.0315    precision@20: 0.0240    precision@40: 0.0175    
Tue 29 Oct 2024 13:57:39 INFO epoch 58 training [time: 139.47s, train loss: 2.6217]
Tue 29 Oct 2024 13:57:52 INFO epoch 58 evaluating [time: 6.72s, valid_score: 0.133800]
Tue 29 Oct 2024 13:57:52 INFO valid result: 
recall@10: 0.0906    recall@20: 0.1338    recall@40: 0.1912    ndcg@10: 0.0697    ndcg@20: 0.0837    ndcg@40: 0.0997    precision@10: 0.0315    precision@20: 0.0239    precision@40: 0.0175    
Tue 29 Oct 2024 13:57:52 INFO test result: 
recall@10: 0.0906    recall@20: 0.1338    recall@40: 0.1912    ndcg@10: 0.0697    ndcg@20: 0.0837    ndcg@40: 0.0997    precision@10: 0.0315    precision@20: 0.0239    precision@40: 0.0175    
Tue 29 Oct 2024 14:00:11 INFO epoch 59 training [time: 139.04s, train loss: 2.5930]
Tue 29 Oct 2024 14:00:24 INFO epoch 59 evaluating [time: 6.61s, valid_score: 0.133900]
Tue 29 Oct 2024 14:00:24 INFO valid result: 
recall@10: 0.0902    recall@20: 0.1339    recall@40: 0.1912    ndcg@10: 0.0698    ndcg@20: 0.0840    ndcg@40: 0.1000    precision@10: 0.0314    precision@20: 0.0239    precision@40: 0.0175    
Tue 29 Oct 2024 14:00:24 INFO test result: 
recall@10: 0.0902    recall@20: 0.1339    recall@40: 0.1912    ndcg@10: 0.0698    ndcg@20: 0.0840    ndcg@40: 0.1000    precision@10: 0.0314    precision@20: 0.0239    precision@40: 0.0175    
Tue 29 Oct 2024 14:02:44 INFO epoch 60 training [time: 139.31s, train loss: 2.4672]
Tue 29 Oct 2024 14:02:57 INFO epoch 60 evaluating [time: 6.86s, valid_score: 0.133700]
Tue 29 Oct 2024 14:02:57 INFO valid result: 
recall@10: 0.0902    recall@20: 0.1337    recall@40: 0.1906    ndcg@10: 0.0697    ndcg@20: 0.0838    ndcg@40: 0.0997    precision@10: 0.0315    precision@20: 0.0239    precision@40: 0.0174    
Tue 29 Oct 2024 14:02:57 INFO test result: 
recall@10: 0.0902    recall@20: 0.1337    recall@40: 0.1906    ndcg@10: 0.0697    ndcg@20: 0.0838    ndcg@40: 0.0997    precision@10: 0.0315    precision@20: 0.0239    precision@40: 0.0174    
Tue 29 Oct 2024 14:05:16 INFO epoch 61 training [time: 138.61s, train loss: 2.4299]
Tue 29 Oct 2024 14:05:30 INFO epoch 61 evaluating [time: 6.88s, valid_score: 0.133600]
Tue 29 Oct 2024 14:05:30 INFO valid result: 
recall@10: 0.0901    recall@20: 0.1336    recall@40: 0.1901    ndcg@10: 0.0697    ndcg@20: 0.0837    ndcg@40: 0.0995    precision@10: 0.0314    precision@20: 0.0239    precision@40: 0.0174    
Tue 29 Oct 2024 14:05:30 INFO test result: 
recall@10: 0.0901    recall@20: 0.1336    recall@40: 0.1901    ndcg@10: 0.0697    ndcg@20: 0.0837    ndcg@40: 0.0995    precision@10: 0.0314    precision@20: 0.0239    precision@40: 0.0174    
Tue 29 Oct 2024 14:07:49 INFO epoch 62 training [time: 139.00s, train loss: 2.4172]
Tue 29 Oct 2024 14:08:02 INFO epoch 62 evaluating [time: 6.84s, valid_score: 0.133900]
Tue 29 Oct 2024 14:08:02 INFO valid result: 
recall@10: 0.0907    recall@20: 0.1339    recall@40: 0.1907    ndcg@10: 0.0701    ndcg@20: 0.0841    ndcg@40: 0.0999    precision@10: 0.0316    precision@20: 0.0240    precision@40: 0.0175    
Tue 29 Oct 2024 14:08:02 INFO test result: 
recall@10: 0.0907    recall@20: 0.1339    recall@40: 0.1907    ndcg@10: 0.0701    ndcg@20: 0.0841    ndcg@40: 0.0999    precision@10: 0.0316    precision@20: 0.0240    precision@40: 0.0175    
Tue 29 Oct 2024 14:10:21 INFO epoch 63 training [time: 138.97s, train loss: 2.3449]
Tue 29 Oct 2024 14:10:35 INFO epoch 63 evaluating [time: 6.89s, valid_score: 0.133900]
Tue 29 Oct 2024 14:10:35 INFO valid result: 
recall@10: 0.0906    recall@20: 0.1339    recall@40: 0.1899    ndcg@10: 0.0701    ndcg@20: 0.0841    ndcg@40: 0.0998    precision@10: 0.0316    precision@20: 0.0240    precision@40: 0.0174    
Tue 29 Oct 2024 14:10:35 INFO test result: 
recall@10: 0.0906    recall@20: 0.1339    recall@40: 0.1899    ndcg@10: 0.0701    ndcg@20: 0.0841    ndcg@40: 0.0998    precision@10: 0.0316    precision@20: 0.0240    precision@40: 0.0174    
Tue 29 Oct 2024 14:12:54 INFO epoch 64 training [time: 138.90s, train loss: 2.2896]
Tue 29 Oct 2024 14:13:07 INFO epoch 64 evaluating [time: 6.65s, valid_score: 0.133200]
Tue 29 Oct 2024 14:13:07 INFO valid result: 
recall@10: 0.0906    recall@20: 0.1332    recall@40: 0.1895    ndcg@10: 0.0702    ndcg@20: 0.0839    ndcg@40: 0.0997    precision@10: 0.0316    precision@20: 0.0239    precision@40: 0.0174    
Tue 29 Oct 2024 14:13:07 INFO test result: 
recall@10: 0.0906    recall@20: 0.1332    recall@40: 0.1895    ndcg@10: 0.0702    ndcg@20: 0.0839    ndcg@40: 0.0997    precision@10: 0.0316    precision@20: 0.0239    precision@40: 0.0174    
Tue 29 Oct 2024 14:15:26 INFO epoch 65 training [time: 139.27s, train loss: 2.2399]
Tue 29 Oct 2024 14:15:40 INFO epoch 65 evaluating [time: 7.04s, valid_score: 0.133500]
Tue 29 Oct 2024 14:15:40 INFO valid result: 
recall@10: 0.0910    recall@20: 0.1335    recall@40: 0.1897    ndcg@10: 0.0704    ndcg@20: 0.0842    ndcg@40: 0.0999    precision@10: 0.0317    precision@20: 0.0239    precision@40: 0.0174    
Tue 29 Oct 2024 14:15:40 INFO test result: 
recall@10: 0.0910    recall@20: 0.1335    recall@40: 0.1897    ndcg@10: 0.0704    ndcg@20: 0.0842    ndcg@40: 0.0999    precision@10: 0.0317    precision@20: 0.0239    precision@40: 0.0174    
Tue 29 Oct 2024 14:17:59 INFO epoch 66 training [time: 139.09s, train loss: 2.2381]
Tue 29 Oct 2024 14:18:13 INFO epoch 66 evaluating [time: 6.98s, valid_score: 0.133500]
Tue 29 Oct 2024 14:18:13 INFO valid result: 
recall@10: 0.0915    recall@20: 0.1335    recall@40: 0.1892    ndcg@10: 0.0706    ndcg@20: 0.0841    ndcg@40: 0.0997    precision@10: 0.0318    precision@20: 0.0239    precision@40: 0.0173    
Tue 29 Oct 2024 14:18:13 INFO test result: 
recall@10: 0.0915    recall@20: 0.1335    recall@40: 0.1892    ndcg@10: 0.0706    ndcg@20: 0.0841    ndcg@40: 0.0997    precision@10: 0.0318    precision@20: 0.0239    precision@40: 0.0173    
Tue 29 Oct 2024 14:20:32 INFO epoch 67 training [time: 139.29s, train loss: 2.1858]
Tue 29 Oct 2024 14:20:45 INFO epoch 67 evaluating [time: 7.00s, valid_score: 0.133800]
Tue 29 Oct 2024 14:20:45 INFO valid result: 
recall@10: 0.0912    recall@20: 0.1338    recall@40: 0.1894    ndcg@10: 0.0700    ndcg@20: 0.0838    ndcg@40: 0.0994    precision@10: 0.0317    precision@20: 0.0239    precision@40: 0.0174    
Tue 29 Oct 2024 14:20:45 INFO test result: 
recall@10: 0.0912    recall@20: 0.1338    recall@40: 0.1894    ndcg@10: 0.0700    ndcg@20: 0.0838    ndcg@40: 0.0994    precision@10: 0.0317    precision@20: 0.0239    precision@40: 0.0174    
Tue 29 Oct 2024 14:23:05 INFO epoch 68 training [time: 139.02s, train loss: 2.1513]
Tue 29 Oct 2024 14:23:18 INFO epoch 68 evaluating [time: 6.98s, valid_score: 0.133600]
Tue 29 Oct 2024 14:23:18 INFO valid result: 
recall@10: 0.0907    recall@20: 0.1336    recall@40: 0.1888    ndcg@10: 0.0700    ndcg@20: 0.0839    ndcg@40: 0.0994    precision@10: 0.0315    precision@20: 0.0239    precision@40: 0.0173    
Tue 29 Oct 2024 14:23:18 INFO test result: 
recall@10: 0.0907    recall@20: 0.1336    recall@40: 0.1888    ndcg@10: 0.0700    ndcg@20: 0.0839    ndcg@40: 0.0994    precision@10: 0.0315    precision@20: 0.0239    precision@40: 0.0173    
Tue 29 Oct 2024 14:25:37 INFO epoch 69 training [time: 139.04s, train loss: 2.0635]
Tue 29 Oct 2024 14:25:51 INFO epoch 69 evaluating [time: 7.01s, valid_score: 0.133900]
Tue 29 Oct 2024 14:25:51 INFO valid result: 
recall@10: 0.0905    recall@20: 0.1339    recall@40: 0.1889    ndcg@10: 0.0698    ndcg@20: 0.0838    ndcg@40: 0.0992    precision@10: 0.0315    precision@20: 0.0240    precision@40: 0.0173    
Tue 29 Oct 2024 14:25:51 INFO test result: 
recall@10: 0.0905    recall@20: 0.1339    recall@40: 0.1889    ndcg@10: 0.0698    ndcg@20: 0.0838    ndcg@40: 0.0992    precision@10: 0.0315    precision@20: 0.0240    precision@40: 0.0173    
Tue 29 Oct 2024 14:28:10 INFO epoch 70 training [time: 139.40s, train loss: 2.0970]
Tue 29 Oct 2024 14:28:24 INFO epoch 70 evaluating [time: 6.84s, valid_score: 0.133300]
Tue 29 Oct 2024 14:28:24 INFO valid result: 
recall@10: 0.0906    recall@20: 0.1333    recall@40: 0.1888    ndcg@10: 0.0699    ndcg@20: 0.0837    ndcg@40: 0.0993    precision@10: 0.0316    precision@20: 0.0239    precision@40: 0.0173    
Tue 29 Oct 2024 14:28:24 INFO test result: 
recall@10: 0.0906    recall@20: 0.1333    recall@40: 0.1888    ndcg@10: 0.0699    ndcg@20: 0.0837    ndcg@40: 0.0993    precision@10: 0.0316    precision@20: 0.0239    precision@40: 0.0173    
Tue 29 Oct 2024 14:30:43 INFO epoch 71 training [time: 138.91s, train loss: 2.0577]
Tue 29 Oct 2024 14:30:57 INFO epoch 71 evaluating [time: 6.86s, valid_score: 0.132900]
Tue 29 Oct 2024 14:30:57 INFO valid result: 
recall@10: 0.0907    recall@20: 0.1329    recall@40: 0.1886    ndcg@10: 0.0699    ndcg@20: 0.0835    ndcg@40: 0.0991    precision@10: 0.0316    precision@20: 0.0238    precision@40: 0.0173    
Tue 29 Oct 2024 14:30:57 INFO test result: 
recall@10: 0.0907    recall@20: 0.1329    recall@40: 0.1886    ndcg@10: 0.0699    ndcg@20: 0.0835    ndcg@40: 0.0991    precision@10: 0.0316    precision@20: 0.0238    precision@40: 0.0173    
Tue 29 Oct 2024 14:33:16 INFO epoch 72 training [time: 138.94s, train loss: 2.0576]
Tue 29 Oct 2024 14:33:30 INFO epoch 72 evaluating [time: 6.84s, valid_score: 0.133000]
Tue 29 Oct 2024 14:33:30 INFO valid result: 
recall@10: 0.0906    recall@20: 0.1330    recall@40: 0.1878    ndcg@10: 0.0700    ndcg@20: 0.0837    ndcg@40: 0.0991    precision@10: 0.0315    precision@20: 0.0238    precision@40: 0.0173    
Tue 29 Oct 2024 14:33:30 INFO test result: 
recall@10: 0.0906    recall@20: 0.1330    recall@40: 0.1878    ndcg@10: 0.0700    ndcg@20: 0.0837    ndcg@40: 0.0991    precision@10: 0.0315    precision@20: 0.0238    precision@40: 0.0173    
Tue 29 Oct 2024 14:35:49 INFO epoch 73 training [time: 139.13s, train loss: 2.0197]
Tue 29 Oct 2024 14:36:02 INFO epoch 73 evaluating [time: 6.85s, valid_score: 0.132100]
Tue 29 Oct 2024 14:36:02 INFO valid result: 
recall@10: 0.0907    recall@20: 0.1321    recall@40: 0.1878    ndcg@10: 0.0700    ndcg@20: 0.0834    ndcg@40: 0.0990    precision@10: 0.0316    precision@20: 0.0237    precision@40: 0.0173    
Tue 29 Oct 2024 14:36:02 INFO test result: 
recall@10: 0.0907    recall@20: 0.1321    recall@40: 0.1878    ndcg@10: 0.0700    ndcg@20: 0.0834    ndcg@40: 0.0990    precision@10: 0.0316    precision@20: 0.0237    precision@40: 0.0173    
Tue 29 Oct 2024 14:38:21 INFO epoch 74 training [time: 139.04s, train loss: 1.9526]
Tue 29 Oct 2024 14:38:35 INFO epoch 74 evaluating [time: 6.83s, valid_score: 0.132800]
Tue 29 Oct 2024 14:38:35 INFO valid result: 
recall@10: 0.0905    recall@20: 0.1328    recall@40: 0.1879    ndcg@10: 0.0702    ndcg@20: 0.0838    ndcg@40: 0.0993    precision@10: 0.0315    precision@20: 0.0238    precision@40: 0.0173    
Tue 29 Oct 2024 14:38:35 INFO test result: 
recall@10: 0.0905    recall@20: 0.1328    recall@40: 0.1879    ndcg@10: 0.0702    ndcg@20: 0.0838    ndcg@40: 0.0993    precision@10: 0.0315    precision@20: 0.0238    precision@40: 0.0173    
Tue 29 Oct 2024 14:40:55 INFO epoch 75 training [time: 139.46s, train loss: 1.9097]
Tue 29 Oct 2024 14:41:09 INFO epoch 75 evaluating [time: 6.74s, valid_score: 0.132800]
Tue 29 Oct 2024 14:41:09 INFO valid result: 
recall@10: 0.0903    recall@20: 0.1328    recall@40: 0.1874    ndcg@10: 0.0698    ndcg@20: 0.0836    ndcg@40: 0.0989    precision@10: 0.0314    precision@20: 0.0238    precision@40: 0.0172    
Tue 29 Oct 2024 14:41:09 INFO test result: 
recall@10: 0.0903    recall@20: 0.1328    recall@40: 0.1874    ndcg@10: 0.0698    ndcg@20: 0.0836    ndcg@40: 0.0989    precision@10: 0.0314    precision@20: 0.0238    precision@40: 0.0172    
Tue 29 Oct 2024 14:43:28 INFO epoch 76 training [time: 139.15s, train loss: 1.8517]
Tue 29 Oct 2024 14:43:41 INFO epoch 76 evaluating [time: 6.41s, valid_score: 0.132900]
Tue 29 Oct 2024 14:43:41 INFO valid result: 
recall@10: 0.0899    recall@20: 0.1329    recall@40: 0.1874    ndcg@10: 0.0697    ndcg@20: 0.0836    ndcg@40: 0.0990    precision@10: 0.0314    precision@20: 0.0238    precision@40: 0.0173    
Tue 29 Oct 2024 14:43:41 INFO test result: 
recall@10: 0.0899    recall@20: 0.1329    recall@40: 0.1874    ndcg@10: 0.0697    ndcg@20: 0.0836    ndcg@40: 0.0990    precision@10: 0.0314    precision@20: 0.0238    precision@40: 0.0173    
Tue 29 Oct 2024 14:46:00 INFO epoch 77 training [time: 139.13s, train loss: 1.8451]
Tue 29 Oct 2024 14:46:13 INFO epoch 77 evaluating [time: 6.67s, valid_score: 0.132700]
Tue 29 Oct 2024 14:46:13 INFO valid result: 
recall@10: 0.0900    recall@20: 0.1327    recall@40: 0.1873    ndcg@10: 0.0697    ndcg@20: 0.0835    ndcg@40: 0.0989    precision@10: 0.0314    precision@20: 0.0237    precision@40: 0.0173    
Tue 29 Oct 2024 14:46:13 INFO test result: 
recall@10: 0.0900    recall@20: 0.1327    recall@40: 0.1873    ndcg@10: 0.0697    ndcg@20: 0.0835    ndcg@40: 0.0989    precision@10: 0.0314    precision@20: 0.0237    precision@40: 0.0173    
Tue 29 Oct 2024 14:48:33 INFO epoch 78 training [time: 139.77s, train loss: 1.8392]
Tue 29 Oct 2024 14:48:47 INFO epoch 78 evaluating [time: 6.89s, valid_score: 0.132800]
Tue 29 Oct 2024 14:48:47 INFO valid result: 
recall@10: 0.0901    recall@20: 0.1328    recall@40: 0.1871    ndcg@10: 0.0699    ndcg@20: 0.0837    ndcg@40: 0.0990    precision@10: 0.0315    precision@20: 0.0238    precision@40: 0.0172    
Tue 29 Oct 2024 14:48:47 INFO test result: 
recall@10: 0.0901    recall@20: 0.1328    recall@40: 0.1871    ndcg@10: 0.0699    ndcg@20: 0.0837    ndcg@40: 0.0990    precision@10: 0.0315    precision@20: 0.0238    precision@40: 0.0172    
Tue 29 Oct 2024 14:51:06 INFO epoch 79 training [time: 139.89s, train loss: 1.7480]
Tue 29 Oct 2024 14:51:22 INFO epoch 79 evaluating [time: 7.98s, valid_score: 0.131600]
Tue 29 Oct 2024 14:51:22 INFO valid result: 
recall@10: 0.0899    recall@20: 0.1316    recall@40: 0.1864    ndcg@10: 0.0697    ndcg@20: 0.0832    ndcg@40: 0.0985    precision@10: 0.0314    precision@20: 0.0236    precision@40: 0.0172    
Tue 29 Oct 2024 14:51:22 INFO test result: 
recall@10: 0.0899    recall@20: 0.1316    recall@40: 0.1864    ndcg@10: 0.0697    ndcg@20: 0.0832    ndcg@40: 0.0985    precision@10: 0.0314    precision@20: 0.0236    precision@40: 0.0172    
Tue 29 Oct 2024 14:53:42 INFO epoch 80 training [time: 139.57s, train loss: 1.6909]
Tue 29 Oct 2024 14:53:54 INFO epoch 80 evaluating [time: 7.02s, valid_score: 0.131900]
Tue 29 Oct 2024 14:53:54 INFO valid result: 
recall@10: 0.0899    recall@20: 0.1319    recall@40: 0.1869    ndcg@10: 0.0698    ndcg@20: 0.0834    ndcg@40: 0.0987    precision@10: 0.0314    precision@20: 0.0237    precision@40: 0.0172    
Tue 29 Oct 2024 14:53:54 INFO test result: 
recall@10: 0.0899    recall@20: 0.1319    recall@40: 0.1869    ndcg@10: 0.0698    ndcg@20: 0.0834    ndcg@40: 0.0987    precision@10: 0.0314    precision@20: 0.0237    precision@40: 0.0172    
Tue 29 Oct 2024 14:56:13 INFO epoch 81 training [time: 138.87s, train loss: 1.7564]
Tue 29 Oct 2024 14:56:27 INFO epoch 81 evaluating [time: 6.88s, valid_score: 0.131400]
Tue 29 Oct 2024 14:56:27 INFO valid result: 
recall@10: 0.0898    recall@20: 0.1314    recall@40: 0.1864    ndcg@10: 0.0699    ndcg@20: 0.0833    ndcg@40: 0.0987    precision@10: 0.0314    precision@20: 0.0236    precision@40: 0.0171    
Tue 29 Oct 2024 14:56:27 INFO test result: 
recall@10: 0.0898    recall@20: 0.1314    recall@40: 0.1864    ndcg@10: 0.0699    ndcg@20: 0.0833    ndcg@40: 0.0987    precision@10: 0.0314    precision@20: 0.0236    precision@40: 0.0171    
Tue 29 Oct 2024 14:58:46 INFO epoch 82 training [time: 139.09s, train loss: 1.7361]
Tue 29 Oct 2024 14:58:59 INFO epoch 82 evaluating [time: 7.00s, valid_score: 0.131400]
Tue 29 Oct 2024 14:58:59 INFO valid result: 
recall@10: 0.0890    recall@20: 0.1314    recall@40: 0.1858    ndcg@10: 0.0693    ndcg@20: 0.0830    ndcg@40: 0.0982    precision@10: 0.0312    precision@20: 0.0236    precision@40: 0.0171    
Tue 29 Oct 2024 14:58:59 INFO test result: 
recall@10: 0.0890    recall@20: 0.1314    recall@40: 0.1858    ndcg@10: 0.0693    ndcg@20: 0.0830    ndcg@40: 0.0982    precision@10: 0.0312    precision@20: 0.0236    precision@40: 0.0171    
Tue 29 Oct 2024 15:01:19 INFO epoch 83 training [time: 139.43s, train loss: 1.7696]
Tue 29 Oct 2024 15:01:32 INFO epoch 83 evaluating [time: 6.93s, valid_score: 0.131900]
Tue 29 Oct 2024 15:01:32 INFO valid result: 
recall@10: 0.0892    recall@20: 0.1319    recall@40: 0.1847    ndcg@10: 0.0694    ndcg@20: 0.0832    ndcg@40: 0.0980    precision@10: 0.0313    precision@20: 0.0237    precision@40: 0.0170    
Tue 29 Oct 2024 15:01:32 INFO test result: 
recall@10: 0.0892    recall@20: 0.1319    recall@40: 0.1847    ndcg@10: 0.0694    ndcg@20: 0.0832    ndcg@40: 0.0980    precision@10: 0.0313    precision@20: 0.0237    precision@40: 0.0170    
Tue 29 Oct 2024 15:03:52 INFO epoch 84 training [time: 139.28s, train loss: 1.6702]
Tue 29 Oct 2024 15:04:08 INFO epoch 84 evaluating [time: 9.16s, valid_score: 0.131800]
Tue 29 Oct 2024 15:04:08 INFO valid result: 
recall@10: 0.0896    recall@20: 0.1318    recall@40: 0.1850    ndcg@10: 0.0696    ndcg@20: 0.0832    ndcg@40: 0.0981    precision@10: 0.0314    precision@20: 0.0236    precision@40: 0.0171    
Tue 29 Oct 2024 15:04:08 INFO test result: 
recall@10: 0.0896    recall@20: 0.1318    recall@40: 0.1850    ndcg@10: 0.0696    ndcg@20: 0.0832    ndcg@40: 0.0981    precision@10: 0.0314    precision@20: 0.0236    precision@40: 0.0171    
Tue 29 Oct 2024 15:06:27 INFO epoch 85 training [time: 139.15s, train loss: 1.7198]
Tue 29 Oct 2024 15:06:40 INFO epoch 85 evaluating [time: 6.85s, valid_score: 0.131800]
Tue 29 Oct 2024 15:06:40 INFO valid result: 
recall@10: 0.0895    recall@20: 0.1318    recall@40: 0.1845    ndcg@10: 0.0698    ndcg@20: 0.0835    ndcg@40: 0.0982    precision@10: 0.0313    precision@20: 0.0236    precision@40: 0.0170    
Tue 29 Oct 2024 15:06:40 INFO test result: 
recall@10: 0.0895    recall@20: 0.1318    recall@40: 0.1845    ndcg@10: 0.0698    ndcg@20: 0.0835    ndcg@40: 0.0982    precision@10: 0.0313    precision@20: 0.0236    precision@40: 0.0170    
Tue 29 Oct 2024 15:08:59 INFO epoch 86 training [time: 139.21s, train loss: 1.6796]
Tue 29 Oct 2024 15:09:13 INFO epoch 86 evaluating [time: 6.73s, valid_score: 0.132000]
Tue 29 Oct 2024 15:09:13 INFO valid result: 
recall@10: 0.0891    recall@20: 0.1320    recall@40: 0.1845    ndcg@10: 0.0699    ndcg@20: 0.0837    ndcg@40: 0.0984    precision@10: 0.0313    precision@20: 0.0237    precision@40: 0.0170    
Tue 29 Oct 2024 15:09:13 INFO test result: 
recall@10: 0.0891    recall@20: 0.1320    recall@40: 0.1845    ndcg@10: 0.0699    ndcg@20: 0.0837    ndcg@40: 0.0984    precision@10: 0.0313    precision@20: 0.0237    precision@40: 0.0170    
Tue 29 Oct 2024 15:11:33 INFO epoch 87 training [time: 139.56s, train loss: 1.5163]
Tue 29 Oct 2024 15:11:48 INFO epoch 87 evaluating [time: 8.42s, valid_score: 0.130800]
Tue 29 Oct 2024 15:11:48 INFO valid result: 
recall@10: 0.0889    recall@20: 0.1308    recall@40: 0.1847    ndcg@10: 0.0696    ndcg@20: 0.0832    ndcg@40: 0.0982    precision@10: 0.0312    precision@20: 0.0235    precision@40: 0.0170    
Tue 29 Oct 2024 15:11:48 INFO test result: 
recall@10: 0.0889    recall@20: 0.1308    recall@40: 0.1847    ndcg@10: 0.0696    ndcg@20: 0.0832    ndcg@40: 0.0982    precision@10: 0.0312    precision@20: 0.0235    precision@40: 0.0170    
Tue 29 Oct 2024 15:14:07 INFO epoch 88 training [time: 139.07s, train loss: 1.5315]
Tue 29 Oct 2024 15:14:20 INFO epoch 88 evaluating [time: 6.83s, valid_score: 0.131300]
Tue 29 Oct 2024 15:14:20 INFO valid result: 
recall@10: 0.0890    recall@20: 0.1313    recall@40: 0.1845    ndcg@10: 0.0696    ndcg@20: 0.0833    ndcg@40: 0.0982    precision@10: 0.0311    precision@20: 0.0236    precision@40: 0.0170    
Tue 29 Oct 2024 15:14:20 INFO test result: 
recall@10: 0.0890    recall@20: 0.1313    recall@40: 0.1845    ndcg@10: 0.0696    ndcg@20: 0.0833    ndcg@40: 0.0982    precision@10: 0.0311    precision@20: 0.0236    precision@40: 0.0170    
Tue 29 Oct 2024 15:16:40 INFO epoch 89 training [time: 139.52s, train loss: 1.6111]
Tue 29 Oct 2024 15:16:53 INFO epoch 89 evaluating [time: 6.64s, valid_score: 0.131000]
Tue 29 Oct 2024 15:16:53 INFO valid result: 
recall@10: 0.0886    recall@20: 0.1310    recall@40: 0.1843    ndcg@10: 0.0695    ndcg@20: 0.0831    ndcg@40: 0.0981    precision@10: 0.0311    precision@20: 0.0235    precision@40: 0.0170    
Tue 29 Oct 2024 15:16:53 INFO test result: 
recall@10: 0.0886    recall@20: 0.1310    recall@40: 0.1843    ndcg@10: 0.0695    ndcg@20: 0.0831    ndcg@40: 0.0981    precision@10: 0.0311    precision@20: 0.0235    precision@40: 0.0170    
Tue 29 Oct 2024 15:19:13 INFO epoch 90 training [time: 139.36s, train loss: 1.5536]
Tue 29 Oct 2024 15:19:24 INFO epoch 90 evaluating [time: 5.84s, valid_score: 0.130700]
Tue 29 Oct 2024 15:19:24 INFO valid result: 
recall@10: 0.0880    recall@20: 0.1307    recall@40: 0.1843    ndcg@10: 0.0693    ndcg@20: 0.0831    ndcg@40: 0.0981    precision@10: 0.0310    precision@20: 0.0235    precision@40: 0.0170    
Tue 29 Oct 2024 15:19:24 INFO test result: 
recall@10: 0.0880    recall@20: 0.1307    recall@40: 0.1843    ndcg@10: 0.0693    ndcg@20: 0.0831    ndcg@40: 0.0981    precision@10: 0.0310    precision@20: 0.0235    precision@40: 0.0170    
Tue 29 Oct 2024 15:21:38 INFO epoch 91 training [time: 134.72s, train loss: 1.5094]
Tue 29 Oct 2024 15:21:48 INFO epoch 91 evaluating [time: 4.77s, valid_score: 0.130800]
Tue 29 Oct 2024 15:21:48 INFO valid result: 
recall@10: 0.0885    recall@20: 0.1308    recall@40: 0.1843    ndcg@10: 0.0697    ndcg@20: 0.0833    ndcg@40: 0.0983    precision@10: 0.0312    precision@20: 0.0235    precision@40: 0.0170    
Tue 29 Oct 2024 15:21:48 INFO test result: 
recall@10: 0.0885    recall@20: 0.1308    recall@40: 0.1843    ndcg@10: 0.0697    ndcg@20: 0.0833    ndcg@40: 0.0983    precision@10: 0.0312    precision@20: 0.0235    precision@40: 0.0170    
Tue 29 Oct 2024 15:24:03 INFO epoch 92 training [time: 135.26s, train loss: 1.4899]
Tue 29 Oct 2024 15:24:13 INFO epoch 92 evaluating [time: 5.09s, valid_score: 0.130700]
Tue 29 Oct 2024 15:24:13 INFO valid result: 
recall@10: 0.0891    recall@20: 0.1307    recall@40: 0.1840    ndcg@10: 0.0698    ndcg@20: 0.0832    ndcg@40: 0.0981    precision@10: 0.0313    precision@20: 0.0235    precision@40: 0.0170    
Tue 29 Oct 2024 15:24:13 INFO test result: 
recall@10: 0.0891    recall@20: 0.1307    recall@40: 0.1840    ndcg@10: 0.0698    ndcg@20: 0.0832    ndcg@40: 0.0981    precision@10: 0.0313    precision@20: 0.0235    precision@40: 0.0170    
Tue 29 Oct 2024 15:26:30 INFO epoch 93 training [time: 136.68s, train loss: 1.4422]
Tue 29 Oct 2024 15:26:39 INFO epoch 93 evaluating [time: 4.95s, valid_score: 0.130800]
Tue 29 Oct 2024 15:26:39 INFO valid result: 
recall@10: 0.0886    recall@20: 0.1308    recall@40: 0.1835    ndcg@10: 0.0696    ndcg@20: 0.0832    ndcg@40: 0.0980    precision@10: 0.0311    precision@20: 0.0235    precision@40: 0.0169    
Tue 29 Oct 2024 15:26:39 INFO test result: 
recall@10: 0.0886    recall@20: 0.1308    recall@40: 0.1835    ndcg@10: 0.0696    ndcg@20: 0.0832    ndcg@40: 0.0980    precision@10: 0.0311    precision@20: 0.0235    precision@40: 0.0169    
Tue 29 Oct 2024 15:28:55 INFO epoch 94 training [time: 135.28s, train loss: 1.4527]
Tue 29 Oct 2024 15:29:05 INFO epoch 94 evaluating [time: 5.07s, valid_score: 0.130200]
Tue 29 Oct 2024 15:29:05 INFO valid result: 
recall@10: 0.0888    recall@20: 0.1302    recall@40: 0.1837    ndcg@10: 0.0698    ndcg@20: 0.0831    ndcg@40: 0.0981    precision@10: 0.0311    precision@20: 0.0234    precision@40: 0.0169    
Tue 29 Oct 2024 15:29:05 INFO test result: 
recall@10: 0.0888    recall@20: 0.1302    recall@40: 0.1837    ndcg@10: 0.0698    ndcg@20: 0.0831    ndcg@40: 0.0981    precision@10: 0.0311    precision@20: 0.0234    precision@40: 0.0169    
Tue 29 Oct 2024 15:31:20 INFO epoch 95 training [time: 135.35s, train loss: 1.4551]
Tue 29 Oct 2024 15:31:30 INFO epoch 95 evaluating [time: 4.85s, valid_score: 0.129300]
Tue 29 Oct 2024 15:31:30 INFO valid result: 
recall@10: 0.0882    recall@20: 0.1293    recall@40: 0.1834    ndcg@10: 0.0692    ndcg@20: 0.0826    ndcg@40: 0.0977    precision@10: 0.0308    precision@20: 0.0233    precision@40: 0.0169    
Tue 29 Oct 2024 15:31:30 INFO test result: 
recall@10: 0.0882    recall@20: 0.1293    recall@40: 0.1834    ndcg@10: 0.0692    ndcg@20: 0.0826    ndcg@40: 0.0977    precision@10: 0.0308    precision@20: 0.0233    precision@40: 0.0169    
Tue 29 Oct 2024 15:33:45 INFO epoch 96 training [time: 135.40s, train loss: 1.4347]
Tue 29 Oct 2024 15:33:55 INFO epoch 96 evaluating [time: 5.01s, valid_score: 0.129300]
Tue 29 Oct 2024 15:33:55 INFO valid result: 
recall@10: 0.0878    recall@20: 0.1293    recall@40: 0.1831    ndcg@10: 0.0693    ndcg@20: 0.0827    ndcg@40: 0.0977    precision@10: 0.0308    precision@20: 0.0232    precision@40: 0.0169    
Tue 29 Oct 2024 15:33:55 INFO test result: 
recall@10: 0.0878    recall@20: 0.1293    recall@40: 0.1831    ndcg@10: 0.0693    ndcg@20: 0.0827    ndcg@40: 0.0977    precision@10: 0.0308    precision@20: 0.0232    precision@40: 0.0169    
Tue 29 Oct 2024 15:36:11 INFO epoch 97 training [time: 136.53s, train loss: 1.5164]
Tue 29 Oct 2024 15:36:21 INFO epoch 97 evaluating [time: 4.98s, valid_score: 0.129600]
Tue 29 Oct 2024 15:36:21 INFO valid result: 
recall@10: 0.0875    recall@20: 0.1296    recall@40: 0.1828    ndcg@10: 0.0693    ndcg@20: 0.0829    ndcg@40: 0.0978    precision@10: 0.0307    precision@20: 0.0233    precision@40: 0.0169    
Tue 29 Oct 2024 15:36:21 INFO test result: 
recall@10: 0.0875    recall@20: 0.1296    recall@40: 0.1828    ndcg@10: 0.0693    ndcg@20: 0.0829    ndcg@40: 0.0978    precision@10: 0.0307    precision@20: 0.0233    precision@40: 0.0169    
Tue 29 Oct 2024 15:38:37 INFO epoch 98 training [time: 135.75s, train loss: 1.4132]
Tue 29 Oct 2024 15:38:47 INFO epoch 98 evaluating [time: 5.13s, valid_score: 0.129100]
Tue 29 Oct 2024 15:38:47 INFO valid result: 
recall@10: 0.0882    recall@20: 0.1291    recall@40: 0.1823    ndcg@10: 0.0697    ndcg@20: 0.0828    ndcg@40: 0.0977    precision@10: 0.0309    precision@20: 0.0232    precision@40: 0.0168    
Tue 29 Oct 2024 15:38:47 INFO test result: 
recall@10: 0.0882    recall@20: 0.1291    recall@40: 0.1823    ndcg@10: 0.0697    ndcg@20: 0.0828    ndcg@40: 0.0977    precision@10: 0.0309    precision@20: 0.0232    precision@40: 0.0168    
Tue 29 Oct 2024 15:41:02 INFO epoch 99 training [time: 135.42s, train loss: 1.4209]
Tue 29 Oct 2024 15:41:12 INFO epoch 99 evaluating [time: 4.88s, valid_score: 0.129000]
Tue 29 Oct 2024 15:41:12 INFO valid result: 
recall@10: 0.0884    recall@20: 0.1290    recall@40: 0.1820    ndcg@10: 0.0697    ndcg@20: 0.0828    ndcg@40: 0.0976    precision@10: 0.0310    precision@20: 0.0233    precision@40: 0.0168    
Tue 29 Oct 2024 15:41:12 INFO test result: 
recall@10: 0.0884    recall@20: 0.1290    recall@40: 0.1820    ndcg@10: 0.0697    ndcg@20: 0.0828    ndcg@40: 0.0976    precision@10: 0.0310    precision@20: 0.0233    precision@40: 0.0168    
Tue 29 Oct 2024 15:43:27 INFO epoch 100 training [time: 135.64s, train loss: 1.3835]
Tue 29 Oct 2024 15:43:37 INFO epoch 100 evaluating [time: 4.79s, valid_score: 0.128700]
Tue 29 Oct 2024 15:43:37 INFO valid result: 
recall@10: 0.0881    recall@20: 0.1287    recall@40: 0.1822    ndcg@10: 0.0693    ndcg@20: 0.0824    ndcg@40: 0.0974    precision@10: 0.0309    precision@20: 0.0232    precision@40: 0.0168    
Tue 29 Oct 2024 15:43:37 INFO test result: 
recall@10: 0.0881    recall@20: 0.1287    recall@40: 0.1822    ndcg@10: 0.0693    ndcg@20: 0.0824    ndcg@40: 0.0974    precision@10: 0.0309    precision@20: 0.0232    precision@40: 0.0168    
Tue 29 Oct 2024 15:45:52 INFO epoch 101 training [time: 134.95s, train loss: 1.4073]
Tue 29 Oct 2024 15:46:02 INFO epoch 101 evaluating [time: 4.78s, valid_score: 0.128600]
Tue 29 Oct 2024 15:46:02 INFO valid result: 
recall@10: 0.0880    recall@20: 0.1286    recall@40: 0.1821    ndcg@10: 0.0691    ndcg@20: 0.0822    ndcg@40: 0.0972    precision@10: 0.0308    precision@20: 0.0231    precision@40: 0.0168    
Tue 29 Oct 2024 15:46:02 INFO test result: 
recall@10: 0.0880    recall@20: 0.1286    recall@40: 0.1821    ndcg@10: 0.0691    ndcg@20: 0.0822    ndcg@40: 0.0972    precision@10: 0.0308    precision@20: 0.0231    precision@40: 0.0168    
Tue 29 Oct 2024 15:48:17 INFO epoch 102 training [time: 135.81s, train loss: 1.4057]
Tue 29 Oct 2024 15:48:27 INFO epoch 102 evaluating [time: 4.95s, valid_score: 0.128600]
Tue 29 Oct 2024 15:48:27 INFO valid result: 
recall@10: 0.0882    recall@20: 0.1286    recall@40: 0.1819    ndcg@10: 0.0693    ndcg@20: 0.0824    ndcg@40: 0.0973    precision@10: 0.0308    precision@20: 0.0231    precision@40: 0.0167    
Tue 29 Oct 2024 15:48:27 INFO test result: 
recall@10: 0.0882    recall@20: 0.1286    recall@40: 0.1819    ndcg@10: 0.0693    ndcg@20: 0.0824    ndcg@40: 0.0973    precision@10: 0.0308    precision@20: 0.0231    precision@40: 0.0167    
Tue 29 Oct 2024 15:50:43 INFO epoch 103 training [time: 135.72s, train loss: 1.3362]
Tue 29 Oct 2024 15:50:53 INFO epoch 103 evaluating [time: 4.96s, valid_score: 0.128000]
Tue 29 Oct 2024 15:50:53 INFO valid result: 
recall@10: 0.0886    recall@20: 0.1280    recall@40: 0.1812    ndcg@10: 0.0693    ndcg@20: 0.0820    ndcg@40: 0.0969    precision@10: 0.0310    precision@20: 0.0231    precision@40: 0.0167    
Tue 29 Oct 2024 15:50:53 INFO test result: 
recall@10: 0.0886    recall@20: 0.1280    recall@40: 0.1812    ndcg@10: 0.0693    ndcg@20: 0.0820    ndcg@40: 0.0969    precision@10: 0.0310    precision@20: 0.0231    precision@40: 0.0167    
Tue 29 Oct 2024 15:50:53 INFO Finished training, best eval result in epoch 52
Tue 29 Oct 2024 15:50:53 INFO Loading model structure and parameters from saved/IMP_GCN-Oct-29-2024-11-27-20.pth
Tue 29 Oct 2024 15:50:58 INFO best valid result: recall@10: 0.0900    recall@20: 0.1345    recall@40: 0.1916    ndcg@10: 0.0694    ndcg@20: 0.0837    ndcg@40: 0.0997    precision@10: 0.0314    precision@20: 0.0240    precision@40: 0.0175    
Tue 29 Oct 2024 15:50:58 INFO test result: recall@10: 0.0886    recall@20: 0.1280    recall@40: 0.1812    ndcg@10: 0.0693    ndcg@20: 0.0820    ndcg@40: 0.0969    precision@10: 0.0310    precision@20: 0.0231    precision@40: 0.0167    
Tue 29 Oct 2024 15:50:58 INFO ████Current BEST████:
Parameters: ['seed', 'regs']=(2020, 0.0001),
Valid: recall@10: 0.0900    recall@20: 0.1345    recall@40: 0.1916    ndcg@10: 0.0694    ndcg@20: 0.0837    ndcg@40: 0.0997    precision@10: 0.0314    precision@20: 0.0240    precision@40: 0.0175    ,
Test: recall@10: 0.0886    recall@20: 0.1280    recall@40: 0.1812    ndcg@10: 0.0693    ndcg@20: 0.0820    ndcg@40: 0.0969    precision@10: 0.0310    precision@20: 0.0231    precision@40: 0.0167    



Tue 29 Oct 2024 15:50:58 INFO 
============All Over=====================
Tue 29 Oct 2024 15:50:58 INFO Parameters: ['seed', 'regs']=(2020, 0.0001),
 best valid: recall@10: 0.0900    recall@20: 0.1345    recall@40: 0.1916    ndcg@10: 0.0694    ndcg@20: 0.0837    ndcg@40: 0.0997    precision@10: 0.0314    precision@20: 0.0240    precision@40: 0.0175    ,
 best test: recall@10: 0.0886    recall@20: 0.1280    recall@40: 0.1812    ndcg@10: 0.0693    ndcg@20: 0.0820    ndcg@40: 0.0969    precision@10: 0.0310    precision@20: 0.0231    precision@40: 0.0167    
Tue 29 Oct 2024 15:50:58 INFO 

█████████████ BEST ████████████████
Tue 29 Oct 2024 15:50:58 INFO 	Parameters: ['seed', 'regs']=(2020, 0.0001),
Valid: recall@10: 0.0900    recall@20: 0.1345    recall@40: 0.1916    ndcg@10: 0.0694    ndcg@20: 0.0837    ndcg@40: 0.0997    precision@10: 0.0314    precision@20: 0.0240    precision@40: 0.0175    ,
Test: recall@10: 0.0886    recall@20: 0.1280    recall@40: 0.1812    ndcg@10: 0.0693    ndcg@20: 0.0820    ndcg@40: 0.0969    precision@10: 0.0310    precision@20: 0.0231    precision@40: 0.0167    


